2020-12-13 18:13:21 |INFO  |restartedMain |StartupInfoLogger.java:55 |com.woniu.springboot.portals.SpringbootK15PortalsApplication |Starting SpringbootK15PortalsApplication using Java 1.8.0_45 on DESKTOP-MPPORRH with PID 11944 (D:\ideaprojects\springboot_k15\springboot_k15_portals\target\classes started by xiakai in D:\ideaprojects\springboot_k15)
2020-12-13 18:13:21 |INFO  |restartedMain |SpringApplication.java:664 |com.woniu.springboot.portals.SpringbootK15PortalsApplication |The following profiles are active: dev
2020-12-13 18:13:22 |INFO  |restartedMain |DeferredLog.java:255 |org.springframework.boot.devtools.env.DevToolsPropertyDefaultsPostProcessor |Devtools property defaults active! Set 'spring.devtools.add-properties' to 'false' to disable
2020-12-13 18:13:22 |INFO  |restartedMain |DeferredLog.java:255 |org.springframework.boot.devtools.env.DevToolsPropertyDefaultsPostProcessor |For additional web related logging consider setting the 'logging.level.web' property to 'DEBUG'
2020-12-13 18:13:26 |INFO  |restartedMain |TomcatWebServer.java:108 |org.springframework.boot.web.embedded.tomcat.TomcatWebServer |Tomcat initialized with port(s): 8081 (http)
2020-12-13 18:13:26 |INFO  |restartedMain |DirectJDKLog.java:173 |org.apache.coyote.http11.Http11NioProtocol |Initializing ProtocolHandler ["http-nio-8081"]
2020-12-13 18:13:26 |INFO  |restartedMain |DirectJDKLog.java:173 |org.apache.catalina.core.StandardService |Starting service [Tomcat]
2020-12-13 18:13:26 |INFO  |restartedMain |DirectJDKLog.java:173 |org.apache.catalina.core.StandardEngine |Starting Servlet engine: [Apache Tomcat/9.0.39]
2020-12-13 18:13:26 |INFO  |restartedMain |DirectJDKLog.java:173 |org.apache.catalina.core.ContainerBase.[Tomcat].[localhost].[/] |Initializing Spring embedded WebApplicationContext
2020-12-13 18:13:26 |INFO  |restartedMain |ServletWebServerApplicationContext.java:289 |org.springframework.boot.web.servlet.context.ServletWebServerApplicationContext |Root WebApplicationContext: initialization completed in 4371 ms
2020-12-13 18:13:28 |INFO  |restartedMain |PropertySourcedRequestMappingHandlerMapping.java:69 |springfox.documentation.spring.web.PropertySourcedRequestMappingHandlerMapping |Mapped URL path [/v2/api-docs] onto method [springfox.documentation.swagger2.web.Swagger2Controller#getDocumentation(String, HttpServletRequest)]
2020-12-13 18:13:28 |INFO  |restartedMain |ExecutorConfigurationSupport.java:181 |org.springframework.scheduling.concurrent.ThreadPoolTaskExecutor |Initializing ExecutorService 'applicationTaskExecutor'
2020-12-13 18:13:28 |INFO  |restartedMain |OptionalLiveReloadServer.java:58 |org.springframework.boot.devtools.autoconfigure.OptionalLiveReloadServer |LiveReload server is running on port 35729
2020-12-13 18:13:28 |INFO  |restartedMain |DirectJDKLog.java:173 |org.apache.coyote.http11.Http11NioProtocol |Starting ProtocolHandler ["http-nio-8081"]
2020-12-13 18:13:28 |INFO  |restartedMain |TomcatWebServer.java:220 |org.springframework.boot.web.embedded.tomcat.TomcatWebServer |Tomcat started on port(s): 8081 (http) with context path ''
2020-12-13 18:13:28 |INFO  |restartedMain |DocumentationPluginsBootstrapper.java:160 |springfox.documentation.spring.web.plugins.DocumentationPluginsBootstrapper |Context refreshed
2020-12-13 18:13:28 |INFO  |restartedMain |DocumentationPluginsBootstrapper.java:163 |springfox.documentation.spring.web.plugins.DocumentationPluginsBootstrapper |Found 1 custom documentation plugin(s)
2020-12-13 18:13:29 |INFO  |restartedMain |ApiListingReferenceScanner.java:41 |springfox.documentation.spring.web.scanners.ApiListingReferenceScanner |Scanning for api listing references
2020-12-13 18:13:29 |INFO  |restartedMain |StartupInfoLogger.java:61 |com.woniu.springboot.portals.SpringbootK15PortalsApplication |Started SpringbootK15PortalsApplication in 8.682 seconds (JVM running for 13.217)
2020-12-13 18:14:30 |INFO  |Thread-21 |ExecutorConfigurationSupport.java:218 |org.springframework.scheduling.concurrent.ThreadPoolTaskExecutor |Shutting down ExecutorService 'applicationTaskExecutor'
2020-12-13 18:14:30 |INFO  |Thread-21 |DruidDataSource.java:2024 |com.alibaba.druid.pool.DruidDataSource |{dataSource-0} closing ...
2020-12-13 18:14:30 |INFO  |restartedMain |StartupInfoLogger.java:55 |com.woniu.springboot.portals.SpringbootK15PortalsApplication |Starting SpringbootK15PortalsApplication using Java 1.8.0_45 on DESKTOP-MPPORRH with PID 11944 (D:\ideaprojects\springboot_k15\springboot_k15_portals\target\classes started by xiakai in D:\ideaprojects\springboot_k15)
2020-12-13 18:14:30 |INFO  |restartedMain |SpringApplication.java:664 |com.woniu.springboot.portals.SpringbootK15PortalsApplication |The following profiles are active: dev
2020-12-13 18:14:32 |INFO  |restartedMain |TomcatWebServer.java:108 |org.springframework.boot.web.embedded.tomcat.TomcatWebServer |Tomcat initialized with port(s): 8081 (http)
2020-12-13 18:14:32 |INFO  |restartedMain |DirectJDKLog.java:173 |org.apache.coyote.http11.Http11NioProtocol |Initializing ProtocolHandler ["http-nio-8081"]
2020-12-13 18:14:32 |INFO  |restartedMain |DirectJDKLog.java:173 |org.apache.catalina.core.StandardService |Starting service [Tomcat]
2020-12-13 18:14:32 |INFO  |restartedMain |DirectJDKLog.java:173 |org.apache.catalina.core.StandardEngine |Starting Servlet engine: [Apache Tomcat/9.0.39]
2020-12-13 18:14:32 |INFO  |restartedMain |DirectJDKLog.java:173 |org.apache.catalina.core.ContainerBase.[Tomcat].[localhost].[/] |Initializing Spring embedded WebApplicationContext
2020-12-13 18:14:32 |INFO  |restartedMain |ServletWebServerApplicationContext.java:289 |org.springframework.boot.web.servlet.context.ServletWebServerApplicationContext |Root WebApplicationContext: initialization completed in 1441 ms
2020-12-13 18:14:32 |INFO  |restartedMain |PropertySourcedRequestMappingHandlerMapping.java:69 |springfox.documentation.spring.web.PropertySourcedRequestMappingHandlerMapping |Mapped URL path [/v2/api-docs] onto method [springfox.documentation.swagger2.web.Swagger2Controller#getDocumentation(String, HttpServletRequest)]
2020-12-13 18:14:32 |INFO  |restartedMain |ExecutorConfigurationSupport.java:181 |org.springframework.scheduling.concurrent.ThreadPoolTaskExecutor |Initializing ExecutorService 'applicationTaskExecutor'
2020-12-13 18:14:32 |INFO  |restartedMain |OptionalLiveReloadServer.java:58 |org.springframework.boot.devtools.autoconfigure.OptionalLiveReloadServer |LiveReload server is running on port 35729
2020-12-13 18:14:32 |INFO  |restartedMain |DirectJDKLog.java:173 |org.apache.coyote.http11.Http11NioProtocol |Starting ProtocolHandler ["http-nio-8081"]
2020-12-13 18:14:33 |INFO  |restartedMain |TomcatWebServer.java:220 |org.springframework.boot.web.embedded.tomcat.TomcatWebServer |Tomcat started on port(s): 8081 (http) with context path ''
2020-12-13 18:14:33 |INFO  |restartedMain |DocumentationPluginsBootstrapper.java:160 |springfox.documentation.spring.web.plugins.DocumentationPluginsBootstrapper |Context refreshed
2020-12-13 18:14:33 |INFO  |restartedMain |DocumentationPluginsBootstrapper.java:163 |springfox.documentation.spring.web.plugins.DocumentationPluginsBootstrapper |Found 1 custom documentation plugin(s)
2020-12-13 18:14:33 |INFO  |restartedMain |ApiListingReferenceScanner.java:41 |springfox.documentation.spring.web.scanners.ApiListingReferenceScanner |Scanning for api listing references
2020-12-13 18:14:33 |INFO  |restartedMain |StartupInfoLogger.java:61 |com.woniu.springboot.portals.SpringbootK15PortalsApplication |Started SpringbootK15PortalsApplication in 2.512 seconds (JVM running for 77.041)
2020-12-13 18:14:33 |INFO  |restartedMain |ConditionEvaluationDeltaLoggingListener.java:63 |org.springframework.boot.devtools.autoconfigure.ConditionEvaluationDeltaLoggingListener |Condition evaluation unchanged
2020-12-13 18:17:16 |INFO  |Thread-31 |ExecutorConfigurationSupport.java:218 |org.springframework.scheduling.concurrent.ThreadPoolTaskExecutor |Shutting down ExecutorService 'applicationTaskExecutor'
2020-12-13 18:17:16 |INFO  |Thread-31 |DruidDataSource.java:2024 |com.alibaba.druid.pool.DruidDataSource |{dataSource-0} closing ...
2020-12-13 18:17:16 |INFO  |restartedMain |StartupInfoLogger.java:55 |com.woniu.springboot.portals.SpringbootK15PortalsApplication |Starting SpringbootK15PortalsApplication using Java 1.8.0_45 on DESKTOP-MPPORRH with PID 11944 (D:\ideaprojects\springboot_k15\springboot_k15_portals\target\classes started by xiakai in D:\ideaprojects\springboot_k15)
2020-12-13 18:17:16 |INFO  |restartedMain |SpringApplication.java:664 |com.woniu.springboot.portals.SpringbootK15PortalsApplication |The following profiles are active: dev
2020-12-13 18:17:18 |INFO  |restartedMain |TomcatWebServer.java:108 |org.springframework.boot.web.embedded.tomcat.TomcatWebServer |Tomcat initialized with port(s): 8081 (http)
2020-12-13 18:17:18 |INFO  |restartedMain |DirectJDKLog.java:173 |org.apache.coyote.http11.Http11NioProtocol |Initializing ProtocolHandler ["http-nio-8081"]
2020-12-13 18:17:18 |INFO  |restartedMain |DirectJDKLog.java:173 |org.apache.catalina.core.StandardService |Starting service [Tomcat]
2020-12-13 18:17:18 |INFO  |restartedMain |DirectJDKLog.java:173 |org.apache.catalina.core.StandardEngine |Starting Servlet engine: [Apache Tomcat/9.0.39]
2020-12-13 18:17:18 |INFO  |restartedMain |DirectJDKLog.java:173 |org.apache.catalina.core.ContainerBase.[Tomcat].[localhost].[/] |Initializing Spring embedded WebApplicationContext
2020-12-13 18:17:18 |INFO  |restartedMain |ServletWebServerApplicationContext.java:289 |org.springframework.boot.web.servlet.context.ServletWebServerApplicationContext |Root WebApplicationContext: initialization completed in 1381 ms
2020-12-13 18:17:18 |INFO  |restartedMain |PropertySourcedRequestMappingHandlerMapping.java:69 |springfox.documentation.spring.web.PropertySourcedRequestMappingHandlerMapping |Mapped URL path [/v2/api-docs] onto method [springfox.documentation.swagger2.web.Swagger2Controller#getDocumentation(String, HttpServletRequest)]
2020-12-13 18:17:18 |INFO  |restartedMain |ExecutorConfigurationSupport.java:181 |org.springframework.scheduling.concurrent.ThreadPoolTaskExecutor |Initializing ExecutorService 'applicationTaskExecutor'
2020-12-13 18:17:18 |INFO  |restartedMain |OptionalLiveReloadServer.java:58 |org.springframework.boot.devtools.autoconfigure.OptionalLiveReloadServer |LiveReload server is running on port 35729
2020-12-13 18:17:18 |INFO  |restartedMain |DirectJDKLog.java:173 |org.apache.coyote.http11.Http11NioProtocol |Starting ProtocolHandler ["http-nio-8081"]
2020-12-13 18:17:18 |INFO  |restartedMain |TomcatWebServer.java:220 |org.springframework.boot.web.embedded.tomcat.TomcatWebServer |Tomcat started on port(s): 8081 (http) with context path ''
2020-12-13 18:17:18 |INFO  |restartedMain |DocumentationPluginsBootstrapper.java:160 |springfox.documentation.spring.web.plugins.DocumentationPluginsBootstrapper |Context refreshed
2020-12-13 18:17:18 |INFO  |restartedMain |DocumentationPluginsBootstrapper.java:163 |springfox.documentation.spring.web.plugins.DocumentationPluginsBootstrapper |Found 1 custom documentation plugin(s)
2020-12-13 18:17:18 |INFO  |restartedMain |ApiListingReferenceScanner.java:41 |springfox.documentation.spring.web.scanners.ApiListingReferenceScanner |Scanning for api listing references
2020-12-13 18:17:18 |INFO  |restartedMain |StartupInfoLogger.java:61 |com.woniu.springboot.portals.SpringbootK15PortalsApplication |Started SpringbootK15PortalsApplication in 2.276 seconds (JVM running for 242.741)
2020-12-13 18:17:18 |INFO  |restartedMain |ConditionEvaluationDeltaLoggingListener.java:63 |org.springframework.boot.devtools.autoconfigure.ConditionEvaluationDeltaLoggingListener |Condition evaluation unchanged
2020-12-13 18:17:53 |INFO  |http-nio-8081-exec-3 |DirectJDKLog.java:173 |org.apache.catalina.core.ContainerBase.[Tomcat].[localhost].[/] |Initializing Spring DispatcherServlet 'dispatcherServlet'
2020-12-13 18:17:53 |INFO  |http-nio-8081-exec-3 |FrameworkServlet.java:525 |org.springframework.web.servlet.DispatcherServlet |Initializing Servlet 'dispatcherServlet'
2020-12-13 18:17:53 |INFO  |http-nio-8081-exec-3 |FrameworkServlet.java:547 |org.springframework.web.servlet.DispatcherServlet |Completed initialization in 2 ms
2020-12-13 18:17:53 |INFO  |http-nio-8081-exec-1 |LoginController.java:41 |com.woniu.springboot.portals.controller.LoginController |获取登录用户信息时的sessionId值：D219327C7F4D00706AE904995C29ED72
2020-12-13 18:17:54 |INFO  |http-nio-8081-exec-3 |DruidDataSource.java:983 |com.alibaba.druid.pool.DruidDataSource |{dataSource-1} inited
2020-12-13 18:18:06 |INFO  |http-nio-8081-exec-10 |LoginController.java:41 |com.woniu.springboot.portals.controller.LoginController |获取登录用户信息时的sessionId值：512F04C4516220690DAB97F88A24621F
2020-12-13 18:18:42 |INFO  |http-nio-8081-exec-4 |LoginController.java:41 |com.woniu.springboot.portals.controller.LoginController |获取登录用户信息时的sessionId值：066DF3BF71C414B9F43B9AFA10642BEA
2020-12-13 19:26:56 |INFO  |main |StartupInfoLogger.java:55 |com.woniu.springboot.admin.SpringbootK15AdminApplicationTests |Starting SpringbootK15AdminApplicationTests using Java 1.8.0_45 on DESKTOP-MPPORRH with PID 21956 (started by xiakai in D:\ideaprojects\springboot_k15\springboot_k15_admin)
2020-12-13 19:26:56 |INFO  |main |SpringApplication.java:664 |com.woniu.springboot.admin.SpringbootK15AdminApplicationTests |The following profiles are active: dev
2020-12-13 19:27:00 |INFO  |main |PostProcessorRegistrationDelegate.java:350 |org.springframework.context.support.PostProcessorRegistrationDelegate$BeanPostProcessorChecker |Bean 'shiroAutoJavaConfig' of type [com.woniu.springboot.admin.config.ShiroAutoJavaConfig$$EnhancerBySpringCGLIB$$d42e5d5d] is not eligible for getting processed by all BeanPostProcessors (for example: not eligible for auto-proxying)
2020-12-13 19:27:00 |INFO  |main |PostProcessorRegistrationDelegate.java:350 |org.springframework.context.support.PostProcessorRegistrationDelegate$BeanPostProcessorChecker |Bean 'credentialsMatcher' of type [org.apache.shiro.authc.credential.HashedCredentialsMatcher] is not eligible for getting processed by all BeanPostProcessors (for example: not eligible for auto-proxying)
2020-12-13 19:27:00 |INFO  |main |PostProcessorRegistrationDelegate.java:350 |org.springframework.context.support.PostProcessorRegistrationDelegate$BeanPostProcessorChecker |Bean 'mybatis-org.mybatis.spring.boot.autoconfigure.MybatisProperties' of type [org.mybatis.spring.boot.autoconfigure.MybatisProperties] is not eligible for getting processed by all BeanPostProcessors (for example: not eligible for auto-proxying)
2020-12-13 19:27:00 |INFO  |main |PostProcessorRegistrationDelegate.java:350 |org.springframework.context.support.PostProcessorRegistrationDelegate$BeanPostProcessorChecker |Bean 'org.mybatis.spring.boot.autoconfigure.MybatisAutoConfiguration' of type [org.mybatis.spring.boot.autoconfigure.MybatisAutoConfiguration$$EnhancerBySpringCGLIB$$1449eb3b] is not eligible for getting processed by all BeanPostProcessors (for example: not eligible for auto-proxying)
2020-12-13 19:27:00 |INFO  |main |PostProcessorRegistrationDelegate.java:350 |org.springframework.context.support.PostProcessorRegistrationDelegate$BeanPostProcessorChecker |Bean 'druidJavaConfig' of type [com.woniu.springboot.admin.config.DruidJavaConfig$$EnhancerBySpringCGLIB$$1be9d35f] is not eligible for getting processed by all BeanPostProcessors (for example: not eligible for auto-proxying)
2020-12-13 19:27:00 |INFO  |main |PostProcessorRegistrationDelegate.java:350 |org.springframework.context.support.PostProcessorRegistrationDelegate$BeanPostProcessorChecker |Bean 'getDruidDataSource' of type [com.alibaba.druid.pool.DruidDataSource] is not eligible for getting processed by all BeanPostProcessors (for example: not eligible for auto-proxying)
2020-12-13 19:27:00 |INFO  |main |PostProcessorRegistrationDelegate.java:350 |org.springframework.context.support.PostProcessorRegistrationDelegate$BeanPostProcessorChecker |Bean 'spring.datasource-org.springframework.boot.autoconfigure.jdbc.DataSourceProperties' of type [org.springframework.boot.autoconfigure.jdbc.DataSourceProperties] is not eligible for getting processed by all BeanPostProcessors (for example: not eligible for auto-proxying)
2020-12-13 19:27:00 |INFO  |main |PostProcessorRegistrationDelegate.java:350 |org.springframework.context.support.PostProcessorRegistrationDelegate$BeanPostProcessorChecker |Bean 'org.springframework.boot.autoconfigure.jdbc.DataSourceInitializerInvoker' of type [org.springframework.boot.autoconfigure.jdbc.DataSourceInitializerInvoker] is not eligible for getting processed by all BeanPostProcessors (for example: not eligible for auto-proxying)
2020-12-13 19:27:01 |INFO  |main |PostProcessorRegistrationDelegate.java:350 |org.springframework.context.support.PostProcessorRegistrationDelegate$BeanPostProcessorChecker |Bean 'sqlSessionFactory' of type [org.apache.ibatis.session.defaults.DefaultSqlSessionFactory] is not eligible for getting processed by all BeanPostProcessors (for example: not eligible for auto-proxying)
2020-12-13 19:27:01 |INFO  |main |PostProcessorRegistrationDelegate.java:350 |org.springframework.context.support.PostProcessorRegistrationDelegate$BeanPostProcessorChecker |Bean 'sqlSessionTemplate' of type [org.mybatis.spring.SqlSessionTemplate] is not eligible for getting processed by all BeanPostProcessors (for example: not eligible for auto-proxying)
2020-12-13 19:27:01 |INFO  |main |PostProcessorRegistrationDelegate.java:350 |org.springframework.context.support.PostProcessorRegistrationDelegate$BeanPostProcessorChecker |Bean 'userMapper' of type [org.mybatis.spring.mapper.MapperFactoryBean] is not eligible for getting processed by all BeanPostProcessors (for example: not eligible for auto-proxying)
2020-12-13 19:27:01 |INFO  |main |PostProcessorRegistrationDelegate.java:350 |org.springframework.context.support.PostProcessorRegistrationDelegate$BeanPostProcessorChecker |Bean 'userMapper' of type [com.sun.proxy.$Proxy79] is not eligible for getting processed by all BeanPostProcessors (for example: not eligible for auto-proxying)
2020-12-13 19:27:01 |INFO  |main |PostProcessorRegistrationDelegate.java:350 |org.springframework.context.support.PostProcessorRegistrationDelegate$BeanPostProcessorChecker |Bean 'userServiceImpl' of type [com.woniu.springboot.admin.service.impl.UserServiceImpl] is not eligible for getting processed by all BeanPostProcessors (for example: not eligible for auto-proxying)
2020-12-13 19:27:02 |INFO  |main |PostProcessorRegistrationDelegate.java:350 |org.springframework.context.support.PostProcessorRegistrationDelegate$BeanPostProcessorChecker |Bean 'roleMapper' of type [org.mybatis.spring.mapper.MapperFactoryBean] is not eligible for getting processed by all BeanPostProcessors (for example: not eligible for auto-proxying)
2020-12-13 19:27:02 |INFO  |main |PostProcessorRegistrationDelegate.java:350 |org.springframework.context.support.PostProcessorRegistrationDelegate$BeanPostProcessorChecker |Bean 'roleMapper' of type [com.sun.proxy.$Proxy80] is not eligible for getting processed by all BeanPostProcessors (for example: not eligible for auto-proxying)
2020-12-13 19:27:02 |INFO  |main |PostProcessorRegistrationDelegate.java:350 |org.springframework.context.support.PostProcessorRegistrationDelegate$BeanPostProcessorChecker |Bean 'roleServiceImpl' of type [com.woniu.springboot.admin.service.impl.RoleServiceImpl] is not eligible for getting processed by all BeanPostProcessors (for example: not eligible for auto-proxying)
2020-12-13 19:27:02 |INFO  |main |PostProcessorRegistrationDelegate.java:350 |org.springframework.context.support.PostProcessorRegistrationDelegate$BeanPostProcessorChecker |Bean 'permissionMapper' of type [org.mybatis.spring.mapper.MapperFactoryBean] is not eligible for getting processed by all BeanPostProcessors (for example: not eligible for auto-proxying)
2020-12-13 19:27:02 |INFO  |main |PostProcessorRegistrationDelegate.java:350 |org.springframework.context.support.PostProcessorRegistrationDelegate$BeanPostProcessorChecker |Bean 'permissionMapper' of type [com.sun.proxy.$Proxy81] is not eligible for getting processed by all BeanPostProcessors (for example: not eligible for auto-proxying)
2020-12-13 19:27:02 |INFO  |main |PostProcessorRegistrationDelegate.java:350 |org.springframework.context.support.PostProcessorRegistrationDelegate$BeanPostProcessorChecker |Bean 'permissionServiceImpl' of type [com.woniu.springboot.admin.service.impl.PermissionServiceImpl] is not eligible for getting processed by all BeanPostProcessors (for example: not eligible for auto-proxying)
2020-12-13 19:27:02 |INFO  |main |PostProcessorRegistrationDelegate.java:350 |org.springframework.context.support.PostProcessorRegistrationDelegate$BeanPostProcessorChecker |Bean 'userRealm' of type [com.woniu.springboot.admin.realm.UserRealm] is not eligible for getting processed by all BeanPostProcessors (for example: not eligible for auto-proxying)
2020-12-13 19:27:02 |INFO  |main |PostProcessorRegistrationDelegate.java:350 |org.springframework.context.support.PostProcessorRegistrationDelegate$BeanPostProcessorChecker |Bean 'ehCacheManager' of type [org.apache.shiro.cache.ehcache.EhCacheManager] is not eligible for getting processed by all BeanPostProcessors (for example: not eligible for auto-proxying)
2020-12-13 19:27:02 |INFO  |main |PostProcessorRegistrationDelegate.java:350 |org.springframework.context.support.PostProcessorRegistrationDelegate$BeanPostProcessorChecker |Bean 'rememberMeCookie' of type [org.apache.shiro.web.servlet.SimpleCookie] is not eligible for getting processed by all BeanPostProcessors (for example: not eligible for auto-proxying)
2020-12-13 19:27:13 |INFO  |main |PostProcessorRegistrationDelegate.java:350 |org.springframework.context.support.PostProcessorRegistrationDelegate$BeanPostProcessorChecker |Bean 'rememberMeManager' of type [org.apache.shiro.web.mgt.CookieRememberMeManager] is not eligible for getting processed by all BeanPostProcessors (for example: not eligible for auto-proxying)
2020-12-13 19:27:13 |INFO  |main |EhCacheManager.java:159 |org.apache.shiro.cache.ehcache.EhCacheManager |Cache with name 'com.woniu.springboot.admin.realm.UserRealm.authorizationCache' does not yet exist.  Creating now.
2020-12-13 19:27:13 |INFO  |main |EhCacheManager.java:166 |org.apache.shiro.cache.ehcache.EhCacheManager |Added EhCache named [com.woniu.springboot.admin.realm.UserRealm.authorizationCache]
2020-12-13 19:27:13 |INFO  |main |PostProcessorRegistrationDelegate.java:350 |org.springframework.context.support.PostProcessorRegistrationDelegate$BeanPostProcessorChecker |Bean 'securityManager' of type [org.apache.shiro.web.mgt.DefaultWebSecurityManager] is not eligible for getting processed by all BeanPostProcessors (for example: not eligible for auto-proxying)
2020-12-13 19:27:16 |INFO  |main |PropertySourcedRequestMappingHandlerMapping.java:69 |springfox.documentation.spring.web.PropertySourcedRequestMappingHandlerMapping |Mapped URL path [/v2/api-docs] onto method [springfox.documentation.swagger2.web.Swagger2Controller#getDocumentation(String, HttpServletRequest)]
2020-12-13 19:27:16 |INFO  |main |ExecutorConfigurationSupport.java:181 |org.springframework.scheduling.concurrent.ThreadPoolTaskExecutor |Initializing ExecutorService 'applicationTaskExecutor'
2020-12-13 19:27:16 |INFO  |main |WelcomePageHandlerMapping.java:58 |org.springframework.boot.autoconfigure.web.servlet.WelcomePageHandlerMapping |Adding welcome page template: index
2020-12-13 19:27:18 |INFO  |main |DocumentationPluginsBootstrapper.java:160 |springfox.documentation.spring.web.plugins.DocumentationPluginsBootstrapper |Context refreshed
2020-12-13 19:27:18 |INFO  |main |DocumentationPluginsBootstrapper.java:163 |springfox.documentation.spring.web.plugins.DocumentationPluginsBootstrapper |Found 1 custom documentation plugin(s)
2020-12-13 19:27:18 |INFO  |main |ApiListingReferenceScanner.java:41 |springfox.documentation.spring.web.scanners.ApiListingReferenceScanner |Scanning for api listing references
2020-12-13 19:27:19 |INFO  |main |StartupInfoLogger.java:61 |com.woniu.springboot.admin.SpringbootK15AdminApplicationTests |Started SpringbootK15AdminApplicationTests in 24.215 seconds (JVM running for 28.577)
2020-12-13 19:27:20 |INFO  |main |DruidDataSource.java:983 |com.alibaba.druid.pool.DruidDataSource |{dataSource-1} inited
2020-12-13 19:27:21 |INFO  |main |SpringbootK15AdminApplicationTests.java:43 |com.woniu.springboot.admin.SpringbootK15AdminApplicationTests |技术专员
2020-12-13 19:27:21 |INFO  |main |SpringbootK15AdminApplicationTests.java:36 |com.woniu.springboot.admin.SpringbootK15AdminApplicationTests |admin
2020-12-13 19:27:21 |INFO  |main |SpringbootK15AdminApplicationTests.java:50 |com.woniu.springboot.admin.SpringbootK15AdminApplicationTests |公务车调度系统
2020-12-13 19:27:21 |INFO  |main |SpringbootK15AdminApplicationTests.java:50 |com.woniu.springboot.admin.SpringbootK15AdminApplicationTests |系统设置
2020-12-13 19:27:21 |INFO  |main |SpringbootK15AdminApplicationTests.java:50 |com.woniu.springboot.admin.SpringbootK15AdminApplicationTests |用户管理
2020-12-13 19:27:21 |INFO  |main |SpringbootK15AdminApplicationTests.java:50 |com.woniu.springboot.admin.SpringbootK15AdminApplicationTests |角色管理
2020-12-13 19:27:21 |INFO  |main |SpringbootK15AdminApplicationTests.java:50 |com.woniu.springboot.admin.SpringbootK15AdminApplicationTests |统计报表
2020-12-13 19:27:21 |INFO  |main |SpringbootK15AdminApplicationTests.java:50 |com.woniu.springboot.admin.SpringbootK15AdminApplicationTests |基础数据
2020-12-13 19:27:21 |INFO  |main |SpringbootK15AdminApplicationTests.java:50 |com.woniu.springboot.admin.SpringbootK15AdminApplicationTests |车辆信息
2020-12-13 19:27:21 |INFO  |main |SpringbootK15AdminApplicationTests.java:50 |com.woniu.springboot.admin.SpringbootK15AdminApplicationTests |司机信息
2020-12-13 19:27:21 |INFO  |main |SpringbootK15AdminApplicationTests.java:50 |com.woniu.springboot.admin.SpringbootK15AdminApplicationTests |用户修改
2020-12-13 19:27:21 |INFO  |main |SpringbootK15AdminApplicationTests.java:50 |com.woniu.springboot.admin.SpringbootK15AdminApplicationTests |用户删除
2020-12-13 19:27:21 |INFO  |main |SpringbootK15AdminApplicationTests.java:50 |com.woniu.springboot.admin.SpringbootK15AdminApplicationTests |分配角色
2020-12-13 19:27:21 |INFO  |SpringContextShutdownHook |ExecutorConfigurationSupport.java:218 |org.springframework.scheduling.concurrent.ThreadPoolTaskExecutor |Shutting down ExecutorService 'applicationTaskExecutor'
2020-12-13 19:27:21 |INFO  |SpringContextShutdownHook |DruidDataSource.java:2024 |com.alibaba.druid.pool.DruidDataSource |{dataSource-1} closing ...
2020-12-13 19:27:21 |INFO  |SpringContextShutdownHook |DruidDataSource.java:2096 |com.alibaba.druid.pool.DruidDataSource |{dataSource-1} closed
2020-12-13 19:31:48 |INFO  |restartedMain |StartupInfoLogger.java:55 |com.woniu.springboot.admin.SpringbootK15AdminApplication |Starting SpringbootK15AdminApplication using Java 1.8.0_45 on DESKTOP-MPPORRH with PID 6480 (D:\ideaprojects\springboot_k15\springboot_k15_admin\target\classes started by xiakai in D:\ideaprojects\springboot_k15)
2020-12-13 19:31:48 |INFO  |restartedMain |SpringApplication.java:664 |com.woniu.springboot.admin.SpringbootK15AdminApplication |The following profiles are active: dev
2020-12-13 19:31:48 |INFO  |restartedMain |DeferredLog.java:255 |org.springframework.boot.devtools.env.DevToolsPropertyDefaultsPostProcessor |Devtools property defaults active! Set 'spring.devtools.add-properties' to 'false' to disable
2020-12-13 19:31:48 |INFO  |restartedMain |DeferredLog.java:255 |org.springframework.boot.devtools.env.DevToolsPropertyDefaultsPostProcessor |For additional web related logging consider setting the 'logging.level.web' property to 'DEBUG'
2020-12-13 19:31:49 |INFO  |restartedMain |PostProcessorRegistrationDelegate.java:350 |org.springframework.context.support.PostProcessorRegistrationDelegate$BeanPostProcessorChecker |Bean 'shiroAutoJavaConfig' of type [com.woniu.springboot.admin.config.ShiroAutoJavaConfig$$EnhancerBySpringCGLIB$$cc77e389] is not eligible for getting processed by all BeanPostProcessors (for example: not eligible for auto-proxying)
2020-12-13 19:31:49 |INFO  |restartedMain |PostProcessorRegistrationDelegate.java:350 |org.springframework.context.support.PostProcessorRegistrationDelegate$BeanPostProcessorChecker |Bean 'credentialsMatcher' of type [org.apache.shiro.authc.credential.HashedCredentialsMatcher] is not eligible for getting processed by all BeanPostProcessors (for example: not eligible for auto-proxying)
2020-12-13 19:31:50 |INFO  |restartedMain |PostProcessorRegistrationDelegate.java:350 |org.springframework.context.support.PostProcessorRegistrationDelegate$BeanPostProcessorChecker |Bean 'mybatis-org.mybatis.spring.boot.autoconfigure.MybatisProperties' of type [org.mybatis.spring.boot.autoconfigure.MybatisProperties] is not eligible for getting processed by all BeanPostProcessors (for example: not eligible for auto-proxying)
2020-12-13 19:31:50 |INFO  |restartedMain |PostProcessorRegistrationDelegate.java:350 |org.springframework.context.support.PostProcessorRegistrationDelegate$BeanPostProcessorChecker |Bean 'org.mybatis.spring.boot.autoconfigure.MybatisAutoConfiguration' of type [org.mybatis.spring.boot.autoconfigure.MybatisAutoConfiguration$$EnhancerBySpringCGLIB$$c937167] is not eligible for getting processed by all BeanPostProcessors (for example: not eligible for auto-proxying)
2020-12-13 19:31:50 |INFO  |restartedMain |PostProcessorRegistrationDelegate.java:350 |org.springframework.context.support.PostProcessorRegistrationDelegate$BeanPostProcessorChecker |Bean 'druidJavaConfig' of type [com.woniu.springboot.admin.config.DruidJavaConfig$$EnhancerBySpringCGLIB$$1433598b] is not eligible for getting processed by all BeanPostProcessors (for example: not eligible for auto-proxying)
2020-12-13 19:31:50 |INFO  |restartedMain |PostProcessorRegistrationDelegate.java:350 |org.springframework.context.support.PostProcessorRegistrationDelegate$BeanPostProcessorChecker |Bean 'getDruidDataSource' of type [com.alibaba.druid.pool.DruidDataSource] is not eligible for getting processed by all BeanPostProcessors (for example: not eligible for auto-proxying)
2020-12-13 19:31:50 |INFO  |restartedMain |PostProcessorRegistrationDelegate.java:350 |org.springframework.context.support.PostProcessorRegistrationDelegate$BeanPostProcessorChecker |Bean 'spring.datasource-org.springframework.boot.autoconfigure.jdbc.DataSourceProperties' of type [org.springframework.boot.autoconfigure.jdbc.DataSourceProperties] is not eligible for getting processed by all BeanPostProcessors (for example: not eligible for auto-proxying)
2020-12-13 19:31:50 |INFO  |restartedMain |PostProcessorRegistrationDelegate.java:350 |org.springframework.context.support.PostProcessorRegistrationDelegate$BeanPostProcessorChecker |Bean 'org.springframework.boot.autoconfigure.jdbc.DataSourceInitializerInvoker' of type [org.springframework.boot.autoconfigure.jdbc.DataSourceInitializerInvoker] is not eligible for getting processed by all BeanPostProcessors (for example: not eligible for auto-proxying)
2020-12-13 19:31:50 |INFO  |restartedMain |PostProcessorRegistrationDelegate.java:350 |org.springframework.context.support.PostProcessorRegistrationDelegate$BeanPostProcessorChecker |Bean 'sqlSessionFactory' of type [org.apache.ibatis.session.defaults.DefaultSqlSessionFactory] is not eligible for getting processed by all BeanPostProcessors (for example: not eligible for auto-proxying)
2020-12-13 19:31:50 |INFO  |restartedMain |PostProcessorRegistrationDelegate.java:350 |org.springframework.context.support.PostProcessorRegistrationDelegate$BeanPostProcessorChecker |Bean 'sqlSessionTemplate' of type [org.mybatis.spring.SqlSessionTemplate] is not eligible for getting processed by all BeanPostProcessors (for example: not eligible for auto-proxying)
2020-12-13 19:31:50 |INFO  |restartedMain |PostProcessorRegistrationDelegate.java:350 |org.springframework.context.support.PostProcessorRegistrationDelegate$BeanPostProcessorChecker |Bean 'userMapper' of type [org.mybatis.spring.mapper.MapperFactoryBean] is not eligible for getting processed by all BeanPostProcessors (for example: not eligible for auto-proxying)
2020-12-13 19:31:50 |INFO  |restartedMain |PostProcessorRegistrationDelegate.java:350 |org.springframework.context.support.PostProcessorRegistrationDelegate$BeanPostProcessorChecker |Bean 'userMapper' of type [com.sun.proxy.$Proxy65] is not eligible for getting processed by all BeanPostProcessors (for example: not eligible for auto-proxying)
2020-12-13 19:31:50 |INFO  |restartedMain |PostProcessorRegistrationDelegate.java:350 |org.springframework.context.support.PostProcessorRegistrationDelegate$BeanPostProcessorChecker |Bean 'userServiceImpl' of type [com.woniu.springboot.admin.service.impl.UserServiceImpl] is not eligible for getting processed by all BeanPostProcessors (for example: not eligible for auto-proxying)
2020-12-13 19:31:50 |INFO  |restartedMain |PostProcessorRegistrationDelegate.java:350 |org.springframework.context.support.PostProcessorRegistrationDelegate$BeanPostProcessorChecker |Bean 'roleMapper' of type [org.mybatis.spring.mapper.MapperFactoryBean] is not eligible for getting processed by all BeanPostProcessors (for example: not eligible for auto-proxying)
2020-12-13 19:31:50 |INFO  |restartedMain |PostProcessorRegistrationDelegate.java:350 |org.springframework.context.support.PostProcessorRegistrationDelegate$BeanPostProcessorChecker |Bean 'roleMapper' of type [com.sun.proxy.$Proxy67] is not eligible for getting processed by all BeanPostProcessors (for example: not eligible for auto-proxying)
2020-12-13 19:31:50 |INFO  |restartedMain |PostProcessorRegistrationDelegate.java:350 |org.springframework.context.support.PostProcessorRegistrationDelegate$BeanPostProcessorChecker |Bean 'roleServiceImpl' of type [com.woniu.springboot.admin.service.impl.RoleServiceImpl] is not eligible for getting processed by all BeanPostProcessors (for example: not eligible for auto-proxying)
2020-12-13 19:31:50 |INFO  |restartedMain |PostProcessorRegistrationDelegate.java:350 |org.springframework.context.support.PostProcessorRegistrationDelegate$BeanPostProcessorChecker |Bean 'permissionMapper' of type [org.mybatis.spring.mapper.MapperFactoryBean] is not eligible for getting processed by all BeanPostProcessors (for example: not eligible for auto-proxying)
2020-12-13 19:31:50 |INFO  |restartedMain |PostProcessorRegistrationDelegate.java:350 |org.springframework.context.support.PostProcessorRegistrationDelegate$BeanPostProcessorChecker |Bean 'permissionMapper' of type [com.sun.proxy.$Proxy68] is not eligible for getting processed by all BeanPostProcessors (for example: not eligible for auto-proxying)
2020-12-13 19:31:50 |INFO  |restartedMain |PostProcessorRegistrationDelegate.java:350 |org.springframework.context.support.PostProcessorRegistrationDelegate$BeanPostProcessorChecker |Bean 'permissionServiceImpl' of type [com.woniu.springboot.admin.service.impl.PermissionServiceImpl] is not eligible for getting processed by all BeanPostProcessors (for example: not eligible for auto-proxying)
2020-12-13 19:31:50 |INFO  |restartedMain |PostProcessorRegistrationDelegate.java:350 |org.springframework.context.support.PostProcessorRegistrationDelegate$BeanPostProcessorChecker |Bean 'userRealm' of type [com.woniu.springboot.admin.realm.UserRealm] is not eligible for getting processed by all BeanPostProcessors (for example: not eligible for auto-proxying)
2020-12-13 19:31:50 |INFO  |restartedMain |PostProcessorRegistrationDelegate.java:350 |org.springframework.context.support.PostProcessorRegistrationDelegate$BeanPostProcessorChecker |Bean 'ehCacheManager' of type [org.apache.shiro.cache.ehcache.EhCacheManager] is not eligible for getting processed by all BeanPostProcessors (for example: not eligible for auto-proxying)
2020-12-13 19:31:50 |INFO  |restartedMain |PostProcessorRegistrationDelegate.java:350 |org.springframework.context.support.PostProcessorRegistrationDelegate$BeanPostProcessorChecker |Bean 'rememberMeCookie' of type [org.apache.shiro.web.servlet.SimpleCookie] is not eligible for getting processed by all BeanPostProcessors (for example: not eligible for auto-proxying)
2020-12-13 19:31:50 |INFO  |restartedMain |PostProcessorRegistrationDelegate.java:350 |org.springframework.context.support.PostProcessorRegistrationDelegate$BeanPostProcessorChecker |Bean 'rememberMeManager' of type [org.apache.shiro.web.mgt.CookieRememberMeManager] is not eligible for getting processed by all BeanPostProcessors (for example: not eligible for auto-proxying)
2020-12-13 19:31:50 |INFO  |restartedMain |EhCacheManager.java:159 |org.apache.shiro.cache.ehcache.EhCacheManager |Cache with name 'com.woniu.springboot.admin.realm.UserRealm.authorizationCache' does not yet exist.  Creating now.
2020-12-13 19:31:50 |INFO  |restartedMain |EhCacheManager.java:166 |org.apache.shiro.cache.ehcache.EhCacheManager |Added EhCache named [com.woniu.springboot.admin.realm.UserRealm.authorizationCache]
2020-12-13 19:31:50 |INFO  |restartedMain |PostProcessorRegistrationDelegate.java:350 |org.springframework.context.support.PostProcessorRegistrationDelegate$BeanPostProcessorChecker |Bean 'securityManager' of type [org.apache.shiro.web.mgt.DefaultWebSecurityManager] is not eligible for getting processed by all BeanPostProcessors (for example: not eligible for auto-proxying)
2020-12-13 19:31:51 |INFO  |restartedMain |TomcatWebServer.java:108 |org.springframework.boot.web.embedded.tomcat.TomcatWebServer |Tomcat initialized with port(s): 8080 (http)
2020-12-13 19:31:51 |INFO  |restartedMain |DirectJDKLog.java:173 |org.apache.coyote.http11.Http11NioProtocol |Initializing ProtocolHandler ["http-nio-8080"]
2020-12-13 19:31:51 |INFO  |restartedMain |DirectJDKLog.java:173 |org.apache.catalina.core.StandardService |Starting service [Tomcat]
2020-12-13 19:31:51 |INFO  |restartedMain |DirectJDKLog.java:173 |org.apache.catalina.core.StandardEngine |Starting Servlet engine: [Apache Tomcat/9.0.39]
2020-12-13 19:31:51 |INFO  |restartedMain |DirectJDKLog.java:173 |org.apache.catalina.core.ContainerBase.[Tomcat].[localhost].[/] |Initializing Spring embedded WebApplicationContext
2020-12-13 19:31:51 |INFO  |restartedMain |ServletWebServerApplicationContext.java:289 |org.springframework.boot.web.servlet.context.ServletWebServerApplicationContext |Root WebApplicationContext: initialization completed in 2949 ms
2020-12-13 19:31:52 |INFO  |restartedMain |PropertySourcedRequestMappingHandlerMapping.java:69 |springfox.documentation.spring.web.PropertySourcedRequestMappingHandlerMapping |Mapped URL path [/v2/api-docs] onto method [springfox.documentation.swagger2.web.Swagger2Controller#getDocumentation(String, HttpServletRequest)]
2020-12-13 19:31:52 |INFO  |restartedMain |ExecutorConfigurationSupport.java:181 |org.springframework.scheduling.concurrent.ThreadPoolTaskExecutor |Initializing ExecutorService 'applicationTaskExecutor'
2020-12-13 19:31:52 |INFO  |restartedMain |OptionalLiveReloadServer.java:58 |org.springframework.boot.devtools.autoconfigure.OptionalLiveReloadServer |LiveReload server is running on port 35729
2020-12-13 19:31:52 |INFO  |restartedMain |WelcomePageHandlerMapping.java:58 |org.springframework.boot.autoconfigure.web.servlet.WelcomePageHandlerMapping |Adding welcome page template: index
2020-12-13 19:31:52 |INFO  |restartedMain |DirectJDKLog.java:173 |org.apache.coyote.http11.Http11NioProtocol |Starting ProtocolHandler ["http-nio-8080"]
2020-12-13 19:31:52 |INFO  |restartedMain |TomcatWebServer.java:220 |org.springframework.boot.web.embedded.tomcat.TomcatWebServer |Tomcat started on port(s): 8080 (http) with context path ''
2020-12-13 19:31:52 |INFO  |restartedMain |DocumentationPluginsBootstrapper.java:160 |springfox.documentation.spring.web.plugins.DocumentationPluginsBootstrapper |Context refreshed
2020-12-13 19:31:52 |INFO  |restartedMain |DocumentationPluginsBootstrapper.java:163 |springfox.documentation.spring.web.plugins.DocumentationPluginsBootstrapper |Found 1 custom documentation plugin(s)
2020-12-13 19:31:52 |INFO  |restartedMain |ApiListingReferenceScanner.java:41 |springfox.documentation.spring.web.scanners.ApiListingReferenceScanner |Scanning for api listing references
2020-12-13 19:31:53 |INFO  |restartedMain |StartupInfoLogger.java:61 |com.woniu.springboot.admin.SpringbootK15AdminApplication |Started SpringbootK15AdminApplication in 6.402 seconds (JVM running for 7.92)
2020-12-13 19:32:09 |INFO  |http-nio-8080-exec-2 |DirectJDKLog.java:173 |org.apache.catalina.core.ContainerBase.[Tomcat].[localhost].[/] |Initializing Spring DispatcherServlet 'dispatcherServlet'
2020-12-13 19:32:09 |INFO  |http-nio-8080-exec-2 |FrameworkServlet.java:525 |org.springframework.web.servlet.DispatcherServlet |Initializing Servlet 'dispatcherServlet'
2020-12-13 19:32:09 |INFO  |http-nio-8080-exec-2 |FrameworkServlet.java:547 |org.springframework.web.servlet.DispatcherServlet |Completed initialization in 2 ms
2020-12-13 19:32:24 |INFO  |http-nio-8080-exec-9 |DruidDataSource.java:983 |com.alibaba.druid.pool.DruidDataSource |{dataSource-1} inited
2020-12-13 19:32:24 |INFO  |http-nio-8080-exec-6 |SessionInterceptor.java:24 |com.woniu.springboot.admin.interceptor.SessionInterceptor |*****拦截器preHandle****
2020-12-13 19:32:25 |INFO  |http-nio-8080-exec-4 |SessionInterceptor.java:24 |com.woniu.springboot.admin.interceptor.SessionInterceptor |*****拦截器preHandle****
2020-12-13 19:32:25 |INFO  |http-nio-8080-exec-6 |SessionInterceptor.java:24 |com.woniu.springboot.admin.interceptor.SessionInterceptor |*****拦截器preHandle****
2020-12-13 19:32:25 |INFO  |http-nio-8080-exec-6 |SessionInterceptor.java:24 |com.woniu.springboot.admin.interceptor.SessionInterceptor |*****拦截器preHandle****
2020-12-13 19:32:25 |INFO  |http-nio-8080-exec-2 |SessionInterceptor.java:24 |com.woniu.springboot.admin.interceptor.SessionInterceptor |*****拦截器preHandle****
2020-12-13 19:32:28 |INFO  |http-nio-8080-exec-7 |SessionInterceptor.java:24 |com.woniu.springboot.admin.interceptor.SessionInterceptor |*****拦截器preHandle****
2020-12-13 19:32:28 |INFO  |http-nio-8080-exec-7 |UserRealm.java:34 |com.woniu.springboot.admin.realm.UserRealm |doGetAuthorizationInfo授权时调用
2020-12-13 19:32:28 |INFO  |http-nio-8080-exec-5 |SessionInterceptor.java:24 |com.woniu.springboot.admin.interceptor.SessionInterceptor |*****拦截器preHandle****
2020-12-13 19:32:28 |INFO  |http-nio-8080-exec-4 |SessionInterceptor.java:24 |com.woniu.springboot.admin.interceptor.SessionInterceptor |*****拦截器preHandle****
2020-12-13 19:32:31 |INFO  |http-nio-8080-exec-9 |SessionInterceptor.java:24 |com.woniu.springboot.admin.interceptor.SessionInterceptor |*****拦截器preHandle****
2020-12-13 19:32:31 |INFO  |http-nio-8080-exec-3 |SessionInterceptor.java:24 |com.woniu.springboot.admin.interceptor.SessionInterceptor |*****拦截器preHandle****
2020-12-13 19:32:33 |INFO  |http-nio-8080-exec-8 |SessionInterceptor.java:24 |com.woniu.springboot.admin.interceptor.SessionInterceptor |*****拦截器preHandle****
2020-12-13 19:32:33 |INFO  |http-nio-8080-exec-8 |SessionInterceptor.java:24 |com.woniu.springboot.admin.interceptor.SessionInterceptor |*****拦截器preHandle****
2020-12-13 19:32:37 |INFO  |http-nio-8080-exec-10 |SessionInterceptor.java:24 |com.woniu.springboot.admin.interceptor.SessionInterceptor |*****拦截器preHandle****
2020-12-13 19:32:37 |INFO  |http-nio-8080-exec-10 |SessionInterceptor.java:24 |com.woniu.springboot.admin.interceptor.SessionInterceptor |*****拦截器preHandle****
2020-12-13 19:32:38 |INFO  |http-nio-8080-exec-1 |SessionInterceptor.java:24 |com.woniu.springboot.admin.interceptor.SessionInterceptor |*****拦截器preHandle****
2020-12-13 19:32:38 |INFO  |http-nio-8080-exec-1 |SessionInterceptor.java:24 |com.woniu.springboot.admin.interceptor.SessionInterceptor |*****拦截器preHandle****
2020-12-13 19:46:44 |INFO  |main |StartupInfoLogger.java:55 |com.woniu.springboot.admin.SpringbootK15AdminApplication |Starting SpringbootK15AdminApplication v0.0.1-SNAPSHOT using Java 1.8.0_45 on DESKTOP-MPPORRH with PID 17780 (C:\Users\xiakai\Desktop\springboot_k15_admin-0.0.1-SNAPSHOT.jar started by xiakai in C:\Users\xiakai\Desktop)
2020-12-13 19:46:44 |INFO  |main |SpringApplication.java:664 |com.woniu.springboot.admin.SpringbootK15AdminApplication |The following profiles are active: dev
2020-12-13 19:46:50 |INFO  |main |PostProcessorRegistrationDelegate.java:350 |org.springframework.context.support.PostProcessorRegistrationDelegate$BeanPostProcessorChecker |Bean 'shiroAutoJavaConfig' of type [com.woniu.springboot.admin.config.ShiroAutoJavaConfig$$EnhancerBySpringCGLIB$$e6e7a39f] is not eligible for getting processed by all BeanPostProcessors (for example: not eligible for auto-proxying)
2020-12-13 19:46:50 |INFO  |main |PostProcessorRegistrationDelegate.java:350 |org.springframework.context.support.PostProcessorRegistrationDelegate$BeanPostProcessorChecker |Bean 'credentialsMatcher' of type [org.apache.shiro.authc.credential.HashedCredentialsMatcher] is not eligible for getting processed by all BeanPostProcessors (for example: not eligible for auto-proxying)
2020-12-13 19:46:50 |INFO  |main |PostProcessorRegistrationDelegate.java:350 |org.springframework.context.support.PostProcessorRegistrationDelegate$BeanPostProcessorChecker |Bean 'mybatis-org.mybatis.spring.boot.autoconfigure.MybatisProperties' of type [org.mybatis.spring.boot.autoconfigure.MybatisProperties] is not eligible for getting processed by all BeanPostProcessors (for example: not eligible for auto-proxying)
2020-12-13 19:46:50 |INFO  |main |PostProcessorRegistrationDelegate.java:350 |org.springframework.context.support.PostProcessorRegistrationDelegate$BeanPostProcessorChecker |Bean 'org.mybatis.spring.boot.autoconfigure.MybatisAutoConfiguration' of type [org.mybatis.spring.boot.autoconfigure.MybatisAutoConfiguration$$EnhancerBySpringCGLIB$$2703317d] is not eligible for getting processed by all BeanPostProcessors (for example: not eligible for auto-proxying)
2020-12-13 19:46:50 |INFO  |main |PostProcessorRegistrationDelegate.java:350 |org.springframework.context.support.PostProcessorRegistrationDelegate$BeanPostProcessorChecker |Bean 'druidJavaConfig' of type [com.woniu.springboot.admin.config.DruidJavaConfig$$EnhancerBySpringCGLIB$$2ea319a1] is not eligible for getting processed by all BeanPostProcessors (for example: not eligible for auto-proxying)
2020-12-13 19:46:50 |INFO  |main |PostProcessorRegistrationDelegate.java:350 |org.springframework.context.support.PostProcessorRegistrationDelegate$BeanPostProcessorChecker |Bean 'getDruidDataSource' of type [com.alibaba.druid.pool.DruidDataSource] is not eligible for getting processed by all BeanPostProcessors (for example: not eligible for auto-proxying)
2020-12-13 19:46:51 |INFO  |main |PostProcessorRegistrationDelegate.java:350 |org.springframework.context.support.PostProcessorRegistrationDelegate$BeanPostProcessorChecker |Bean 'spring.datasource-org.springframework.boot.autoconfigure.jdbc.DataSourceProperties' of type [org.springframework.boot.autoconfigure.jdbc.DataSourceProperties] is not eligible for getting processed by all BeanPostProcessors (for example: not eligible for auto-proxying)
2020-12-13 19:46:51 |INFO  |main |PostProcessorRegistrationDelegate.java:350 |org.springframework.context.support.PostProcessorRegistrationDelegate$BeanPostProcessorChecker |Bean 'org.springframework.boot.autoconfigure.jdbc.DataSourceInitializerInvoker' of type [org.springframework.boot.autoconfigure.jdbc.DataSourceInitializerInvoker] is not eligible for getting processed by all BeanPostProcessors (for example: not eligible for auto-proxying)
2020-12-13 19:46:51 |INFO  |main |PostProcessorRegistrationDelegate.java:350 |org.springframework.context.support.PostProcessorRegistrationDelegate$BeanPostProcessorChecker |Bean 'sqlSessionFactory' of type [org.apache.ibatis.session.defaults.DefaultSqlSessionFactory] is not eligible for getting processed by all BeanPostProcessors (for example: not eligible for auto-proxying)
2020-12-13 19:46:51 |INFO  |main |PostProcessorRegistrationDelegate.java:350 |org.springframework.context.support.PostProcessorRegistrationDelegate$BeanPostProcessorChecker |Bean 'sqlSessionTemplate' of type [org.mybatis.spring.SqlSessionTemplate] is not eligible for getting processed by all BeanPostProcessors (for example: not eligible for auto-proxying)
2020-12-13 19:46:51 |INFO  |main |PostProcessorRegistrationDelegate.java:350 |org.springframework.context.support.PostProcessorRegistrationDelegate$BeanPostProcessorChecker |Bean 'userMapper' of type [org.mybatis.spring.mapper.MapperFactoryBean] is not eligible for getting processed by all BeanPostProcessors (for example: not eligible for auto-proxying)
2020-12-13 19:46:51 |INFO  |main |PostProcessorRegistrationDelegate.java:350 |org.springframework.context.support.PostProcessorRegistrationDelegate$BeanPostProcessorChecker |Bean 'userMapper' of type [com.sun.proxy.$Proxy62] is not eligible for getting processed by all BeanPostProcessors (for example: not eligible for auto-proxying)
2020-12-13 19:46:51 |INFO  |main |PostProcessorRegistrationDelegate.java:350 |org.springframework.context.support.PostProcessorRegistrationDelegate$BeanPostProcessorChecker |Bean 'userServiceImpl' of type [com.woniu.springboot.admin.service.impl.UserServiceImpl] is not eligible for getting processed by all BeanPostProcessors (for example: not eligible for auto-proxying)
2020-12-13 19:46:51 |INFO  |main |PostProcessorRegistrationDelegate.java:350 |org.springframework.context.support.PostProcessorRegistrationDelegate$BeanPostProcessorChecker |Bean 'roleMapper' of type [org.mybatis.spring.mapper.MapperFactoryBean] is not eligible for getting processed by all BeanPostProcessors (for example: not eligible for auto-proxying)
2020-12-13 19:46:51 |INFO  |main |PostProcessorRegistrationDelegate.java:350 |org.springframework.context.support.PostProcessorRegistrationDelegate$BeanPostProcessorChecker |Bean 'roleMapper' of type [com.sun.proxy.$Proxy64] is not eligible for getting processed by all BeanPostProcessors (for example: not eligible for auto-proxying)
2020-12-13 19:46:51 |INFO  |main |PostProcessorRegistrationDelegate.java:350 |org.springframework.context.support.PostProcessorRegistrationDelegate$BeanPostProcessorChecker |Bean 'roleServiceImpl' of type [com.woniu.springboot.admin.service.impl.RoleServiceImpl] is not eligible for getting processed by all BeanPostProcessors (for example: not eligible for auto-proxying)
2020-12-13 19:46:51 |INFO  |main |PostProcessorRegistrationDelegate.java:350 |org.springframework.context.support.PostProcessorRegistrationDelegate$BeanPostProcessorChecker |Bean 'permissionMapper' of type [org.mybatis.spring.mapper.MapperFactoryBean] is not eligible for getting processed by all BeanPostProcessors (for example: not eligible for auto-proxying)
2020-12-13 19:46:51 |INFO  |main |PostProcessorRegistrationDelegate.java:350 |org.springframework.context.support.PostProcessorRegistrationDelegate$BeanPostProcessorChecker |Bean 'permissionMapper' of type [com.sun.proxy.$Proxy65] is not eligible for getting processed by all BeanPostProcessors (for example: not eligible for auto-proxying)
2020-12-13 19:46:51 |INFO  |main |PostProcessorRegistrationDelegate.java:350 |org.springframework.context.support.PostProcessorRegistrationDelegate$BeanPostProcessorChecker |Bean 'permissionServiceImpl' of type [com.woniu.springboot.admin.service.impl.PermissionServiceImpl] is not eligible for getting processed by all BeanPostProcessors (for example: not eligible for auto-proxying)
2020-12-13 19:46:51 |INFO  |main |PostProcessorRegistrationDelegate.java:350 |org.springframework.context.support.PostProcessorRegistrationDelegate$BeanPostProcessorChecker |Bean 'userRealm' of type [com.woniu.springboot.admin.realm.UserRealm] is not eligible for getting processed by all BeanPostProcessors (for example: not eligible for auto-proxying)
2020-12-13 19:46:51 |INFO  |main |PostProcessorRegistrationDelegate.java:350 |org.springframework.context.support.PostProcessorRegistrationDelegate$BeanPostProcessorChecker |Bean 'ehCacheManager' of type [org.apache.shiro.cache.ehcache.EhCacheManager] is not eligible for getting processed by all BeanPostProcessors (for example: not eligible for auto-proxying)
2020-12-13 19:46:51 |INFO  |main |PostProcessorRegistrationDelegate.java:350 |org.springframework.context.support.PostProcessorRegistrationDelegate$BeanPostProcessorChecker |Bean 'rememberMeCookie' of type [org.apache.shiro.web.servlet.SimpleCookie] is not eligible for getting processed by all BeanPostProcessors (for example: not eligible for auto-proxying)
2020-12-13 19:46:52 |INFO  |main |PostProcessorRegistrationDelegate.java:350 |org.springframework.context.support.PostProcessorRegistrationDelegate$BeanPostProcessorChecker |Bean 'rememberMeManager' of type [org.apache.shiro.web.mgt.CookieRememberMeManager] is not eligible for getting processed by all BeanPostProcessors (for example: not eligible for auto-proxying)
2020-12-13 19:46:53 |INFO  |main |EhCacheManager.java:159 |org.apache.shiro.cache.ehcache.EhCacheManager |Cache with name 'com.woniu.springboot.admin.realm.UserRealm.authorizationCache' does not yet exist.  Creating now.
2020-12-13 19:46:53 |INFO  |main |EhCacheManager.java:166 |org.apache.shiro.cache.ehcache.EhCacheManager |Added EhCache named [com.woniu.springboot.admin.realm.UserRealm.authorizationCache]
2020-12-13 19:46:53 |INFO  |main |PostProcessorRegistrationDelegate.java:350 |org.springframework.context.support.PostProcessorRegistrationDelegate$BeanPostProcessorChecker |Bean 'securityManager' of type [org.apache.shiro.web.mgt.DefaultWebSecurityManager] is not eligible for getting processed by all BeanPostProcessors (for example: not eligible for auto-proxying)
2020-12-13 19:46:54 |INFO  |main |TomcatWebServer.java:108 |org.springframework.boot.web.embedded.tomcat.TomcatWebServer |Tomcat initialized with port(s): 8080 (http)
2020-12-13 19:46:54 |INFO  |main |DirectJDKLog.java:173 |org.apache.coyote.http11.Http11NioProtocol |Initializing ProtocolHandler ["http-nio-8080"]
2020-12-13 19:46:54 |INFO  |main |DirectJDKLog.java:173 |org.apache.catalina.core.StandardService |Starting service [Tomcat]
2020-12-13 19:46:54 |INFO  |main |DirectJDKLog.java:173 |org.apache.catalina.core.StandardEngine |Starting Servlet engine: [Apache Tomcat/9.0.39]
2020-12-13 19:46:54 |INFO  |main |DirectJDKLog.java:173 |org.apache.catalina.core.ContainerBase.[Tomcat].[localhost].[/] |Initializing Spring embedded WebApplicationContext
2020-12-13 19:46:54 |INFO  |main |ServletWebServerApplicationContext.java:289 |org.springframework.boot.web.servlet.context.ServletWebServerApplicationContext |Root WebApplicationContext: initialization completed in 9290 ms
2020-12-13 19:46:56 |INFO  |main |PropertySourcedRequestMappingHandlerMapping.java:69 |springfox.documentation.spring.web.PropertySourcedRequestMappingHandlerMapping |Mapped URL path [/v2/api-docs] onto method [springfox.documentation.swagger2.web.Swagger2Controller#getDocumentation(String, HttpServletRequest)]
2020-12-13 19:46:57 |INFO  |main |ExecutorConfigurationSupport.java:181 |org.springframework.scheduling.concurrent.ThreadPoolTaskExecutor |Initializing ExecutorService 'applicationTaskExecutor'
2020-12-13 19:46:57 |INFO  |main |WelcomePageHandlerMapping.java:58 |org.springframework.boot.autoconfigure.web.servlet.WelcomePageHandlerMapping |Adding welcome page template: index
2020-12-13 19:46:58 |INFO  |main |DirectJDKLog.java:173 |org.apache.coyote.http11.Http11NioProtocol |Starting ProtocolHandler ["http-nio-8080"]
2020-12-13 19:46:58 |INFO  |main |TomcatWebServer.java:220 |org.springframework.boot.web.embedded.tomcat.TomcatWebServer |Tomcat started on port(s): 8080 (http) with context path ''
2020-12-13 19:46:58 |INFO  |main |DocumentationPluginsBootstrapper.java:160 |springfox.documentation.spring.web.plugins.DocumentationPluginsBootstrapper |Context refreshed
2020-12-13 19:46:58 |INFO  |main |DocumentationPluginsBootstrapper.java:163 |springfox.documentation.spring.web.plugins.DocumentationPluginsBootstrapper |Found 1 custom documentation plugin(s)
2020-12-13 19:46:58 |INFO  |main |ApiListingReferenceScanner.java:41 |springfox.documentation.spring.web.scanners.ApiListingReferenceScanner |Scanning for api listing references
2020-12-13 19:46:59 |INFO  |main |StartupInfoLogger.java:61 |com.woniu.springboot.admin.SpringbootK15AdminApplication |Started SpringbootK15AdminApplication in 16.854 seconds (JVM running for 18.163)
2020-12-13 19:47:22 |INFO  |http-nio-8080-exec-2 |DirectJDKLog.java:173 |org.apache.catalina.core.ContainerBase.[Tomcat].[localhost].[/] |Initializing Spring DispatcherServlet 'dispatcherServlet'
2020-12-13 19:47:22 |INFO  |http-nio-8080-exec-2 |FrameworkServlet.java:525 |org.springframework.web.servlet.DispatcherServlet |Initializing Servlet 'dispatcherServlet'
2020-12-13 19:47:22 |INFO  |http-nio-8080-exec-2 |FrameworkServlet.java:547 |org.springframework.web.servlet.DispatcherServlet |Completed initialization in 3 ms
2020-12-13 19:47:28 |INFO  |http-nio-8080-exec-5 |DruidDataSource.java:983 |com.alibaba.druid.pool.DruidDataSource |{dataSource-1} inited
2020-12-13 19:47:28 |INFO  |http-nio-8080-exec-5 |SessionInterceptor.java:24 |com.woniu.springboot.admin.interceptor.SessionInterceptor |*****拦截器preHandle****
2020-12-13 19:47:30 |INFO  |http-nio-8080-exec-7 |SessionInterceptor.java:24 |com.woniu.springboot.admin.interceptor.SessionInterceptor |*****拦截器preHandle****
2020-12-13 19:47:30 |INFO  |http-nio-8080-exec-9 |SessionInterceptor.java:24 |com.woniu.springboot.admin.interceptor.SessionInterceptor |*****拦截器preHandle****
2020-12-13 19:47:31 |INFO  |http-nio-8080-exec-10 |SessionInterceptor.java:24 |com.woniu.springboot.admin.interceptor.SessionInterceptor |*****拦截器preHandle****
2020-12-13 19:47:31 |INFO  |http-nio-8080-exec-10 |UserRealm.java:34 |com.woniu.springboot.admin.realm.UserRealm |doGetAuthorizationInfo授权时调用
2020-12-13 19:47:31 |INFO  |http-nio-8080-exec-6 |SessionInterceptor.java:24 |com.woniu.springboot.admin.interceptor.SessionInterceptor |*****拦截器preHandle****
2020-12-13 19:47:31 |INFO  |http-nio-8080-exec-4 |SessionInterceptor.java:24 |com.woniu.springboot.admin.interceptor.SessionInterceptor |*****拦截器preHandle****
2020-12-13 19:47:32 |INFO  |http-nio-8080-exec-8 |SessionInterceptor.java:24 |com.woniu.springboot.admin.interceptor.SessionInterceptor |*****拦截器preHandle****
2020-12-13 19:47:32 |INFO  |http-nio-8080-exec-9 |SessionInterceptor.java:24 |com.woniu.springboot.admin.interceptor.SessionInterceptor |*****拦截器preHandle****
