2020-12-02 11:37:43 |WARN  |main |ThymeleafAutoConfiguration.java:105 |org.springframework.boot.autoconfigure.thymeleaf.ThymeleafAutoConfiguration$DefaultTemplateResolverConfiguration |Cannot find template location: classpath:/templates/ (please add some templates or check your Thymeleaf configuration)
2020-12-02 11:38:22 |WARN  |main |AbstractApplicationContext.java:596 |org.springframework.web.context.support.GenericWebApplicationContext |Exception encountered during context initialization - cancelling refresh attempt: org.springframework.beans.factory.UnsatisfiedDependencyException: Error creating bean with name 'mymallController': Unsatisfied dependency expressed through field 'mymallService'; nested exception is org.springframework.beans.factory.UnsatisfiedDependencyException: Error creating bean with name 'mymallServiceImpl': Unsatisfied dependency expressed through field 'mymallMapper'; nested exception is org.springframework.beans.factory.UnsatisfiedDependencyException: Error creating bean with name 'mymallMapper' defined in file [D:\ideaprojects\springboot_k15\mymall\target\classes\com\woniu\mymall\mapper\MymallMapper.class]: Unsatisfied dependency expressed through bean property 'sqlSessionFactory'; nested exception is org.springframework.beans.factory.BeanCreationException: Error creating bean with name 'sqlSessionFactory' defined in class path resource [org/mybatis/spring/boot/autoconfigure/MybatisAutoConfiguration.class]: Bean instantiation via factory method failed; nested exception is org.springframework.beans.BeanInstantiationException: Failed to instantiate [org.apache.ibatis.session.SqlSessionFactory]: Factory method 'sqlSessionFactory' threw exception; nested exception is org.springframework.core.NestedIOException: Failed to parse mapping resource: 'file [D:\ideaprojects\springboot_k15\mymall\target\classes\mapper\MymallMapper.xml]'; nested exception is org.apache.ibatis.builder.BuilderException: Error parsing Mapper XML. The XML location is 'file [D:\ideaprojects\springboot_k15\mymall\target\classes\mapper\MymallMapper.xml]'. Cause: org.apache.ibatis.builder.BuilderException: Error resolving class. Cause: org.apache.ibatis.type.TypeException: Could not resolve type alias 'Mymall'.  Cause: java.lang.ClassNotFoundException: Cannot find class: Mymall
2020-12-02 11:39:47 |WARN  |main |ThymeleafAutoConfiguration.java:105 |org.springframework.boot.autoconfigure.thymeleaf.ThymeleafAutoConfiguration$DefaultTemplateResolverConfiguration |Cannot find template location: classpath:/templates/ (please add some templates or check your Thymeleaf configuration)
2020-12-02 11:40:21 |WARN  |restartedMain |ThymeleafAutoConfiguration.java:105 |org.springframework.boot.autoconfigure.thymeleaf.ThymeleafAutoConfiguration$DefaultTemplateResolverConfiguration |Cannot find template location: classpath:/templates/ (please add some templates or check your Thymeleaf configuration)
2020-12-02 12:23:38 |WARN  |restartedMain |ThymeleafAutoConfiguration.java:105 |org.springframework.boot.autoconfigure.thymeleaf.ThymeleafAutoConfiguration$DefaultTemplateResolverConfiguration |Cannot find template location: classpath:/templates/ (please add some templates or check your Thymeleaf configuration)
2020-12-02 13:54:40 |WARN  |restartedMain |ThymeleafAutoConfiguration.java:105 |org.springframework.boot.autoconfigure.thymeleaf.ThymeleafAutoConfiguration$DefaultTemplateResolverConfiguration |Cannot find template location: classpath:/templates/ (please add some templates or check your Thymeleaf configuration)
2020-12-02 15:03:06 |WARN  |restartedMain |ThymeleafAutoConfiguration.java:105 |org.springframework.boot.autoconfigure.thymeleaf.ThymeleafAutoConfiguration$DefaultTemplateResolverConfiguration |Cannot find template location: classpath:/templates/ (please add some templates or check your Thymeleaf configuration)
2020-12-02 19:03:05 |WARN  |restartedMain |ThymeleafAutoConfiguration.java:105 |org.springframework.boot.autoconfigure.thymeleaf.ThymeleafAutoConfiguration$DefaultTemplateResolverConfiguration |Cannot find template location: classpath:/templates/ (please add some templates or check your Thymeleaf configuration)
2020-12-02 19:04:25 |WARN  |http-nio-80-exec-2 |AbstractHandlerExceptionResolver.java:207 |org.springframework.web.servlet.mvc.method.annotation.ExceptionHandlerExceptionResolver |Resolved [K15Exception(code=501, msg=token为空)]
2020-12-02 19:04:53 |WARN  |http-nio-80-exec-3 |AbstractHandlerExceptionResolver.java:207 |org.springframework.web.servlet.mvc.method.annotation.ExceptionHandlerExceptionResolver |Resolved [K15Exception(code=501, msg=token为空)]
2020-12-02 19:05:35 |WARN  |http-nio-80-exec-2 |AbstractHandlerExceptionResolver.java:207 |org.springframework.web.servlet.mvc.method.annotation.ExceptionHandlerExceptionResolver |Resolved [K15Exception(code=501, msg=token为空)]
2020-12-02 19:05:41 |WARN  |http-nio-80-exec-3 |AbstractHandlerExceptionResolver.java:207 |org.springframework.web.servlet.mvc.method.annotation.ExceptionHandlerExceptionResolver |Resolved [K15Exception(code=501, msg=token为空)]
2020-12-02 19:05:48 |WARN  |http-nio-80-exec-1 |AbstractHandlerExceptionResolver.java:207 |org.springframework.web.servlet.mvc.method.annotation.ExceptionHandlerExceptionResolver |Resolved [K15Exception(code=501, msg=token为空)]
2020-12-02 19:06:48 |WARN  |http-nio-80-exec-9 |AbstractHandlerExceptionResolver.java:207 |org.springframework.web.servlet.mvc.method.annotation.ExceptionHandlerExceptionResolver |Resolved [K15Exception(code=501, msg=token为空)]
2020-12-02 19:07:30 |WARN  |http-nio-80-exec-3 |AbstractHandlerExceptionResolver.java:207 |org.springframework.web.servlet.mvc.method.annotation.ExceptionHandlerExceptionResolver |Resolved [K15Exception(code=501, msg=token为空)]
2020-12-02 19:08:25 |WARN  |http-nio-80-exec-10 |AbstractHandlerExceptionResolver.java:207 |org.springframework.web.servlet.mvc.method.annotation.ExceptionHandlerExceptionResolver |Resolved [K15Exception(code=501, msg=token为空)]
2020-12-02 19:10:47 |WARN  |http-nio-80-exec-3 |AbstractHandlerExceptionResolver.java:207 |org.springframework.web.servlet.mvc.method.annotation.ExceptionHandlerExceptionResolver |Resolved [K15Exception(code=501, msg=token为空)]
2020-12-02 19:10:51 |WARN  |http-nio-80-exec-1 |AbstractHandlerExceptionResolver.java:207 |org.springframework.web.servlet.mvc.method.annotation.ExceptionHandlerExceptionResolver |Resolved [K15Exception(code=501, msg=token为空)]
2020-12-02 19:10:56 |WARN  |http-nio-80-exec-7 |AbstractHandlerExceptionResolver.java:207 |org.springframework.web.servlet.mvc.method.annotation.ExceptionHandlerExceptionResolver |Resolved [K15Exception(code=501, msg=token为空)]
2020-12-02 19:11:03 |WARN  |http-nio-80-exec-2 |AbstractHandlerExceptionResolver.java:207 |org.springframework.web.servlet.mvc.method.annotation.ExceptionHandlerExceptionResolver |Resolved [K15Exception(code=501, msg=token为空)]
2020-12-02 19:11:04 |WARN  |http-nio-80-exec-5 |AbstractHandlerExceptionResolver.java:207 |org.springframework.web.servlet.mvc.method.annotation.ExceptionHandlerExceptionResolver |Resolved [K15Exception(code=501, msg=token为空)]
2020-12-02 19:12:35 |WARN  |http-nio-80-exec-1 |AbstractHandlerExceptionResolver.java:207 |org.springframework.web.servlet.mvc.method.annotation.ExceptionHandlerExceptionResolver |Resolved [K15Exception(code=501, msg=token为空)]
2020-12-02 19:12:40 |WARN  |http-nio-80-exec-8 |AbstractHandlerExceptionResolver.java:207 |org.springframework.web.servlet.mvc.method.annotation.ExceptionHandlerExceptionResolver |Resolved [K15Exception(code=501, msg=token为空)]
2020-12-02 19:32:40 |WARN  |restartedMain |ThymeleafAutoConfiguration.java:105 |org.springframework.boot.autoconfigure.thymeleaf.ThymeleafAutoConfiguration$DefaultTemplateResolverConfiguration |Cannot find template location: classpath:/templates/ (please add some templates or check your Thymeleaf configuration)
2020-12-02 19:33:25 |WARN  |http-nio-80-exec-1 |AbstractHandlerExceptionResolver.java:207 |org.springframework.web.servlet.mvc.method.annotation.ExceptionHandlerExceptionResolver |Resolved [K15Exception(code=501, msg=token为空)]
2020-12-02 19:34:08 |WARN  |http-nio-80-exec-2 |AbstractHandlerExceptionResolver.java:207 |org.springframework.web.servlet.mvc.method.annotation.ExceptionHandlerExceptionResolver |Resolved [K15Exception(code=501, msg=token为空)]
2020-12-02 19:45:38 |WARN  |http-nio-80-exec-4 |AbstractHandlerExceptionResolver.java:207 |org.springframework.web.servlet.mvc.method.annotation.ExceptionHandlerExceptionResolver |Resolved [K15Exception(code=501, msg=token为空)]
2020-12-02 19:49:27 |WARN  |http-nio-80-exec-1 |AbstractHandlerExceptionResolver.java:207 |org.springframework.web.servlet.mvc.method.annotation.ExceptionHandlerExceptionResolver |Resolved [K15Exception(code=501, msg=token为空)]
2020-12-02 19:50:10 |WARN  |http-nio-80-exec-3 |AbstractHandlerExceptionResolver.java:207 |org.springframework.web.servlet.mvc.method.annotation.ExceptionHandlerExceptionResolver |Resolved [K15Exception(code=501, msg=token为空)]
2020-12-02 19:51:10 |WARN  |http-nio-80-exec-7 |AbstractHandlerExceptionResolver.java:207 |org.springframework.web.servlet.mvc.method.annotation.ExceptionHandlerExceptionResolver |Resolved [K15Exception(code=501, msg=token为空)]
2020-12-02 19:51:51 |WARN  |http-nio-80-exec-8 |AbstractHandlerExceptionResolver.java:207 |org.springframework.web.servlet.mvc.method.annotation.ExceptionHandlerExceptionResolver |Resolved [K15Exception(code=501, msg=token为空)]
2020-12-02 19:51:57 |WARN  |http-nio-80-exec-10 |AbstractHandlerExceptionResolver.java:207 |org.springframework.web.servlet.mvc.method.annotation.ExceptionHandlerExceptionResolver |Resolved [K15Exception(code=501, msg=token为空)]
2020-12-02 19:52:08 |WARN  |http-nio-80-exec-4 |AbstractHandlerExceptionResolver.java:207 |org.springframework.web.servlet.mvc.method.annotation.ExceptionHandlerExceptionResolver |Resolved [K15Exception(code=501, msg=token为空)]
2020-12-02 19:52:42 |WARN  |http-nio-80-exec-8 |AbstractHandlerExceptionResolver.java:207 |org.springframework.web.servlet.mvc.method.annotation.ExceptionHandlerExceptionResolver |Resolved [K15Exception(code=501, msg=token为空)]
2020-12-02 19:52:46 |WARN  |http-nio-80-exec-5 |AbstractHandlerExceptionResolver.java:207 |org.springframework.web.servlet.mvc.method.annotation.ExceptionHandlerExceptionResolver |Resolved [K15Exception(code=501, msg=token为空)]
2020-12-02 19:52:49 |WARN  |http-nio-80-exec-1 |AbstractHandlerExceptionResolver.java:207 |org.springframework.web.servlet.mvc.method.annotation.ExceptionHandlerExceptionResolver |Resolved [K15Exception(code=501, msg=token为空)]
2020-12-02 19:52:51 |WARN  |http-nio-80-exec-8 |AbstractHandlerExceptionResolver.java:207 |org.springframework.web.servlet.mvc.method.annotation.ExceptionHandlerExceptionResolver |Resolved [K15Exception(code=501, msg=token为空)]
2020-12-02 19:52:58 |WARN  |http-nio-80-exec-9 |AbstractHandlerExceptionResolver.java:207 |org.springframework.web.servlet.mvc.method.annotation.ExceptionHandlerExceptionResolver |Resolved [K15Exception(code=501, msg=token为空)]
2020-12-02 19:53:00 |WARN  |http-nio-80-exec-5 |AbstractHandlerExceptionResolver.java:207 |org.springframework.web.servlet.mvc.method.annotation.ExceptionHandlerExceptionResolver |Resolved [K15Exception(code=501, msg=token为空)]
2020-12-02 19:53:01 |WARN  |http-nio-80-exec-10 |AbstractHandlerExceptionResolver.java:207 |org.springframework.web.servlet.mvc.method.annotation.ExceptionHandlerExceptionResolver |Resolved [K15Exception(code=501, msg=token为空)]
2020-12-02 19:53:03 |WARN  |http-nio-80-exec-2 |AbstractHandlerExceptionResolver.java:207 |org.springframework.web.servlet.mvc.method.annotation.ExceptionHandlerExceptionResolver |Resolved [K15Exception(code=501, msg=token为空)]
2020-12-02 19:53:09 |WARN  |http-nio-80-exec-1 |AbstractHandlerExceptionResolver.java:207 |org.springframework.web.servlet.mvc.method.annotation.ExceptionHandlerExceptionResolver |Resolved [K15Exception(code=501, msg=token为空)]
2020-12-02 20:21:49 |WARN  |restartedMain |ThymeleafAutoConfiguration.java:105 |org.springframework.boot.autoconfigure.thymeleaf.ThymeleafAutoConfiguration$DefaultTemplateResolverConfiguration |Cannot find template location: classpath:/templates/ (please add some templates or check your Thymeleaf configuration)
2020-12-02 20:24:41 |WARN  |http-nio-80-exec-1 |AbstractHandlerExceptionResolver.java:207 |org.springframework.web.servlet.mvc.method.annotation.ExceptionHandlerExceptionResolver |Resolved [K15Exception(code=501, msg=token为空)]
2020-12-02 20:25:54 |WARN  |http-nio-80-exec-2 |AbstractHandlerExceptionResolver.java:207 |org.springframework.web.servlet.mvc.method.annotation.ExceptionHandlerExceptionResolver |Resolved [K15Exception(code=501, msg=token为空)]
2020-12-02 20:28:46 |WARN  |http-nio-80-exec-8 |AbstractHandlerExceptionResolver.java:207 |org.springframework.web.servlet.mvc.method.annotation.ExceptionHandlerExceptionResolver |Resolved [K15Exception(code=501, msg=token为空)]
2020-12-02 20:40:07 |WARN  |http-nio-80-exec-5 |AbstractHandlerExceptionResolver.java:207 |org.springframework.web.servlet.mvc.method.annotation.ExceptionHandlerExceptionResolver |Resolved [K15Exception(code=501, msg=token为空)]
2020-12-02 20:41:43 |WARN  |http-nio-80-exec-8 |AbstractHandlerExceptionResolver.java:207 |org.springframework.web.servlet.mvc.method.annotation.ExceptionHandlerExceptionResolver |Resolved [K15Exception(code=501, msg=token为空)]
2020-12-02 20:46:46 |WARN  |http-nio-80-exec-9 |AbstractHandlerExceptionResolver.java:207 |org.springframework.web.servlet.mvc.method.annotation.ExceptionHandlerExceptionResolver |Resolved [K15Exception(code=501, msg=token为空)]
2020-12-02 20:57:31 |WARN  |http-nio-80-exec-5 |AbstractHandlerExceptionResolver.java:207 |org.springframework.web.servlet.mvc.method.annotation.ExceptionHandlerExceptionResolver |Resolved [K15Exception(code=501, msg=token为空)]
2020-12-02 20:57:46 |WARN  |http-nio-80-exec-4 |AbstractHandlerExceptionResolver.java:207 |org.springframework.web.servlet.mvc.method.annotation.ExceptionHandlerExceptionResolver |Resolved [K15Exception(code=501, msg=token为空)]
2020-12-02 21:01:41 |WARN  |http-nio-80-exec-10 |AbstractHandlerExceptionResolver.java:207 |org.springframework.web.servlet.mvc.method.annotation.ExceptionHandlerExceptionResolver |Resolved [K15Exception(code=501, msg=token为空)]
2020-12-02 21:01:47 |WARN  |http-nio-80-exec-3 |AbstractHandlerExceptionResolver.java:207 |org.springframework.web.servlet.mvc.method.annotation.ExceptionHandlerExceptionResolver |Resolved [K15Exception(code=501, msg=token为空)]
2020-12-02 21:01:58 |WARN  |http-nio-80-exec-8 |AbstractHandlerExceptionResolver.java:207 |org.springframework.web.servlet.mvc.method.annotation.ExceptionHandlerExceptionResolver |Resolved [K15Exception(code=501, msg=token为空)]
2020-12-02 21:02:49 |WARN  |http-nio-80-exec-2 |AbstractHandlerExceptionResolver.java:207 |org.springframework.web.servlet.mvc.method.annotation.ExceptionHandlerExceptionResolver |Resolved [K15Exception(code=501, msg=token为空)]
2020-12-02 21:04:56 |WARN  |http-nio-80-exec-5 |AbstractHandlerExceptionResolver.java:207 |org.springframework.web.servlet.mvc.method.annotation.ExceptionHandlerExceptionResolver |Resolved [K15Exception(code=501, msg=token为空)]
2020-12-02 21:04:59 |WARN  |http-nio-80-exec-5 |AbstractHandlerExceptionResolver.java:207 |org.springframework.web.servlet.mvc.method.annotation.ExceptionHandlerExceptionResolver |Resolved [K15Exception(code=501, msg=token为空)]
2020-12-02 21:05:05 |WARN  |http-nio-80-exec-5 |AbstractHandlerExceptionResolver.java:207 |org.springframework.web.servlet.mvc.method.annotation.ExceptionHandlerExceptionResolver |Resolved [K15Exception(code=501, msg=token为空)]
2020-12-02 21:06:01 |WARN  |http-nio-80-exec-6 |AbstractHandlerExceptionResolver.java:207 |org.springframework.web.servlet.mvc.method.annotation.ExceptionHandlerExceptionResolver |Resolved [K15Exception(code=501, msg=token为空)]
2020-12-02 21:06:07 |WARN  |http-nio-80-exec-5 |AbstractHandlerExceptionResolver.java:207 |org.springframework.web.servlet.mvc.method.annotation.ExceptionHandlerExceptionResolver |Resolved [K15Exception(code=501, msg=token为空)]
2020-12-02 21:06:08 |WARN  |http-nio-80-exec-1 |AbstractHandlerExceptionResolver.java:207 |org.springframework.web.servlet.mvc.method.annotation.ExceptionHandlerExceptionResolver |Resolved [K15Exception(code=501, msg=token为空)]
2020-12-02 21:06:12 |WARN  |http-nio-80-exec-7 |AbstractHandlerExceptionResolver.java:207 |org.springframework.web.servlet.mvc.method.annotation.ExceptionHandlerExceptionResolver |Resolved [K15Exception(code=501, msg=token为空)]
2020-12-02 21:06:16 |WARN  |http-nio-80-exec-4 |AbstractHandlerExceptionResolver.java:207 |org.springframework.web.servlet.mvc.method.annotation.ExceptionHandlerExceptionResolver |Resolved [K15Exception(code=501, msg=token为空)]
2020-12-02 21:06:18 |WARN  |http-nio-80-exec-8 |AbstractHandlerExceptionResolver.java:207 |org.springframework.web.servlet.mvc.method.annotation.ExceptionHandlerExceptionResolver |Resolved [K15Exception(code=501, msg=token为空)]
2020-12-02 21:08:24 |WARN  |http-nio-80-exec-8 |AbstractHandlerExceptionResolver.java:207 |org.springframework.web.servlet.mvc.method.annotation.ExceptionHandlerExceptionResolver |Resolved [K15Exception(code=501, msg=token为空)]
2020-12-02 21:08:29 |WARN  |http-nio-80-exec-5 |AbstractHandlerExceptionResolver.java:207 |org.springframework.web.servlet.mvc.method.annotation.ExceptionHandlerExceptionResolver |Resolved [K15Exception(code=501, msg=token为空)]
2020-12-02 21:08:35 |WARN  |http-nio-80-exec-9 |AbstractHandlerExceptionResolver.java:207 |org.springframework.web.servlet.mvc.method.annotation.ExceptionHandlerExceptionResolver |Resolved [K15Exception(code=501, msg=token为空)]
2020-12-02 21:08:39 |WARN  |http-nio-80-exec-3 |AbstractHandlerExceptionResolver.java:207 |org.springframework.web.servlet.mvc.method.annotation.ExceptionHandlerExceptionResolver |Resolved [K15Exception(code=501, msg=token为空)]
2020-12-02 21:08:43 |WARN  |http-nio-80-exec-7 |AbstractHandlerExceptionResolver.java:207 |org.springframework.web.servlet.mvc.method.annotation.ExceptionHandlerExceptionResolver |Resolved [K15Exception(code=501, msg=token为空)]
2020-12-02 21:08:55 |WARN  |http-nio-80-exec-8 |AbstractHandlerExceptionResolver.java:207 |org.springframework.web.servlet.mvc.method.annotation.ExceptionHandlerExceptionResolver |Resolved [K15Exception(code=501, msg=token为空)]
2020-12-02 22:46:05 |WARN  |restartedMain |ThymeleafAutoConfiguration.java:105 |org.springframework.boot.autoconfigure.thymeleaf.ThymeleafAutoConfiguration$DefaultTemplateResolverConfiguration |Cannot find template location: classpath:/templates/ (please add some templates or check your Thymeleaf configuration)
2020-12-02 22:47:35 |WARN  |http-nio-80-exec-1 |AbstractHandlerExceptionResolver.java:207 |org.springframework.web.servlet.mvc.method.annotation.ExceptionHandlerExceptionResolver |Resolved [K15Exception(code=501, msg=token为空)]
2020-12-02 22:47:49 |WARN  |http-nio-80-exec-9 |AbstractHandlerExceptionResolver.java:207 |org.springframework.web.servlet.mvc.method.annotation.ExceptionHandlerExceptionResolver |Resolved [K15Exception(code=501, msg=token为空)]
2020-12-02 22:48:03 |WARN  |http-nio-80-exec-1 |AbstractHandlerExceptionResolver.java:207 |org.springframework.web.servlet.mvc.method.annotation.ExceptionHandlerExceptionResolver |Resolved [K15Exception(code=501, msg=token为空)]
2020-12-02 22:51:25 |WARN  |restartedMain |ThymeleafAutoConfiguration.java:105 |org.springframework.boot.autoconfigure.thymeleaf.ThymeleafAutoConfiguration$DefaultTemplateResolverConfiguration |Cannot find template location: classpath:/templates/ (please add some templates or check your Thymeleaf configuration)
2020-12-02 22:52:01 |WARN  |http-nio-80-exec-1 |AbstractHandlerExceptionResolver.java:207 |org.springframework.web.servlet.mvc.method.annotation.ExceptionHandlerExceptionResolver |Resolved [K15Exception(code=501, msg=token为空)]
2020-12-02 22:52:12 |WARN  |http-nio-80-exec-7 |AbstractHandlerExceptionResolver.java:207 |org.springframework.web.servlet.mvc.method.annotation.ExceptionHandlerExceptionResolver |Resolved [K15Exception(code=501, msg=token为空)]
2020-12-02 22:52:12 |WARN  |http-nio-80-exec-4 |AbstractHandlerExceptionResolver.java:207 |org.springframework.web.servlet.mvc.method.annotation.ExceptionHandlerExceptionResolver |Resolved [K15Exception(code=501, msg=token为空)]
2020-12-02 22:53:40 |WARN  |http-nio-80-exec-4 |AbstractHandlerExceptionResolver.java:207 |org.springframework.web.servlet.mvc.method.annotation.ExceptionHandlerExceptionResolver |Resolved [K15Exception(code=501, msg=token为空)]
2020-12-02 23:17:34 |WARN  |main |ThymeleafAutoConfiguration.java:105 |org.springframework.boot.autoconfigure.thymeleaf.ThymeleafAutoConfiguration$DefaultTemplateResolverConfiguration |Cannot find template location: classpath:/templates/ (please add some templates or check your Thymeleaf configuration)
2020-12-02 23:19:52 |WARN  |main |ThymeleafAutoConfiguration.java:105 |org.springframework.boot.autoconfigure.thymeleaf.ThymeleafAutoConfiguration$DefaultTemplateResolverConfiguration |Cannot find template location: classpath:/templates/ (please add some templates or check your Thymeleaf configuration)
2020-12-02 23:26:19 |WARN  |restartedMain |ThymeleafAutoConfiguration.java:105 |org.springframework.boot.autoconfigure.thymeleaf.ThymeleafAutoConfiguration$DefaultTemplateResolverConfiguration |Cannot find template location: classpath:/templates/ (please add some templates or check your Thymeleaf configuration)
2020-12-02 23:26:44 |WARN  |http-nio-80-exec-5 |AbstractHandlerExceptionResolver.java:207 |org.springframework.web.servlet.mvc.method.annotation.ExceptionHandlerExceptionResolver |Resolved [K15Exception(code=201, msg=失败)]
2020-12-02 23:26:47 |WARN  |http-nio-80-exec-6 |AbstractHandlerExceptionResolver.java:207 |org.springframework.web.servlet.mvc.method.annotation.ExceptionHandlerExceptionResolver |Resolved [K15Exception(code=201, msg=失败)]
