2020-11-30 10:51:48 |WARN  |restartedMain |ThymeleafAutoConfiguration.java:105 |org.springframework.boot.autoconfigure.thymeleaf.ThymeleafAutoConfiguration$DefaultTemplateResolverConfiguration |Cannot find template location: classpath:/templates/ (please add some templates or check your Thymeleaf configuration)
2020-11-30 11:02:34 |WARN  |restartedMain |ThymeleafAutoConfiguration.java:105 |org.springframework.boot.autoconfigure.thymeleaf.ThymeleafAutoConfiguration$DefaultTemplateResolverConfiguration |Cannot find template location: classpath:/templates/ (please add some templates or check your Thymeleaf configuration)
2020-11-30 11:02:37 |WARN  |restartedMain |ThymeleafAutoConfiguration.java:105 |org.springframework.boot.autoconfigure.thymeleaf.ThymeleafAutoConfiguration$DefaultTemplateResolverConfiguration |Cannot find template location: classpath:/templates/ (please add some templates or check your Thymeleaf configuration)
2020-11-30 11:06:14 |WARN  |restartedMain |ThymeleafAutoConfiguration.java:105 |org.springframework.boot.autoconfigure.thymeleaf.ThymeleafAutoConfiguration$DefaultTemplateResolverConfiguration |Cannot find template location: classpath:/templates/ (please add some templates or check your Thymeleaf configuration)
2020-11-30 11:06:51 |WARN  |http-nio-80-exec-1 |AbstractHandlerExceptionResolver.java:207 |org.springframework.web.servlet.mvc.method.annotation.ExceptionHandlerExceptionResolver |Resolved [org.springframework.web.HttpRequestMethodNotSupportedException: Request method 'GET' not supported]
2020-11-30 12:11:18 |WARN  |restartedMain |ThymeleafAutoConfiguration.java:105 |org.springframework.boot.autoconfigure.thymeleaf.ThymeleafAutoConfiguration$DefaultTemplateResolverConfiguration |Cannot find template location: classpath:/templates/ (please add some templates or check your Thymeleaf configuration)
2020-11-30 12:13:38 |WARN  |http-nio-80-exec-5 |AbstractHandlerExceptionResolver.java:207 |org.springframework.web.servlet.mvc.method.annotation.ExceptionHandlerExceptionResolver |Resolved [K15Exception(code=204, msg=精品课程信息为空)]
2020-11-30 12:19:30 |WARN  |http-nio-80-exec-6 |AbstractHandlerExceptionResolver.java:207 |org.springframework.web.servlet.mvc.method.annotation.ExceptionHandlerExceptionResolver |Resolved [K15Exception(code=204, msg=精品课程信息为空)]
2020-11-30 12:21:00 |WARN  |http-nio-80-exec-3 |AbstractHandlerExceptionResolver.java:207 |org.springframework.web.servlet.mvc.method.annotation.ExceptionHandlerExceptionResolver |Resolved [K15Exception(code=204, msg=精品课程信息为空)]
2020-11-30 20:00:43 |WARN  |restartedMain |ThymeleafAutoConfiguration.java:105 |org.springframework.boot.autoconfigure.thymeleaf.ThymeleafAutoConfiguration$DefaultTemplateResolverConfiguration |Cannot find template location: classpath:/templates/ (please add some templates or check your Thymeleaf configuration)
2020-11-30 21:08:41 |WARN  |restartedMain |ParameterDataTypeReader.java:92 |springfox.documentation.spring.web.readers.parameter.ParameterDataTypeReader |Trying to infer dataType java.lang.Integer[]
2020-11-30 21:08:41 |WARN  |restartedMain |ParameterDataTypeReader.java:92 |springfox.documentation.spring.web.readers.parameter.ParameterDataTypeReader |Trying to infer dataType java.lang.Integer[]
2020-11-30 21:10:10 |WARN  |http-nio-8080-exec-2 |AbstractRememberMeManager.java:449 |org.apache.shiro.mgt.AbstractRememberMeManager |There was a failure while trying to retrieve remembered principals.  This could be due to a configuration problem or corrupted principals.  This could also be due to a recently changed encryption key, if you are using a shiro.ini file, this property would be 'securityManager.rememberMeManager.cipherKey' see: http://shiro.apache.org/web.html#Web-RememberMeServices. The remembered identity will be forgotten and not used for this request.
2020-11-30 21:10:10 |WARN  |http-nio-8080-exec-2 |DefaultSecurityManager.java:617 |org.apache.shiro.mgt.DefaultSecurityManager |Delegate RememberMeManager instance of type [org.apache.shiro.web.mgt.CookieRememberMeManager] threw an exception during getRememberedPrincipals().
org.apache.shiro.crypto.CryptoException: Unable to execute 'doFinal' with cipher instance [javax.crypto.Cipher@74eeafb3].
	at org.apache.shiro.crypto.JcaCipherService.crypt(JcaCipherService.java:462)
	at org.apache.shiro.crypto.JcaCipherService.crypt(JcaCipherService.java:445)
	at org.apache.shiro.crypto.JcaCipherService.decrypt(JcaCipherService.java:390)
	at org.apache.shiro.crypto.JcaCipherService.decrypt(JcaCipherService.java:382)
	at org.apache.shiro.mgt.AbstractRememberMeManager.decrypt(AbstractRememberMeManager.java:482)
	at org.apache.shiro.mgt.AbstractRememberMeManager.convertBytesToPrincipals(AbstractRememberMeManager.java:419)
	at org.apache.shiro.mgt.AbstractRememberMeManager.getRememberedPrincipals(AbstractRememberMeManager.java:386)
	at org.apache.shiro.mgt.DefaultSecurityManager.getRememberedIdentity(DefaultSecurityManager.java:612)
	at org.apache.shiro.mgt.DefaultSecurityManager.resolvePrincipals(DefaultSecurityManager.java:500)
	at org.apache.shiro.mgt.DefaultSecurityManager.createSubject(DefaultSecurityManager.java:346)
	at org.apache.shiro.subject.Subject$Builder.buildSubject(Subject.java:845)
	at org.apache.shiro.web.subject.WebSubject$Builder.buildWebSubject(WebSubject.java:148)
	at org.apache.shiro.web.servlet.AbstractShiroFilter.createSubject(AbstractShiroFilter.java:292)
	at org.apache.shiro.web.servlet.AbstractShiroFilter.doFilterInternal(AbstractShiroFilter.java:359)
	at org.apache.shiro.web.servlet.OncePerRequestFilter.doFilter(OncePerRequestFilter.java:125)
	at org.apache.catalina.core.ApplicationFilterChain.internalDoFilter(ApplicationFilterChain.java:193)
	at org.apache.catalina.core.ApplicationFilterChain.doFilter(ApplicationFilterChain.java:166)
	at com.alibaba.druid.support.http.WebStatFilter.doFilter(WebStatFilter.java:124)
	at org.apache.catalina.core.ApplicationFilterChain.internalDoFilter(ApplicationFilterChain.java:193)
	at org.apache.catalina.core.ApplicationFilterChain.doFilter(ApplicationFilterChain.java:166)
	at org.springframework.web.filter.RequestContextFilter.doFilterInternal(RequestContextFilter.java:100)
	at org.springframework.web.filter.OncePerRequestFilter.doFilter(OncePerRequestFilter.java:119)
	at org.apache.catalina.core.ApplicationFilterChain.internalDoFilter(ApplicationFilterChain.java:193)
	at org.apache.catalina.core.ApplicationFilterChain.doFilter(ApplicationFilterChain.java:166)
	at org.springframework.web.filter.FormContentFilter.doFilterInternal(FormContentFilter.java:93)
	at org.springframework.web.filter.OncePerRequestFilter.doFilter(OncePerRequestFilter.java:119)
	at org.apache.catalina.core.ApplicationFilterChain.internalDoFilter(ApplicationFilterChain.java:193)
	at org.apache.catalina.core.ApplicationFilterChain.doFilter(ApplicationFilterChain.java:166)
	at org.springframework.web.filter.CharacterEncodingFilter.doFilterInternal(CharacterEncodingFilter.java:201)
	at org.springframework.web.filter.OncePerRequestFilter.doFilter(OncePerRequestFilter.java:119)
	at org.apache.catalina.core.ApplicationFilterChain.internalDoFilter(ApplicationFilterChain.java:193)
	at org.apache.catalina.core.ApplicationFilterChain.doFilter(ApplicationFilterChain.java:166)
	at org.apache.catalina.core.StandardWrapperValve.invoke(StandardWrapperValve.java:202)
	at org.apache.catalina.core.StandardContextValve.invoke(StandardContextValve.java:97)
	at org.apache.catalina.authenticator.AuthenticatorBase.invoke(AuthenticatorBase.java:542)
	at org.apache.catalina.core.StandardHostValve.invoke(StandardHostValve.java:143)
	at org.apache.catalina.valves.ErrorReportValve.invoke(ErrorReportValve.java:92)
	at org.apache.catalina.core.StandardEngineValve.invoke(StandardEngineValve.java:78)
	at org.apache.catalina.connector.CoyoteAdapter.service(CoyoteAdapter.java:343)
	at org.apache.coyote.http11.Http11Processor.service(Http11Processor.java:374)
	at org.apache.coyote.AbstractProcessorLight.process(AbstractProcessorLight.java:65)
	at org.apache.coyote.AbstractProtocol$ConnectionHandler.process(AbstractProtocol.java:868)
	at org.apache.tomcat.util.net.NioEndpoint$SocketProcessor.doRun(NioEndpoint.java:1590)
	at org.apache.tomcat.util.net.SocketProcessorBase.run(SocketProcessorBase.java:49)
	at java.util.concurrent.ThreadPoolExecutor.runWorker(ThreadPoolExecutor.java:1142)
	at java.util.concurrent.ThreadPoolExecutor$Worker.run(ThreadPoolExecutor.java:617)
	at org.apache.tomcat.util.threads.TaskThread$WrappingRunnable.run(TaskThread.java:61)
	at java.lang.Thread.run(Thread.java:745)
Caused by: javax.crypto.BadPaddingException: Given final block not properly padded
	at com.sun.crypto.provider.CipherCore.doFinal(CipherCore.java:966)
	at com.sun.crypto.provider.CipherCore.doFinal(CipherCore.java:824)
	at com.sun.crypto.provider.AESCipher.engineDoFinal(AESCipher.java:436)
	at javax.crypto.Cipher.doFinal(Cipher.java:2165)
	at org.apache.shiro.crypto.JcaCipherService.crypt(JcaCipherService.java:459)
	... 47 common frames omitted
2020-11-30 21:11:33 |WARN  |restartedMain |ThymeleafAutoConfiguration.java:105 |org.springframework.boot.autoconfigure.thymeleaf.ThymeleafAutoConfiguration$DefaultTemplateResolverConfiguration |Cannot find template location: classpath:/templates/ (please add some templates or check your Thymeleaf configuration)
2020-11-30 22:47:20 |WARN  |main |ThymeleafAutoConfiguration.java:105 |org.springframework.boot.autoconfigure.thymeleaf.ThymeleafAutoConfiguration$DefaultTemplateResolverConfiguration |Cannot find template location: classpath:/templates/ (please add some templates or check your Thymeleaf configuration)
2020-11-30 22:59:27 |WARN  |restartedMain |ThymeleafAutoConfiguration.java:105 |org.springframework.boot.autoconfigure.thymeleaf.ThymeleafAutoConfiguration$DefaultTemplateResolverConfiguration |Cannot find template location: classpath:/templates/ (please add some templates or check your Thymeleaf configuration)
