2020-12-01 10:36:44 |WARN  |main |ThymeleafAutoConfiguration.java:105 |org.springframework.boot.autoconfigure.thymeleaf.ThymeleafAutoConfiguration$DefaultTemplateResolverConfiguration |Cannot find template location: classpath:/templates/ (please add some templates or check your Thymeleaf configuration)
2020-12-01 10:45:17 |WARN  |restartedMain |ThymeleafAutoConfiguration.java:105 |org.springframework.boot.autoconfigure.thymeleaf.ThymeleafAutoConfiguration$DefaultTemplateResolverConfiguration |Cannot find template location: classpath:/templates/ (please add some templates or check your Thymeleaf configuration)
2020-12-01 11:33:12 |WARN  |restartedMain |ThymeleafAutoConfiguration.java:105 |org.springframework.boot.autoconfigure.thymeleaf.ThymeleafAutoConfiguration$DefaultTemplateResolverConfiguration |Cannot find template location: classpath:/templates/ (please add some templates or check your Thymeleaf configuration)
2020-12-01 11:33:23 |WARN  |restartedMain |ThymeleafAutoConfiguration.java:105 |org.springframework.boot.autoconfigure.thymeleaf.ThymeleafAutoConfiguration$DefaultTemplateResolverConfiguration |Cannot find template location: classpath:/templates/ (please add some templates or check your Thymeleaf configuration)
2020-12-01 11:33:41 |WARN  |restartedMain |ThymeleafAutoConfiguration.java:105 |org.springframework.boot.autoconfigure.thymeleaf.ThymeleafAutoConfiguration$DefaultTemplateResolverConfiguration |Cannot find template location: classpath:/templates/ (please add some templates or check your Thymeleaf configuration)
2020-12-01 11:41:35 |WARN  |restartedMain |ThymeleafAutoConfiguration.java:105 |org.springframework.boot.autoconfigure.thymeleaf.ThymeleafAutoConfiguration$DefaultTemplateResolverConfiguration |Cannot find template location: classpath:/templates/ (please add some templates or check your Thymeleaf configuration)
2020-12-01 11:42:40 |WARN  |restartedMain |ThymeleafAutoConfiguration.java:105 |org.springframework.boot.autoconfigure.thymeleaf.ThymeleafAutoConfiguration$DefaultTemplateResolverConfiguration |Cannot find template location: classpath:/templates/ (please add some templates or check your Thymeleaf configuration)
2020-12-01 12:17:12 |WARN  |restartedMain |ThymeleafAutoConfiguration.java:105 |org.springframework.boot.autoconfigure.thymeleaf.ThymeleafAutoConfiguration$DefaultTemplateResolverConfiguration |Cannot find template location: classpath:/templates/ (please add some templates or check your Thymeleaf configuration)
2020-12-01 13:10:30 |WARN  |restartedMain |ThymeleafAutoConfiguration.java:105 |org.springframework.boot.autoconfigure.thymeleaf.ThymeleafAutoConfiguration$DefaultTemplateResolverConfiguration |Cannot find template location: classpath:/templates/ (please add some templates or check your Thymeleaf configuration)
2020-12-01 14:56:32 |WARN  |main |ThymeleafAutoConfiguration.java:105 |org.springframework.boot.autoconfigure.thymeleaf.ThymeleafAutoConfiguration$DefaultTemplateResolverConfiguration |Cannot find template location: classpath:/templates/ (please add some templates or check your Thymeleaf configuration)
2020-12-01 15:40:46 |WARN  |main |ThymeleafAutoConfiguration.java:105 |org.springframework.boot.autoconfigure.thymeleaf.ThymeleafAutoConfiguration$DefaultTemplateResolverConfiguration |Cannot find template location: classpath:/templates/ (please add some templates or check your Thymeleaf configuration)
2020-12-01 15:41:32 |WARN  |main |ThymeleafAutoConfiguration.java:105 |org.springframework.boot.autoconfigure.thymeleaf.ThymeleafAutoConfiguration$DefaultTemplateResolverConfiguration |Cannot find template location: classpath:/templates/ (please add some templates or check your Thymeleaf configuration)
2020-12-01 15:59:59 |WARN  |restartedMain |ThymeleafAutoConfiguration.java:105 |org.springframework.boot.autoconfigure.thymeleaf.ThymeleafAutoConfiguration$DefaultTemplateResolverConfiguration |Cannot find template location: classpath:/templates/ (please add some templates or check your Thymeleaf configuration)
2020-12-01 16:00:55 |WARN  |restartedMain |ThymeleafAutoConfiguration.java:105 |org.springframework.boot.autoconfigure.thymeleaf.ThymeleafAutoConfiguration$DefaultTemplateResolverConfiguration |Cannot find template location: classpath:/templates/ (please add some templates or check your Thymeleaf configuration)
2020-12-01 16:00:59 |WARN  |restartedMain |ThymeleafAutoConfiguration.java:105 |org.springframework.boot.autoconfigure.thymeleaf.ThymeleafAutoConfiguration$DefaultTemplateResolverConfiguration |Cannot find template location: classpath:/templates/ (please add some templates or check your Thymeleaf configuration)
2020-12-01 16:01:07 |WARN  |restartedMain |ThymeleafAutoConfiguration.java:105 |org.springframework.boot.autoconfigure.thymeleaf.ThymeleafAutoConfiguration$DefaultTemplateResolverConfiguration |Cannot find template location: classpath:/templates/ (please add some templates or check your Thymeleaf configuration)
2020-12-01 16:01:07 |WARN  |http-nio-80-exec-1 |AbstractHandlerExceptionResolver.java:207 |org.springframework.web.servlet.mvc.method.annotation.ExceptionHandlerExceptionResolver |Resolved [K15Exception(code=204, msg=精品课程信息为空)]
2020-12-01 16:01:48 |WARN  |restartedMain |ThymeleafAutoConfiguration.java:105 |org.springframework.boot.autoconfigure.thymeleaf.ThymeleafAutoConfiguration$DefaultTemplateResolverConfiguration |Cannot find template location: classpath:/templates/ (please add some templates or check your Thymeleaf configuration)
2020-12-01 16:01:55 |WARN  |restartedMain |ThymeleafAutoConfiguration.java:105 |org.springframework.boot.autoconfigure.thymeleaf.ThymeleafAutoConfiguration$DefaultTemplateResolverConfiguration |Cannot find template location: classpath:/templates/ (please add some templates or check your Thymeleaf configuration)
2020-12-01 16:03:26 |WARN  |restartedMain |ThymeleafAutoConfiguration.java:105 |org.springframework.boot.autoconfigure.thymeleaf.ThymeleafAutoConfiguration$DefaultTemplateResolverConfiguration |Cannot find template location: classpath:/templates/ (please add some templates or check your Thymeleaf configuration)
2020-12-01 16:03:29 |WARN  |restartedMain |ThymeleafAutoConfiguration.java:105 |org.springframework.boot.autoconfigure.thymeleaf.ThymeleafAutoConfiguration$DefaultTemplateResolverConfiguration |Cannot find template location: classpath:/templates/ (please add some templates or check your Thymeleaf configuration)
2020-12-01 16:03:33 |WARN  |restartedMain |ThymeleafAutoConfiguration.java:105 |org.springframework.boot.autoconfigure.thymeleaf.ThymeleafAutoConfiguration$DefaultTemplateResolverConfiguration |Cannot find template location: classpath:/templates/ (please add some templates or check your Thymeleaf configuration)
2020-12-01 16:03:37 |WARN  |restartedMain |ThymeleafAutoConfiguration.java:105 |org.springframework.boot.autoconfigure.thymeleaf.ThymeleafAutoConfiguration$DefaultTemplateResolverConfiguration |Cannot find template location: classpath:/templates/ (please add some templates or check your Thymeleaf configuration)
2020-12-01 16:40:24 |WARN  |main |ThymeleafAutoConfiguration.java:105 |org.springframework.boot.autoconfigure.thymeleaf.ThymeleafAutoConfiguration$DefaultTemplateResolverConfiguration |Cannot find template location: classpath:/templates/ (please add some templates or check your Thymeleaf configuration)
2020-12-01 16:46:34 |WARN  |main |ThymeleafAutoConfiguration.java:105 |org.springframework.boot.autoconfigure.thymeleaf.ThymeleafAutoConfiguration$DefaultTemplateResolverConfiguration |Cannot find template location: classpath:/templates/ (please add some templates or check your Thymeleaf configuration)
2020-12-01 16:54:43 |WARN  |main |ThymeleafAutoConfiguration.java:105 |org.springframework.boot.autoconfigure.thymeleaf.ThymeleafAutoConfiguration$DefaultTemplateResolverConfiguration |Cannot find template location: classpath:/templates/ (please add some templates or check your Thymeleaf configuration)
2020-12-01 17:08:02 |WARN  |restartedMain |ThymeleafAutoConfiguration.java:105 |org.springframework.boot.autoconfigure.thymeleaf.ThymeleafAutoConfiguration$DefaultTemplateResolverConfiguration |Cannot find template location: classpath:/templates/ (please add some templates or check your Thymeleaf configuration)
2020-12-01 17:10:32 |WARN  |http-nio-80-exec-10 |AbstractHandlerExceptionResolver.java:207 |org.springframework.web.servlet.mvc.method.annotation.ExceptionHandlerExceptionResolver |Resolved [K15Exception(code=402, msg=用户登录失败)]
2020-12-01 18:59:30 |WARN  |restartedMain |ThymeleafAutoConfiguration.java:105 |org.springframework.boot.autoconfigure.thymeleaf.ThymeleafAutoConfiguration$DefaultTemplateResolverConfiguration |Cannot find template location: classpath:/templates/ (please add some templates or check your Thymeleaf configuration)
2020-12-01 19:31:49 |WARN  |http-nio-80-exec-8 |AbstractHandlerExceptionResolver.java:207 |org.springframework.web.servlet.mvc.method.annotation.ExceptionHandlerExceptionResolver |Resolved [K15Exception(code=402, msg=用户登录失败)]
2020-12-01 19:32:43 |WARN  |restartedMain |ThymeleafAutoConfiguration.java:105 |org.springframework.boot.autoconfigure.thymeleaf.ThymeleafAutoConfiguration$DefaultTemplateResolverConfiguration |Cannot find template location: classpath:/templates/ (please add some templates or check your Thymeleaf configuration)
2020-12-01 19:33:06 |WARN  |http-nio-80-exec-8 |AbstractHandlerExceptionResolver.java:207 |org.springframework.web.servlet.mvc.method.annotation.ExceptionHandlerExceptionResolver |Resolved [K15Exception(code=402, msg=用户登录失败)]
2020-12-01 19:39:29 |WARN  |restartedMain |ThymeleafAutoConfiguration.java:105 |org.springframework.boot.autoconfigure.thymeleaf.ThymeleafAutoConfiguration$DefaultTemplateResolverConfiguration |Cannot find template location: classpath:/templates/ (please add some templates or check your Thymeleaf configuration)
2020-12-01 19:39:48 |WARN  |restartedMain |ThymeleafAutoConfiguration.java:105 |org.springframework.boot.autoconfigure.thymeleaf.ThymeleafAutoConfiguration$DefaultTemplateResolverConfiguration |Cannot find template location: classpath:/templates/ (please add some templates or check your Thymeleaf configuration)
2020-12-01 19:40:43 |WARN  |restartedMain |ThymeleafAutoConfiguration.java:105 |org.springframework.boot.autoconfigure.thymeleaf.ThymeleafAutoConfiguration$DefaultTemplateResolverConfiguration |Cannot find template location: classpath:/templates/ (please add some templates or check your Thymeleaf configuration)
2020-12-01 19:40:51 |WARN  |restartedMain |ThymeleafAutoConfiguration.java:105 |org.springframework.boot.autoconfigure.thymeleaf.ThymeleafAutoConfiguration$DefaultTemplateResolverConfiguration |Cannot find template location: classpath:/templates/ (please add some templates or check your Thymeleaf configuration)
2020-12-01 19:40:59 |WARN  |restartedMain |ThymeleafAutoConfiguration.java:105 |org.springframework.boot.autoconfigure.thymeleaf.ThymeleafAutoConfiguration$DefaultTemplateResolverConfiguration |Cannot find template location: classpath:/templates/ (please add some templates or check your Thymeleaf configuration)
2020-12-01 19:41:06 |WARN  |restartedMain |ThymeleafAutoConfiguration.java:105 |org.springframework.boot.autoconfigure.thymeleaf.ThymeleafAutoConfiguration$DefaultTemplateResolverConfiguration |Cannot find template location: classpath:/templates/ (please add some templates or check your Thymeleaf configuration)
2020-12-01 19:41:14 |WARN  |restartedMain |ThymeleafAutoConfiguration.java:105 |org.springframework.boot.autoconfigure.thymeleaf.ThymeleafAutoConfiguration$DefaultTemplateResolverConfiguration |Cannot find template location: classpath:/templates/ (please add some templates or check your Thymeleaf configuration)
2020-12-01 19:41:18 |WARN  |restartedMain |ThymeleafAutoConfiguration.java:105 |org.springframework.boot.autoconfigure.thymeleaf.ThymeleafAutoConfiguration$DefaultTemplateResolverConfiguration |Cannot find template location: classpath:/templates/ (please add some templates or check your Thymeleaf configuration)
2020-12-01 19:41:26 |WARN  |restartedMain |ThymeleafAutoConfiguration.java:105 |org.springframework.boot.autoconfigure.thymeleaf.ThymeleafAutoConfiguration$DefaultTemplateResolverConfiguration |Cannot find template location: classpath:/templates/ (please add some templates or check your Thymeleaf configuration)
2020-12-01 19:43:32 |WARN  |restartedMain |ThymeleafAutoConfiguration.java:105 |org.springframework.boot.autoconfigure.thymeleaf.ThymeleafAutoConfiguration$DefaultTemplateResolverConfiguration |Cannot find template location: classpath:/templates/ (please add some templates or check your Thymeleaf configuration)
2020-12-01 19:43:48 |WARN  |restartedMain |ThymeleafAutoConfiguration.java:105 |org.springframework.boot.autoconfigure.thymeleaf.ThymeleafAutoConfiguration$DefaultTemplateResolverConfiguration |Cannot find template location: classpath:/templates/ (please add some templates or check your Thymeleaf configuration)
2020-12-01 20:19:01 |WARN  |restartedMain |ThymeleafAutoConfiguration.java:105 |org.springframework.boot.autoconfigure.thymeleaf.ThymeleafAutoConfiguration$DefaultTemplateResolverConfiguration |Cannot find template location: classpath:/templates/ (please add some templates or check your Thymeleaf configuration)
2020-12-01 20:19:23 |WARN  |restartedMain |ThymeleafAutoConfiguration.java:105 |org.springframework.boot.autoconfigure.thymeleaf.ThymeleafAutoConfiguration$DefaultTemplateResolverConfiguration |Cannot find template location: classpath:/templates/ (please add some templates or check your Thymeleaf configuration)
2020-12-01 20:19:39 |WARN  |restartedMain |ThymeleafAutoConfiguration.java:105 |org.springframework.boot.autoconfigure.thymeleaf.ThymeleafAutoConfiguration$DefaultTemplateResolverConfiguration |Cannot find template location: classpath:/templates/ (please add some templates or check your Thymeleaf configuration)
2020-12-01 20:19:47 |WARN  |restartedMain |ThymeleafAutoConfiguration.java:105 |org.springframework.boot.autoconfigure.thymeleaf.ThymeleafAutoConfiguration$DefaultTemplateResolverConfiguration |Cannot find template location: classpath:/templates/ (please add some templates or check your Thymeleaf configuration)
2020-12-01 21:59:12 |WARN  |restartedMain |ThymeleafAutoConfiguration.java:105 |org.springframework.boot.autoconfigure.thymeleaf.ThymeleafAutoConfiguration$DefaultTemplateResolverConfiguration |Cannot find template location: classpath:/templates/ (please add some templates or check your Thymeleaf configuration)
2020-12-01 22:03:39 |WARN  |restartedMain |ThymeleafAutoConfiguration.java:105 |org.springframework.boot.autoconfigure.thymeleaf.ThymeleafAutoConfiguration$DefaultTemplateResolverConfiguration |Cannot find template location: classpath:/templates/ (please add some templates or check your Thymeleaf configuration)
2020-12-01 22:03:43 |WARN  |restartedMain |ThymeleafAutoConfiguration.java:105 |org.springframework.boot.autoconfigure.thymeleaf.ThymeleafAutoConfiguration$DefaultTemplateResolverConfiguration |Cannot find template location: classpath:/templates/ (please add some templates or check your Thymeleaf configuration)
2020-12-01 22:04:01 |WARN  |restartedMain |ThymeleafAutoConfiguration.java:105 |org.springframework.boot.autoconfigure.thymeleaf.ThymeleafAutoConfiguration$DefaultTemplateResolverConfiguration |Cannot find template location: classpath:/templates/ (please add some templates or check your Thymeleaf configuration)
2020-12-01 22:04:11 |WARN  |restartedMain |ThymeleafAutoConfiguration.java:105 |org.springframework.boot.autoconfigure.thymeleaf.ThymeleafAutoConfiguration$DefaultTemplateResolverConfiguration |Cannot find template location: classpath:/templates/ (please add some templates or check your Thymeleaf configuration)
2020-12-01 22:04:18 |WARN  |restartedMain |ThymeleafAutoConfiguration.java:105 |org.springframework.boot.autoconfigure.thymeleaf.ThymeleafAutoConfiguration$DefaultTemplateResolverConfiguration |Cannot find template location: classpath:/templates/ (please add some templates or check your Thymeleaf configuration)
2020-12-01 22:06:09 |WARN  |restartedMain |ThymeleafAutoConfiguration.java:105 |org.springframework.boot.autoconfigure.thymeleaf.ThymeleafAutoConfiguration$DefaultTemplateResolverConfiguration |Cannot find template location: classpath:/templates/ (please add some templates or check your Thymeleaf configuration)
2020-12-01 22:06:14 |WARN  |restartedMain |ThymeleafAutoConfiguration.java:105 |org.springframework.boot.autoconfigure.thymeleaf.ThymeleafAutoConfiguration$DefaultTemplateResolverConfiguration |Cannot find template location: classpath:/templates/ (please add some templates or check your Thymeleaf configuration)
2020-12-01 22:06:59 |WARN  |restartedMain |ThymeleafAutoConfiguration.java:105 |org.springframework.boot.autoconfigure.thymeleaf.ThymeleafAutoConfiguration$DefaultTemplateResolverConfiguration |Cannot find template location: classpath:/templates/ (please add some templates or check your Thymeleaf configuration)
2020-12-01 22:07:42 |WARN  |restartedMain |ThymeleafAutoConfiguration.java:105 |org.springframework.boot.autoconfigure.thymeleaf.ThymeleafAutoConfiguration$DefaultTemplateResolverConfiguration |Cannot find template location: classpath:/templates/ (please add some templates or check your Thymeleaf configuration)
2020-12-01 22:07:45 |WARN  |restartedMain |ThymeleafAutoConfiguration.java:105 |org.springframework.boot.autoconfigure.thymeleaf.ThymeleafAutoConfiguration$DefaultTemplateResolverConfiguration |Cannot find template location: classpath:/templates/ (please add some templates or check your Thymeleaf configuration)
2020-12-01 22:07:49 |WARN  |restartedMain |ThymeleafAutoConfiguration.java:105 |org.springframework.boot.autoconfigure.thymeleaf.ThymeleafAutoConfiguration$DefaultTemplateResolverConfiguration |Cannot find template location: classpath:/templates/ (please add some templates or check your Thymeleaf configuration)
2020-12-01 22:08:11 |WARN  |restartedMain |ThymeleafAutoConfiguration.java:105 |org.springframework.boot.autoconfigure.thymeleaf.ThymeleafAutoConfiguration$DefaultTemplateResolverConfiguration |Cannot find template location: classpath:/templates/ (please add some templates or check your Thymeleaf configuration)
2020-12-01 22:08:40 |WARN  |restartedMain |ThymeleafAutoConfiguration.java:105 |org.springframework.boot.autoconfigure.thymeleaf.ThymeleafAutoConfiguration$DefaultTemplateResolverConfiguration |Cannot find template location: classpath:/templates/ (please add some templates or check your Thymeleaf configuration)
2020-12-01 22:09:06 |WARN  |restartedMain |SpringApplication.java:828 |org.springframework.boot.SpringApplication |Unable to close ApplicationContext
java.lang.IllegalStateException: Failed to introspect Class [com.woniu.springboot.portals.config.MvcJavaConfig] from ClassLoader [org.springframework.boot.devtools.restart.classloader.RestartClassLoader@2f35b866]
	at org.springframework.util.ReflectionUtils.getDeclaredMethods(ReflectionUtils.java:481)
	at org.springframework.util.ReflectionUtils.doWithMethods(ReflectionUtils.java:358)
	at org.springframework.util.ReflectionUtils.getUniqueDeclaredMethods(ReflectionUtils.java:414)
	at org.springframework.beans.factory.support.AbstractAutowireCapableBeanFactory.lambda$getTypeForFactoryMethod$2(AbstractAutowireCapableBeanFactory.java:754)
	at org.springframework.beans.factory.support.AbstractAutowireCapableBeanFactory$$Lambda$296/1553098081.apply(Unknown Source)
	at java.util.concurrent.ConcurrentHashMap.computeIfAbsent(ConcurrentHashMap.java:1660)
	at org.springframework.beans.factory.support.AbstractAutowireCapableBeanFactory.getTypeForFactoryMethod(AbstractAutowireCapableBeanFactory.java:753)
	at org.springframework.beans.factory.support.AbstractAutowireCapableBeanFactory.determineTargetType(AbstractAutowireCapableBeanFactory.java:692)
	at org.springframework.beans.factory.support.AbstractAutowireCapableBeanFactory.predictBeanType(AbstractAutowireCapableBeanFactory.java:663)
	at org.springframework.beans.factory.support.AbstractBeanFactory.isFactoryBean(AbstractBeanFactory.java:1665)
	at org.springframework.beans.factory.support.DefaultListableBeanFactory.doGetBeanNamesForType(DefaultListableBeanFactory.java:570)
	at org.springframework.beans.factory.support.DefaultListableBeanFactory.getBeanNamesForType(DefaultListableBeanFactory.java:542)
	at org.springframework.beans.factory.support.DefaultListableBeanFactory.getBeansOfType(DefaultListableBeanFactory.java:667)
	at org.springframework.beans.factory.support.DefaultListableBeanFactory.getBeansOfType(DefaultListableBeanFactory.java:659)
	at org.springframework.context.support.AbstractApplicationContext.getBeansOfType(AbstractApplicationContext.java:1307)
	at org.springframework.boot.SpringApplication.getExitCodeFromMappedException(SpringApplication.java:899)
	at org.springframework.boot.SpringApplication.getExitCodeFromException(SpringApplication.java:887)
	at org.springframework.boot.SpringApplication.handleExitCode(SpringApplication.java:874)
	at org.springframework.boot.SpringApplication.handleRunFailure(SpringApplication.java:815)
	at org.springframework.boot.SpringApplication.run(SpringApplication.java:336)
	at org.springframework.boot.SpringApplication.run(SpringApplication.java:1309)
	at org.springframework.boot.SpringApplication.run(SpringApplication.java:1298)
	at com.woniu.springboot.portals.SpringbootK15PortalsApplication.main(SpringbootK15PortalsApplication.java:14)
	at sun.reflect.NativeMethodAccessorImpl.invoke0(Native Method)
	at sun.reflect.NativeMethodAccessorImpl.invoke(NativeMethodAccessorImpl.java:62)
	at sun.reflect.DelegatingMethodAccessorImpl.invoke(DelegatingMethodAccessorImpl.java:43)
	at java.lang.reflect.Method.invoke(Method.java:497)
	at org.springframework.boot.devtools.restart.RestartLauncher.run(RestartLauncher.java:49)
Caused by: java.lang.NoClassDefFoundError: com/woniu/springboot/portals/interceptor/JwtInterceptor
	at java.lang.Class.getDeclaredMethods0(Native Method)
	at java.lang.Class.privateGetDeclaredMethods(Class.java:2701)
	at java.lang.Class.getDeclaredMethods(Class.java:1975)
	at org.springframework.util.ReflectionUtils.getDeclaredMethods(ReflectionUtils.java:463)
	... 27 common frames omitted
Caused by: java.lang.ClassNotFoundException: com.woniu.springboot.portals.interceptor.JwtInterceptor
	at java.net.URLClassLoader.findClass(URLClassLoader.java:381)
	at java.lang.ClassLoader.loadClass(ClassLoader.java:424)
	at sun.misc.Launcher$AppClassLoader.loadClass(Launcher.java:331)
	at java.lang.ClassLoader.loadClass(ClassLoader.java:357)
	at org.springframework.boot.devtools.restart.classloader.RestartClassLoader.loadClass(RestartClassLoader.java:144)
	at java.lang.ClassLoader.loadClass(ClassLoader.java:357)
	... 31 common frames omitted
2020-12-01 22:09:13 |WARN  |restartedMain |ThymeleafAutoConfiguration.java:105 |org.springframework.boot.autoconfigure.thymeleaf.ThymeleafAutoConfiguration$DefaultTemplateResolverConfiguration |Cannot find template location: classpath:/templates/ (please add some templates or check your Thymeleaf configuration)
2020-12-01 22:09:18 |WARN  |restartedMain |SpringApplication.java:828 |org.springframework.boot.SpringApplication |Unable to close ApplicationContext
java.lang.IllegalStateException: Failed to introspect Class [com.woniu.springboot.portals.config.MvcJavaConfig] from ClassLoader [org.springframework.boot.devtools.restart.classloader.RestartClassLoader@56f9df81]
	at org.springframework.util.ReflectionUtils.getDeclaredMethods(ReflectionUtils.java:481)
	at org.springframework.util.ReflectionUtils.doWithMethods(ReflectionUtils.java:358)
	at org.springframework.util.ReflectionUtils.getUniqueDeclaredMethods(ReflectionUtils.java:414)
	at org.springframework.beans.factory.support.AbstractAutowireCapableBeanFactory.lambda$getTypeForFactoryMethod$2(AbstractAutowireCapableBeanFactory.java:754)
	at org.springframework.beans.factory.support.AbstractAutowireCapableBeanFactory$$Lambda$296/1553098081.apply(Unknown Source)
	at java.util.concurrent.ConcurrentHashMap.computeIfAbsent(ConcurrentHashMap.java:1660)
	at org.springframework.beans.factory.support.AbstractAutowireCapableBeanFactory.getTypeForFactoryMethod(AbstractAutowireCapableBeanFactory.java:753)
	at org.springframework.beans.factory.support.AbstractAutowireCapableBeanFactory.determineTargetType(AbstractAutowireCapableBeanFactory.java:692)
	at org.springframework.beans.factory.support.AbstractAutowireCapableBeanFactory.predictBeanType(AbstractAutowireCapableBeanFactory.java:663)
	at org.springframework.beans.factory.support.AbstractBeanFactory.isFactoryBean(AbstractBeanFactory.java:1665)
	at org.springframework.beans.factory.support.DefaultListableBeanFactory.doGetBeanNamesForType(DefaultListableBeanFactory.java:570)
	at org.springframework.beans.factory.support.DefaultListableBeanFactory.getBeanNamesForType(DefaultListableBeanFactory.java:542)
	at org.springframework.beans.factory.support.DefaultListableBeanFactory.getBeansOfType(DefaultListableBeanFactory.java:667)
	at org.springframework.beans.factory.support.DefaultListableBeanFactory.getBeansOfType(DefaultListableBeanFactory.java:659)
	at org.springframework.context.support.AbstractApplicationContext.getBeansOfType(AbstractApplicationContext.java:1307)
	at org.springframework.boot.SpringApplication.getExitCodeFromMappedException(SpringApplication.java:899)
	at org.springframework.boot.SpringApplication.getExitCodeFromException(SpringApplication.java:887)
	at org.springframework.boot.SpringApplication.handleExitCode(SpringApplication.java:874)
	at org.springframework.boot.SpringApplication.handleRunFailure(SpringApplication.java:815)
	at org.springframework.boot.SpringApplication.run(SpringApplication.java:336)
	at org.springframework.boot.SpringApplication.run(SpringApplication.java:1309)
	at org.springframework.boot.SpringApplication.run(SpringApplication.java:1298)
	at com.woniu.springboot.portals.SpringbootK15PortalsApplication.main(SpringbootK15PortalsApplication.java:14)
	at sun.reflect.NativeMethodAccessorImpl.invoke0(Native Method)
	at sun.reflect.NativeMethodAccessorImpl.invoke(NativeMethodAccessorImpl.java:62)
	at sun.reflect.DelegatingMethodAccessorImpl.invoke(DelegatingMethodAccessorImpl.java:43)
	at java.lang.reflect.Method.invoke(Method.java:497)
	at org.springframework.boot.devtools.restart.RestartLauncher.run(RestartLauncher.java:49)
Caused by: java.lang.NoClassDefFoundError: com/woniu/springboot/portals/interceptor/JwtInterceptor
	at java.lang.Class.getDeclaredMethods0(Native Method)
	at java.lang.Class.privateGetDeclaredMethods(Class.java:2701)
	at java.lang.Class.getDeclaredMethods(Class.java:1975)
	at org.springframework.util.ReflectionUtils.getDeclaredMethods(ReflectionUtils.java:463)
	... 27 common frames omitted
Caused by: java.lang.ClassNotFoundException: com.woniu.springboot.portals.interceptor.JwtInterceptor
	at java.net.URLClassLoader.findClass(URLClassLoader.java:381)
	at java.lang.ClassLoader.loadClass(ClassLoader.java:424)
	at sun.misc.Launcher$AppClassLoader.loadClass(Launcher.java:331)
	at java.lang.ClassLoader.loadClass(ClassLoader.java:357)
	at org.springframework.boot.devtools.restart.classloader.RestartClassLoader.loadClass(RestartClassLoader.java:144)
	at java.lang.ClassLoader.loadClass(ClassLoader.java:357)
	... 31 common frames omitted
2020-12-01 22:09:23 |WARN  |restartedMain |ThymeleafAutoConfiguration.java:105 |org.springframework.boot.autoconfigure.thymeleaf.ThymeleafAutoConfiguration$DefaultTemplateResolverConfiguration |Cannot find template location: classpath:/templates/ (please add some templates or check your Thymeleaf configuration)
2020-12-01 22:09:28 |WARN  |restartedMain |SpringApplication.java:828 |org.springframework.boot.SpringApplication |Unable to close ApplicationContext
java.lang.IllegalStateException: Failed to introspect Class [com.woniu.springboot.portals.config.MvcJavaConfig] from ClassLoader [org.springframework.boot.devtools.restart.classloader.RestartClassLoader@59b2c23f]
	at org.springframework.util.ReflectionUtils.getDeclaredMethods(ReflectionUtils.java:481)
	at org.springframework.util.ReflectionUtils.doWithMethods(ReflectionUtils.java:358)
	at org.springframework.util.ReflectionUtils.getUniqueDeclaredMethods(ReflectionUtils.java:414)
	at org.springframework.beans.factory.support.AbstractAutowireCapableBeanFactory.lambda$getTypeForFactoryMethod$2(AbstractAutowireCapableBeanFactory.java:754)
	at org.springframework.beans.factory.support.AbstractAutowireCapableBeanFactory$$Lambda$296/1553098081.apply(Unknown Source)
	at java.util.concurrent.ConcurrentHashMap.computeIfAbsent(ConcurrentHashMap.java:1660)
	at org.springframework.beans.factory.support.AbstractAutowireCapableBeanFactory.getTypeForFactoryMethod(AbstractAutowireCapableBeanFactory.java:753)
	at org.springframework.beans.factory.support.AbstractAutowireCapableBeanFactory.determineTargetType(AbstractAutowireCapableBeanFactory.java:692)
	at org.springframework.beans.factory.support.AbstractAutowireCapableBeanFactory.predictBeanType(AbstractAutowireCapableBeanFactory.java:663)
	at org.springframework.beans.factory.support.AbstractBeanFactory.isFactoryBean(AbstractBeanFactory.java:1665)
	at org.springframework.beans.factory.support.DefaultListableBeanFactory.doGetBeanNamesForType(DefaultListableBeanFactory.java:570)
	at org.springframework.beans.factory.support.DefaultListableBeanFactory.getBeanNamesForType(DefaultListableBeanFactory.java:542)
	at org.springframework.beans.factory.support.DefaultListableBeanFactory.getBeansOfType(DefaultListableBeanFactory.java:667)
	at org.springframework.beans.factory.support.DefaultListableBeanFactory.getBeansOfType(DefaultListableBeanFactory.java:659)
	at org.springframework.context.support.AbstractApplicationContext.getBeansOfType(AbstractApplicationContext.java:1307)
	at org.springframework.boot.SpringApplication.getExitCodeFromMappedException(SpringApplication.java:899)
	at org.springframework.boot.SpringApplication.getExitCodeFromException(SpringApplication.java:887)
	at org.springframework.boot.SpringApplication.handleExitCode(SpringApplication.java:874)
	at org.springframework.boot.SpringApplication.handleRunFailure(SpringApplication.java:815)
	at org.springframework.boot.SpringApplication.run(SpringApplication.java:336)
	at org.springframework.boot.SpringApplication.run(SpringApplication.java:1309)
	at org.springframework.boot.SpringApplication.run(SpringApplication.java:1298)
	at com.woniu.springboot.portals.SpringbootK15PortalsApplication.main(SpringbootK15PortalsApplication.java:14)
	at sun.reflect.NativeMethodAccessorImpl.invoke0(Native Method)
	at sun.reflect.NativeMethodAccessorImpl.invoke(NativeMethodAccessorImpl.java:62)
	at sun.reflect.DelegatingMethodAccessorImpl.invoke(DelegatingMethodAccessorImpl.java:43)
	at java.lang.reflect.Method.invoke(Method.java:497)
	at org.springframework.boot.devtools.restart.RestartLauncher.run(RestartLauncher.java:49)
Caused by: java.lang.NoClassDefFoundError: com/woniu/springboot/portals/interceptor/JwtInterceptor
	at java.lang.Class.getDeclaredMethods0(Native Method)
	at java.lang.Class.privateGetDeclaredMethods(Class.java:2701)
	at java.lang.Class.getDeclaredMethods(Class.java:1975)
	at org.springframework.util.ReflectionUtils.getDeclaredMethods(ReflectionUtils.java:463)
	... 27 common frames omitted
Caused by: java.lang.ClassNotFoundException: com.woniu.springboot.portals.interceptor.JwtInterceptor
	at java.net.URLClassLoader.findClass(URLClassLoader.java:381)
	at java.lang.ClassLoader.loadClass(ClassLoader.java:424)
	at sun.misc.Launcher$AppClassLoader.loadClass(Launcher.java:331)
	at java.lang.ClassLoader.loadClass(ClassLoader.java:357)
	at org.springframework.boot.devtools.restart.classloader.RestartClassLoader.loadClass(RestartClassLoader.java:144)
	at java.lang.ClassLoader.loadClass(ClassLoader.java:357)
	... 31 common frames omitted
2020-12-01 22:09:42 |WARN  |restartedMain |ThymeleafAutoConfiguration.java:105 |org.springframework.boot.autoconfigure.thymeleaf.ThymeleafAutoConfiguration$DefaultTemplateResolverConfiguration |Cannot find template location: classpath:/templates/ (please add some templates or check your Thymeleaf configuration)
2020-12-01 22:09:46 |WARN  |restartedMain |SpringApplication.java:828 |org.springframework.boot.SpringApplication |Unable to close ApplicationContext
java.lang.IllegalStateException: Failed to introspect Class [com.woniu.springboot.portals.config.MvcJavaConfig] from ClassLoader [org.springframework.boot.devtools.restart.classloader.RestartClassLoader@23e9aa57]
	at org.springframework.util.ReflectionUtils.getDeclaredMethods(ReflectionUtils.java:481)
	at org.springframework.util.ReflectionUtils.doWithMethods(ReflectionUtils.java:358)
	at org.springframework.util.ReflectionUtils.getUniqueDeclaredMethods(ReflectionUtils.java:414)
	at org.springframework.beans.factory.support.AbstractAutowireCapableBeanFactory.lambda$getTypeForFactoryMethod$2(AbstractAutowireCapableBeanFactory.java:754)
	at org.springframework.beans.factory.support.AbstractAutowireCapableBeanFactory$$Lambda$296/1553098081.apply(Unknown Source)
	at java.util.concurrent.ConcurrentHashMap.computeIfAbsent(ConcurrentHashMap.java:1660)
	at org.springframework.beans.factory.support.AbstractAutowireCapableBeanFactory.getTypeForFactoryMethod(AbstractAutowireCapableBeanFactory.java:753)
	at org.springframework.beans.factory.support.AbstractAutowireCapableBeanFactory.determineTargetType(AbstractAutowireCapableBeanFactory.java:692)
	at org.springframework.beans.factory.support.AbstractAutowireCapableBeanFactory.predictBeanType(AbstractAutowireCapableBeanFactory.java:663)
	at org.springframework.beans.factory.support.AbstractBeanFactory.isFactoryBean(AbstractBeanFactory.java:1665)
	at org.springframework.beans.factory.support.DefaultListableBeanFactory.doGetBeanNamesForType(DefaultListableBeanFactory.java:570)
	at org.springframework.beans.factory.support.DefaultListableBeanFactory.getBeanNamesForType(DefaultListableBeanFactory.java:542)
	at org.springframework.beans.factory.support.DefaultListableBeanFactory.getBeansOfType(DefaultListableBeanFactory.java:667)
	at org.springframework.beans.factory.support.DefaultListableBeanFactory.getBeansOfType(DefaultListableBeanFactory.java:659)
	at org.springframework.context.support.AbstractApplicationContext.getBeansOfType(AbstractApplicationContext.java:1307)
	at org.springframework.boot.SpringApplication.getExitCodeFromMappedException(SpringApplication.java:899)
	at org.springframework.boot.SpringApplication.getExitCodeFromException(SpringApplication.java:887)
	at org.springframework.boot.SpringApplication.handleExitCode(SpringApplication.java:874)
	at org.springframework.boot.SpringApplication.handleRunFailure(SpringApplication.java:815)
	at org.springframework.boot.SpringApplication.run(SpringApplication.java:336)
	at org.springframework.boot.SpringApplication.run(SpringApplication.java:1309)
	at org.springframework.boot.SpringApplication.run(SpringApplication.java:1298)
	at com.woniu.springboot.portals.SpringbootK15PortalsApplication.main(SpringbootK15PortalsApplication.java:14)
	at sun.reflect.NativeMethodAccessorImpl.invoke0(Native Method)
	at sun.reflect.NativeMethodAccessorImpl.invoke(NativeMethodAccessorImpl.java:62)
	at sun.reflect.DelegatingMethodAccessorImpl.invoke(DelegatingMethodAccessorImpl.java:43)
	at java.lang.reflect.Method.invoke(Method.java:497)
	at org.springframework.boot.devtools.restart.RestartLauncher.run(RestartLauncher.java:49)
Caused by: java.lang.NoClassDefFoundError: com/woniu/springboot/portals/interceptor/JwtInterceptor
	at java.lang.Class.getDeclaredMethods0(Native Method)
	at java.lang.Class.privateGetDeclaredMethods(Class.java:2701)
	at java.lang.Class.getDeclaredMethods(Class.java:1975)
	at org.springframework.util.ReflectionUtils.getDeclaredMethods(ReflectionUtils.java:463)
	... 27 common frames omitted
Caused by: java.lang.ClassNotFoundException: com.woniu.springboot.portals.interceptor.JwtInterceptor
	at java.net.URLClassLoader.findClass(URLClassLoader.java:381)
	at java.lang.ClassLoader.loadClass(ClassLoader.java:424)
	at sun.misc.Launcher$AppClassLoader.loadClass(Launcher.java:331)
	at java.lang.ClassLoader.loadClass(ClassLoader.java:357)
	at org.springframework.boot.devtools.restart.classloader.RestartClassLoader.loadClass(RestartClassLoader.java:144)
	at java.lang.ClassLoader.loadClass(ClassLoader.java:357)
	... 31 common frames omitted
2020-12-01 22:09:50 |WARN  |restartedMain |ThymeleafAutoConfiguration.java:105 |org.springframework.boot.autoconfigure.thymeleaf.ThymeleafAutoConfiguration$DefaultTemplateResolverConfiguration |Cannot find template location: classpath:/templates/ (please add some templates or check your Thymeleaf configuration)
2020-12-01 22:09:54 |WARN  |restartedMain |SpringApplication.java:828 |org.springframework.boot.SpringApplication |Unable to close ApplicationContext
java.lang.IllegalStateException: Failed to introspect Class [com.woniu.springboot.portals.config.MvcJavaConfig] from ClassLoader [org.springframework.boot.devtools.restart.classloader.RestartClassLoader@75dec647]
	at org.springframework.util.ReflectionUtils.getDeclaredMethods(ReflectionUtils.java:481)
	at org.springframework.util.ReflectionUtils.doWithMethods(ReflectionUtils.java:358)
	at org.springframework.util.ReflectionUtils.getUniqueDeclaredMethods(ReflectionUtils.java:414)
	at org.springframework.beans.factory.support.AbstractAutowireCapableBeanFactory.lambda$getTypeForFactoryMethod$2(AbstractAutowireCapableBeanFactory.java:754)
	at org.springframework.beans.factory.support.AbstractAutowireCapableBeanFactory$$Lambda$296/1553098081.apply(Unknown Source)
	at java.util.concurrent.ConcurrentHashMap.computeIfAbsent(ConcurrentHashMap.java:1660)
	at org.springframework.beans.factory.support.AbstractAutowireCapableBeanFactory.getTypeForFactoryMethod(AbstractAutowireCapableBeanFactory.java:753)
	at org.springframework.beans.factory.support.AbstractAutowireCapableBeanFactory.determineTargetType(AbstractAutowireCapableBeanFactory.java:692)
	at org.springframework.beans.factory.support.AbstractAutowireCapableBeanFactory.predictBeanType(AbstractAutowireCapableBeanFactory.java:663)
	at org.springframework.beans.factory.support.AbstractBeanFactory.isFactoryBean(AbstractBeanFactory.java:1665)
	at org.springframework.beans.factory.support.DefaultListableBeanFactory.doGetBeanNamesForType(DefaultListableBeanFactory.java:570)
	at org.springframework.beans.factory.support.DefaultListableBeanFactory.getBeanNamesForType(DefaultListableBeanFactory.java:542)
	at org.springframework.beans.factory.support.DefaultListableBeanFactory.getBeansOfType(DefaultListableBeanFactory.java:667)
	at org.springframework.beans.factory.support.DefaultListableBeanFactory.getBeansOfType(DefaultListableBeanFactory.java:659)
	at org.springframework.context.support.AbstractApplicationContext.getBeansOfType(AbstractApplicationContext.java:1307)
	at org.springframework.boot.SpringApplication.getExitCodeFromMappedException(SpringApplication.java:899)
	at org.springframework.boot.SpringApplication.getExitCodeFromException(SpringApplication.java:887)
	at org.springframework.boot.SpringApplication.handleExitCode(SpringApplication.java:874)
	at org.springframework.boot.SpringApplication.handleRunFailure(SpringApplication.java:815)
	at org.springframework.boot.SpringApplication.run(SpringApplication.java:336)
	at org.springframework.boot.SpringApplication.run(SpringApplication.java:1309)
	at org.springframework.boot.SpringApplication.run(SpringApplication.java:1298)
	at com.woniu.springboot.portals.SpringbootK15PortalsApplication.main(SpringbootK15PortalsApplication.java:14)
	at sun.reflect.NativeMethodAccessorImpl.invoke0(Native Method)
	at sun.reflect.NativeMethodAccessorImpl.invoke(NativeMethodAccessorImpl.java:62)
	at sun.reflect.DelegatingMethodAccessorImpl.invoke(DelegatingMethodAccessorImpl.java:43)
	at java.lang.reflect.Method.invoke(Method.java:497)
	at org.springframework.boot.devtools.restart.RestartLauncher.run(RestartLauncher.java:49)
Caused by: java.lang.NoClassDefFoundError: com/woniu/springboot/portals/interceptor/JwtInterceptor
	at java.lang.Class.getDeclaredMethods0(Native Method)
	at java.lang.Class.privateGetDeclaredMethods(Class.java:2701)
	at java.lang.Class.getDeclaredMethods(Class.java:1975)
	at org.springframework.util.ReflectionUtils.getDeclaredMethods(ReflectionUtils.java:463)
	... 27 common frames omitted
Caused by: java.lang.ClassNotFoundException: com.woniu.springboot.portals.interceptor.JwtInterceptor
	at java.net.URLClassLoader.findClass(URLClassLoader.java:381)
	at java.lang.ClassLoader.loadClass(ClassLoader.java:424)
	at sun.misc.Launcher$AppClassLoader.loadClass(Launcher.java:331)
	at java.lang.ClassLoader.loadClass(ClassLoader.java:357)
	at org.springframework.boot.devtools.restart.classloader.RestartClassLoader.loadClass(RestartClassLoader.java:144)
	at java.lang.ClassLoader.loadClass(ClassLoader.java:357)
	... 31 common frames omitted
2020-12-01 22:09:59 |WARN  |restartedMain |ThymeleafAutoConfiguration.java:105 |org.springframework.boot.autoconfigure.thymeleaf.ThymeleafAutoConfiguration$DefaultTemplateResolverConfiguration |Cannot find template location: classpath:/templates/ (please add some templates or check your Thymeleaf configuration)
2020-12-01 22:11:05 |WARN  |restartedMain |ThymeleafAutoConfiguration.java:105 |org.springframework.boot.autoconfigure.thymeleaf.ThymeleafAutoConfiguration$DefaultTemplateResolverConfiguration |Cannot find template location: classpath:/templates/ (please add some templates or check your Thymeleaf configuration)
2020-12-01 22:17:29 |WARN  |restartedMain |ThymeleafAutoConfiguration.java:105 |org.springframework.boot.autoconfigure.thymeleaf.ThymeleafAutoConfiguration$DefaultTemplateResolverConfiguration |Cannot find template location: classpath:/templates/ (please add some templates or check your Thymeleaf configuration)
2020-12-01 22:17:37 |WARN  |restartedMain |ThymeleafAutoConfiguration.java:105 |org.springframework.boot.autoconfigure.thymeleaf.ThymeleafAutoConfiguration$DefaultTemplateResolverConfiguration |Cannot find template location: classpath:/templates/ (please add some templates or check your Thymeleaf configuration)
2020-12-01 22:17:44 |WARN  |restartedMain |ThymeleafAutoConfiguration.java:105 |org.springframework.boot.autoconfigure.thymeleaf.ThymeleafAutoConfiguration$DefaultTemplateResolverConfiguration |Cannot find template location: classpath:/templates/ (please add some templates or check your Thymeleaf configuration)
2020-12-01 22:17:57 |WARN  |restartedMain |ThymeleafAutoConfiguration.java:105 |org.springframework.boot.autoconfigure.thymeleaf.ThymeleafAutoConfiguration$DefaultTemplateResolverConfiguration |Cannot find template location: classpath:/templates/ (please add some templates or check your Thymeleaf configuration)
2020-12-01 22:18:06 |WARN  |restartedMain |ThymeleafAutoConfiguration.java:105 |org.springframework.boot.autoconfigure.thymeleaf.ThymeleafAutoConfiguration$DefaultTemplateResolverConfiguration |Cannot find template location: classpath:/templates/ (please add some templates or check your Thymeleaf configuration)
2020-12-01 22:18:30 |WARN  |restartedMain |ThymeleafAutoConfiguration.java:105 |org.springframework.boot.autoconfigure.thymeleaf.ThymeleafAutoConfiguration$DefaultTemplateResolverConfiguration |Cannot find template location: classpath:/templates/ (please add some templates or check your Thymeleaf configuration)
2020-12-01 22:18:43 |WARN  |restartedMain |ThymeleafAutoConfiguration.java:105 |org.springframework.boot.autoconfigure.thymeleaf.ThymeleafAutoConfiguration$DefaultTemplateResolverConfiguration |Cannot find template location: classpath:/templates/ (please add some templates or check your Thymeleaf configuration)
2020-12-01 22:18:47 |WARN  |restartedMain |ThymeleafAutoConfiguration.java:105 |org.springframework.boot.autoconfigure.thymeleaf.ThymeleafAutoConfiguration$DefaultTemplateResolverConfiguration |Cannot find template location: classpath:/templates/ (please add some templates or check your Thymeleaf configuration)
2020-12-01 22:18:51 |WARN  |restartedMain |ThymeleafAutoConfiguration.java:105 |org.springframework.boot.autoconfigure.thymeleaf.ThymeleafAutoConfiguration$DefaultTemplateResolverConfiguration |Cannot find template location: classpath:/templates/ (please add some templates or check your Thymeleaf configuration)
2020-12-01 22:18:55 |WARN  |restartedMain |ThymeleafAutoConfiguration.java:105 |org.springframework.boot.autoconfigure.thymeleaf.ThymeleafAutoConfiguration$DefaultTemplateResolverConfiguration |Cannot find template location: classpath:/templates/ (please add some templates or check your Thymeleaf configuration)
2020-12-01 22:20:20 |WARN  |restartedMain |ThymeleafAutoConfiguration.java:105 |org.springframework.boot.autoconfigure.thymeleaf.ThymeleafAutoConfiguration$DefaultTemplateResolverConfiguration |Cannot find template location: classpath:/templates/ (please add some templates or check your Thymeleaf configuration)
2020-12-01 22:20:24 |WARN  |restartedMain |ThymeleafAutoConfiguration.java:105 |org.springframework.boot.autoconfigure.thymeleaf.ThymeleafAutoConfiguration$DefaultTemplateResolverConfiguration |Cannot find template location: classpath:/templates/ (please add some templates or check your Thymeleaf configuration)
2020-12-01 22:20:27 |WARN  |restartedMain |ThymeleafAutoConfiguration.java:105 |org.springframework.boot.autoconfigure.thymeleaf.ThymeleafAutoConfiguration$DefaultTemplateResolverConfiguration |Cannot find template location: classpath:/templates/ (please add some templates or check your Thymeleaf configuration)
2020-12-01 22:20:35 |WARN  |restartedMain |ThymeleafAutoConfiguration.java:105 |org.springframework.boot.autoconfigure.thymeleaf.ThymeleafAutoConfiguration$DefaultTemplateResolverConfiguration |Cannot find template location: classpath:/templates/ (please add some templates or check your Thymeleaf configuration)
2020-12-01 22:20:40 |WARN  |restartedMain |ThymeleafAutoConfiguration.java:105 |org.springframework.boot.autoconfigure.thymeleaf.ThymeleafAutoConfiguration$DefaultTemplateResolverConfiguration |Cannot find template location: classpath:/templates/ (please add some templates or check your Thymeleaf configuration)
2020-12-01 22:20:47 |WARN  |restartedMain |ThymeleafAutoConfiguration.java:105 |org.springframework.boot.autoconfigure.thymeleaf.ThymeleafAutoConfiguration$DefaultTemplateResolverConfiguration |Cannot find template location: classpath:/templates/ (please add some templates or check your Thymeleaf configuration)
2020-12-01 22:24:10 |WARN  |restartedMain |ThymeleafAutoConfiguration.java:105 |org.springframework.boot.autoconfigure.thymeleaf.ThymeleafAutoConfiguration$DefaultTemplateResolverConfiguration |Cannot find template location: classpath:/templates/ (please add some templates or check your Thymeleaf configuration)
2020-12-01 22:25:05 |WARN  |restartedMain |ThymeleafAutoConfiguration.java:105 |org.springframework.boot.autoconfigure.thymeleaf.ThymeleafAutoConfiguration$DefaultTemplateResolverConfiguration |Cannot find template location: classpath:/templates/ (please add some templates or check your Thymeleaf configuration)
2020-12-01 22:27:32 |WARN  |restartedMain |SpringApplication.java:828 |org.springframework.boot.SpringApplication |Unable to close ApplicationContext
java.lang.IllegalStateException: Failed to introspect Class [com.woniu.springboot.portals.config.MvcJavaConfig] from ClassLoader [org.springframework.boot.devtools.restart.classloader.RestartClassLoader@6ede5631]
	at org.springframework.util.ReflectionUtils.getDeclaredMethods(ReflectionUtils.java:481)
	at org.springframework.util.ReflectionUtils.doWithMethods(ReflectionUtils.java:358)
	at org.springframework.util.ReflectionUtils.getUniqueDeclaredMethods(ReflectionUtils.java:414)
	at org.springframework.beans.factory.support.AbstractAutowireCapableBeanFactory.lambda$getTypeForFactoryMethod$2(AbstractAutowireCapableBeanFactory.java:754)
	at org.springframework.beans.factory.support.AbstractAutowireCapableBeanFactory$$Lambda$296/1706815644.apply(Unknown Source)
	at java.util.concurrent.ConcurrentHashMap.computeIfAbsent(ConcurrentHashMap.java:1660)
	at org.springframework.beans.factory.support.AbstractAutowireCapableBeanFactory.getTypeForFactoryMethod(AbstractAutowireCapableBeanFactory.java:753)
	at org.springframework.beans.factory.support.AbstractAutowireCapableBeanFactory.determineTargetType(AbstractAutowireCapableBeanFactory.java:692)
	at org.springframework.beans.factory.support.AbstractAutowireCapableBeanFactory.predictBeanType(AbstractAutowireCapableBeanFactory.java:663)
	at org.springframework.beans.factory.support.AbstractBeanFactory.isFactoryBean(AbstractBeanFactory.java:1665)
	at org.springframework.beans.factory.support.DefaultListableBeanFactory.doGetBeanNamesForType(DefaultListableBeanFactory.java:570)
	at org.springframework.beans.factory.support.DefaultListableBeanFactory.getBeanNamesForType(DefaultListableBeanFactory.java:542)
	at org.springframework.beans.factory.support.DefaultListableBeanFactory.getBeansOfType(DefaultListableBeanFactory.java:667)
	at org.springframework.beans.factory.support.DefaultListableBeanFactory.getBeansOfType(DefaultListableBeanFactory.java:659)
	at org.springframework.context.support.AbstractApplicationContext.getBeansOfType(AbstractApplicationContext.java:1307)
	at org.springframework.boot.SpringApplication.getExitCodeFromMappedException(SpringApplication.java:899)
	at org.springframework.boot.SpringApplication.getExitCodeFromException(SpringApplication.java:887)
	at org.springframework.boot.SpringApplication.handleExitCode(SpringApplication.java:874)
	at org.springframework.boot.SpringApplication.handleRunFailure(SpringApplication.java:815)
	at org.springframework.boot.SpringApplication.run(SpringApplication.java:336)
	at org.springframework.boot.SpringApplication.run(SpringApplication.java:1309)
	at org.springframework.boot.SpringApplication.run(SpringApplication.java:1298)
	at com.woniu.springboot.portals.SpringbootK15PortalsApplication.main(SpringbootK15PortalsApplication.java:14)
	at sun.reflect.NativeMethodAccessorImpl.invoke0(Native Method)
	at sun.reflect.NativeMethodAccessorImpl.invoke(NativeMethodAccessorImpl.java:62)
	at sun.reflect.DelegatingMethodAccessorImpl.invoke(DelegatingMethodAccessorImpl.java:43)
	at java.lang.reflect.Method.invoke(Method.java:497)
	at org.springframework.boot.devtools.restart.RestartLauncher.run(RestartLauncher.java:49)
Caused by: java.lang.NoClassDefFoundError: com/woniu/springboot/portals/interceptor/JwtInterceptor
	at java.lang.Class.getDeclaredMethods0(Native Method)
	at java.lang.Class.privateGetDeclaredMethods(Class.java:2701)
	at java.lang.Class.getDeclaredMethods(Class.java:1975)
	at org.springframework.util.ReflectionUtils.getDeclaredMethods(ReflectionUtils.java:463)
	... 27 common frames omitted
Caused by: java.lang.ClassNotFoundException: com.woniu.springboot.portals.interceptor.JwtInterceptor
	at java.net.URLClassLoader.findClass(URLClassLoader.java:381)
	at java.lang.ClassLoader.loadClass(ClassLoader.java:424)
	at sun.misc.Launcher$AppClassLoader.loadClass(Launcher.java:331)
	at java.lang.ClassLoader.loadClass(ClassLoader.java:357)
	at org.springframework.boot.devtools.restart.classloader.RestartClassLoader.loadClass(RestartClassLoader.java:144)
	at java.lang.ClassLoader.loadClass(ClassLoader.java:357)
	... 31 common frames omitted
2020-12-01 22:27:36 |WARN  |restartedMain |ThymeleafAutoConfiguration.java:105 |org.springframework.boot.autoconfigure.thymeleaf.ThymeleafAutoConfiguration$DefaultTemplateResolverConfiguration |Cannot find template location: classpath:/templates/ (please add some templates or check your Thymeleaf configuration)
2020-12-01 22:27:45 |WARN  |restartedMain |SpringApplication.java:828 |org.springframework.boot.SpringApplication |Unable to close ApplicationContext
java.lang.IllegalStateException: Failed to introspect Class [com.woniu.springboot.portals.config.MvcJavaConfig] from ClassLoader [org.springframework.boot.devtools.restart.classloader.RestartClassLoader@62a0396]
	at org.springframework.util.ReflectionUtils.getDeclaredMethods(ReflectionUtils.java:481)
	at org.springframework.util.ReflectionUtils.doWithMethods(ReflectionUtils.java:358)
	at org.springframework.util.ReflectionUtils.getUniqueDeclaredMethods(ReflectionUtils.java:414)
	at org.springframework.beans.factory.support.AbstractAutowireCapableBeanFactory.lambda$getTypeForFactoryMethod$2(AbstractAutowireCapableBeanFactory.java:754)
	at org.springframework.beans.factory.support.AbstractAutowireCapableBeanFactory$$Lambda$296/1706815644.apply(Unknown Source)
	at java.util.concurrent.ConcurrentHashMap.computeIfAbsent(ConcurrentHashMap.java:1660)
	at org.springframework.beans.factory.support.AbstractAutowireCapableBeanFactory.getTypeForFactoryMethod(AbstractAutowireCapableBeanFactory.java:753)
	at org.springframework.beans.factory.support.AbstractAutowireCapableBeanFactory.determineTargetType(AbstractAutowireCapableBeanFactory.java:692)
	at org.springframework.beans.factory.support.AbstractAutowireCapableBeanFactory.predictBeanType(AbstractAutowireCapableBeanFactory.java:663)
	at org.springframework.beans.factory.support.AbstractBeanFactory.isFactoryBean(AbstractBeanFactory.java:1665)
	at org.springframework.beans.factory.support.DefaultListableBeanFactory.doGetBeanNamesForType(DefaultListableBeanFactory.java:570)
	at org.springframework.beans.factory.support.DefaultListableBeanFactory.getBeanNamesForType(DefaultListableBeanFactory.java:542)
	at org.springframework.beans.factory.support.DefaultListableBeanFactory.getBeansOfType(DefaultListableBeanFactory.java:667)
	at org.springframework.beans.factory.support.DefaultListableBeanFactory.getBeansOfType(DefaultListableBeanFactory.java:659)
	at org.springframework.context.support.AbstractApplicationContext.getBeansOfType(AbstractApplicationContext.java:1307)
	at org.springframework.boot.SpringApplication.getExitCodeFromMappedException(SpringApplication.java:899)
	at org.springframework.boot.SpringApplication.getExitCodeFromException(SpringApplication.java:887)
	at org.springframework.boot.SpringApplication.handleExitCode(SpringApplication.java:874)
	at org.springframework.boot.SpringApplication.handleRunFailure(SpringApplication.java:815)
	at org.springframework.boot.SpringApplication.run(SpringApplication.java:336)
	at org.springframework.boot.SpringApplication.run(SpringApplication.java:1309)
	at org.springframework.boot.SpringApplication.run(SpringApplication.java:1298)
	at com.woniu.springboot.portals.SpringbootK15PortalsApplication.main(SpringbootK15PortalsApplication.java:14)
	at sun.reflect.NativeMethodAccessorImpl.invoke0(Native Method)
	at sun.reflect.NativeMethodAccessorImpl.invoke(NativeMethodAccessorImpl.java:62)
	at sun.reflect.DelegatingMethodAccessorImpl.invoke(DelegatingMethodAccessorImpl.java:43)
	at java.lang.reflect.Method.invoke(Method.java:497)
	at org.springframework.boot.devtools.restart.RestartLauncher.run(RestartLauncher.java:49)
Caused by: java.lang.NoClassDefFoundError: com/woniu/springboot/portals/interceptor/JwtInterceptor
	at java.lang.Class.getDeclaredMethods0(Native Method)
	at java.lang.Class.privateGetDeclaredMethods(Class.java:2701)
	at java.lang.Class.getDeclaredMethods(Class.java:1975)
	at org.springframework.util.ReflectionUtils.getDeclaredMethods(ReflectionUtils.java:463)
	... 27 common frames omitted
Caused by: java.lang.ClassNotFoundException: com.woniu.springboot.portals.interceptor.JwtInterceptor
	at java.net.URLClassLoader.findClass(URLClassLoader.java:381)
	at java.lang.ClassLoader.loadClass(ClassLoader.java:424)
	at sun.misc.Launcher$AppClassLoader.loadClass(Launcher.java:331)
	at java.lang.ClassLoader.loadClass(ClassLoader.java:357)
	at org.springframework.boot.devtools.restart.classloader.RestartClassLoader.loadClass(RestartClassLoader.java:144)
	at java.lang.ClassLoader.loadClass(ClassLoader.java:357)
	... 31 common frames omitted
2020-12-01 22:34:06 |WARN  |restartedMain |ThymeleafAutoConfiguration.java:105 |org.springframework.boot.autoconfigure.thymeleaf.ThymeleafAutoConfiguration$DefaultTemplateResolverConfiguration |Cannot find template location: classpath:/templates/ (please add some templates or check your Thymeleaf configuration)
2020-12-01 22:35:45 |WARN  |restartedMain |SpringApplication.java:828 |org.springframework.boot.SpringApplication |Unable to close ApplicationContext
java.lang.IllegalStateException: Failed to introspect Class [com.woniu.springboot.portals.config.MvcJavaConfig] from ClassLoader [org.springframework.boot.devtools.restart.classloader.RestartClassLoader@426ac390]
	at org.springframework.util.ReflectionUtils.getDeclaredMethods(ReflectionUtils.java:481)
	at org.springframework.util.ReflectionUtils.doWithMethods(ReflectionUtils.java:358)
	at org.springframework.util.ReflectionUtils.getUniqueDeclaredMethods(ReflectionUtils.java:414)
	at org.springframework.beans.factory.support.AbstractAutowireCapableBeanFactory.lambda$getTypeForFactoryMethod$2(AbstractAutowireCapableBeanFactory.java:754)
	at org.springframework.beans.factory.support.AbstractAutowireCapableBeanFactory$$Lambda$296/79678438.apply(Unknown Source)
	at java.util.concurrent.ConcurrentHashMap.computeIfAbsent(ConcurrentHashMap.java:1660)
	at org.springframework.beans.factory.support.AbstractAutowireCapableBeanFactory.getTypeForFactoryMethod(AbstractAutowireCapableBeanFactory.java:753)
	at org.springframework.beans.factory.support.AbstractAutowireCapableBeanFactory.determineTargetType(AbstractAutowireCapableBeanFactory.java:692)
	at org.springframework.beans.factory.support.AbstractAutowireCapableBeanFactory.predictBeanType(AbstractAutowireCapableBeanFactory.java:663)
	at org.springframework.beans.factory.support.AbstractBeanFactory.isFactoryBean(AbstractBeanFactory.java:1665)
	at org.springframework.beans.factory.support.DefaultListableBeanFactory.doGetBeanNamesForType(DefaultListableBeanFactory.java:570)
	at org.springframework.beans.factory.support.DefaultListableBeanFactory.getBeanNamesForType(DefaultListableBeanFactory.java:542)
	at org.springframework.beans.factory.support.DefaultListableBeanFactory.getBeansOfType(DefaultListableBeanFactory.java:667)
	at org.springframework.beans.factory.support.DefaultListableBeanFactory.getBeansOfType(DefaultListableBeanFactory.java:659)
	at org.springframework.context.support.AbstractApplicationContext.getBeansOfType(AbstractApplicationContext.java:1307)
	at org.springframework.boot.SpringApplication.getExitCodeFromMappedException(SpringApplication.java:899)
	at org.springframework.boot.SpringApplication.getExitCodeFromException(SpringApplication.java:887)
	at org.springframework.boot.SpringApplication.handleExitCode(SpringApplication.java:874)
	at org.springframework.boot.SpringApplication.handleRunFailure(SpringApplication.java:815)
	at org.springframework.boot.SpringApplication.run(SpringApplication.java:336)
	at org.springframework.boot.SpringApplication.run(SpringApplication.java:1309)
	at org.springframework.boot.SpringApplication.run(SpringApplication.java:1298)
	at com.woniu.springboot.portals.SpringbootK15PortalsApplication.main(SpringbootK15PortalsApplication.java:14)
	at sun.reflect.NativeMethodAccessorImpl.invoke0(Native Method)
	at sun.reflect.NativeMethodAccessorImpl.invoke(NativeMethodAccessorImpl.java:62)
	at sun.reflect.DelegatingMethodAccessorImpl.invoke(DelegatingMethodAccessorImpl.java:43)
	at java.lang.reflect.Method.invoke(Method.java:497)
	at org.springframework.boot.devtools.restart.RestartLauncher.run(RestartLauncher.java:49)
Caused by: java.lang.NoClassDefFoundError: com/woniu/springboot/portals/interceptor/JwtInterceptor
	at java.lang.Class.getDeclaredMethods0(Native Method)
	at java.lang.Class.privateGetDeclaredMethods(Class.java:2701)
	at java.lang.Class.getDeclaredMethods(Class.java:1975)
	at org.springframework.util.ReflectionUtils.getDeclaredMethods(ReflectionUtils.java:463)
	... 27 common frames omitted
Caused by: java.lang.ClassNotFoundException: com.woniu.springboot.portals.interceptor.JwtInterceptor
	at java.net.URLClassLoader.findClass(URLClassLoader.java:381)
	at java.lang.ClassLoader.loadClass(ClassLoader.java:424)
	at sun.misc.Launcher$AppClassLoader.loadClass(Launcher.java:331)
	at java.lang.ClassLoader.loadClass(ClassLoader.java:357)
	at org.springframework.boot.devtools.restart.classloader.RestartClassLoader.loadClass(RestartClassLoader.java:144)
	at java.lang.ClassLoader.loadClass(ClassLoader.java:357)
	... 31 common frames omitted
2020-12-01 22:35:49 |WARN  |restartedMain |ThymeleafAutoConfiguration.java:105 |org.springframework.boot.autoconfigure.thymeleaf.ThymeleafAutoConfiguration$DefaultTemplateResolverConfiguration |Cannot find template location: classpath:/templates/ (please add some templates or check your Thymeleaf configuration)
2020-12-01 22:35:58 |WARN  |restartedMain |SpringApplication.java:828 |org.springframework.boot.SpringApplication |Unable to close ApplicationContext
java.lang.IllegalStateException: Failed to introspect Class [com.woniu.springboot.portals.config.MvcJavaConfig] from ClassLoader [org.springframework.boot.devtools.restart.classloader.RestartClassLoader@348370d9]
	at org.springframework.util.ReflectionUtils.getDeclaredMethods(ReflectionUtils.java:481)
	at org.springframework.util.ReflectionUtils.doWithMethods(ReflectionUtils.java:358)
	at org.springframework.util.ReflectionUtils.getUniqueDeclaredMethods(ReflectionUtils.java:414)
	at org.springframework.beans.factory.support.AbstractAutowireCapableBeanFactory.lambda$getTypeForFactoryMethod$2(AbstractAutowireCapableBeanFactory.java:754)
	at org.springframework.beans.factory.support.AbstractAutowireCapableBeanFactory$$Lambda$296/79678438.apply(Unknown Source)
	at java.util.concurrent.ConcurrentHashMap.computeIfAbsent(ConcurrentHashMap.java:1660)
	at org.springframework.beans.factory.support.AbstractAutowireCapableBeanFactory.getTypeForFactoryMethod(AbstractAutowireCapableBeanFactory.java:753)
	at org.springframework.beans.factory.support.AbstractAutowireCapableBeanFactory.determineTargetType(AbstractAutowireCapableBeanFactory.java:692)
	at org.springframework.beans.factory.support.AbstractAutowireCapableBeanFactory.predictBeanType(AbstractAutowireCapableBeanFactory.java:663)
	at org.springframework.beans.factory.support.AbstractBeanFactory.isFactoryBean(AbstractBeanFactory.java:1665)
	at org.springframework.beans.factory.support.DefaultListableBeanFactory.doGetBeanNamesForType(DefaultListableBeanFactory.java:570)
	at org.springframework.beans.factory.support.DefaultListableBeanFactory.getBeanNamesForType(DefaultListableBeanFactory.java:542)
	at org.springframework.beans.factory.support.DefaultListableBeanFactory.getBeansOfType(DefaultListableBeanFactory.java:667)
	at org.springframework.beans.factory.support.DefaultListableBeanFactory.getBeansOfType(DefaultListableBeanFactory.java:659)
	at org.springframework.context.support.AbstractApplicationContext.getBeansOfType(AbstractApplicationContext.java:1307)
	at org.springframework.boot.SpringApplication.getExitCodeFromMappedException(SpringApplication.java:899)
	at org.springframework.boot.SpringApplication.getExitCodeFromException(SpringApplication.java:887)
	at org.springframework.boot.SpringApplication.handleExitCode(SpringApplication.java:874)
	at org.springframework.boot.SpringApplication.handleRunFailure(SpringApplication.java:815)
	at org.springframework.boot.SpringApplication.run(SpringApplication.java:336)
	at org.springframework.boot.SpringApplication.run(SpringApplication.java:1309)
	at org.springframework.boot.SpringApplication.run(SpringApplication.java:1298)
	at com.woniu.springboot.portals.SpringbootK15PortalsApplication.main(SpringbootK15PortalsApplication.java:14)
	at sun.reflect.NativeMethodAccessorImpl.invoke0(Native Method)
	at sun.reflect.NativeMethodAccessorImpl.invoke(NativeMethodAccessorImpl.java:62)
	at sun.reflect.DelegatingMethodAccessorImpl.invoke(DelegatingMethodAccessorImpl.java:43)
	at java.lang.reflect.Method.invoke(Method.java:497)
	at org.springframework.boot.devtools.restart.RestartLauncher.run(RestartLauncher.java:49)
Caused by: java.lang.NoClassDefFoundError: com/woniu/springboot/portals/interceptor/JwtInterceptor
	at java.lang.Class.getDeclaredMethods0(Native Method)
	at java.lang.Class.privateGetDeclaredMethods(Class.java:2701)
	at java.lang.Class.getDeclaredMethods(Class.java:1975)
	at org.springframework.util.ReflectionUtils.getDeclaredMethods(ReflectionUtils.java:463)
	... 27 common frames omitted
Caused by: java.lang.ClassNotFoundException: com.woniu.springboot.portals.interceptor.JwtInterceptor
	at java.net.URLClassLoader.findClass(URLClassLoader.java:381)
	at java.lang.ClassLoader.loadClass(ClassLoader.java:424)
	at sun.misc.Launcher$AppClassLoader.loadClass(Launcher.java:331)
	at java.lang.ClassLoader.loadClass(ClassLoader.java:357)
	at org.springframework.boot.devtools.restart.classloader.RestartClassLoader.loadClass(RestartClassLoader.java:144)
	at java.lang.ClassLoader.loadClass(ClassLoader.java:357)
	... 31 common frames omitted
2020-12-01 22:36:03 |WARN  |restartedMain |ThymeleafAutoConfiguration.java:105 |org.springframework.boot.autoconfigure.thymeleaf.ThymeleafAutoConfiguration$DefaultTemplateResolverConfiguration |Cannot find template location: classpath:/templates/ (please add some templates or check your Thymeleaf configuration)
2020-12-01 22:36:09 |WARN  |restartedMain |ThymeleafAutoConfiguration.java:105 |org.springframework.boot.autoconfigure.thymeleaf.ThymeleafAutoConfiguration$DefaultTemplateResolverConfiguration |Cannot find template location: classpath:/templates/ (please add some templates or check your Thymeleaf configuration)
2020-12-01 22:36:23 |WARN  |restartedMain |SpringApplication.java:828 |org.springframework.boot.SpringApplication |Unable to close ApplicationContext
java.lang.IllegalStateException: Failed to introspect Class [com.woniu.springboot.portals.config.MvcJavaConfig] from ClassLoader [org.springframework.boot.devtools.restart.classloader.RestartClassLoader@508102e1]
	at org.springframework.util.ReflectionUtils.getDeclaredMethods(ReflectionUtils.java:481)
	at org.springframework.util.ReflectionUtils.doWithMethods(ReflectionUtils.java:358)
	at org.springframework.util.ReflectionUtils.getUniqueDeclaredMethods(ReflectionUtils.java:414)
	at org.springframework.beans.factory.support.AbstractAutowireCapableBeanFactory.lambda$getTypeForFactoryMethod$2(AbstractAutowireCapableBeanFactory.java:754)
	at org.springframework.beans.factory.support.AbstractAutowireCapableBeanFactory$$Lambda$296/79678438.apply(Unknown Source)
	at java.util.concurrent.ConcurrentHashMap.computeIfAbsent(ConcurrentHashMap.java:1688)
	at org.springframework.beans.factory.support.AbstractAutowireCapableBeanFactory.getTypeForFactoryMethod(AbstractAutowireCapableBeanFactory.java:753)
	at org.springframework.beans.factory.support.AbstractAutowireCapableBeanFactory.determineTargetType(AbstractAutowireCapableBeanFactory.java:692)
	at org.springframework.beans.factory.support.AbstractAutowireCapableBeanFactory.predictBeanType(AbstractAutowireCapableBeanFactory.java:663)
	at org.springframework.beans.factory.support.AbstractBeanFactory.isFactoryBean(AbstractBeanFactory.java:1665)
	at org.springframework.beans.factory.support.DefaultListableBeanFactory.doGetBeanNamesForType(DefaultListableBeanFactory.java:570)
	at org.springframework.beans.factory.support.DefaultListableBeanFactory.getBeanNamesForType(DefaultListableBeanFactory.java:542)
	at org.springframework.beans.factory.support.DefaultListableBeanFactory.getBeansOfType(DefaultListableBeanFactory.java:667)
	at org.springframework.beans.factory.support.DefaultListableBeanFactory.getBeansOfType(DefaultListableBeanFactory.java:659)
	at org.springframework.context.support.AbstractApplicationContext.getBeansOfType(AbstractApplicationContext.java:1307)
	at org.springframework.boot.SpringApplication.getExitCodeFromMappedException(SpringApplication.java:899)
	at org.springframework.boot.SpringApplication.getExitCodeFromException(SpringApplication.java:887)
	at org.springframework.boot.SpringApplication.handleExitCode(SpringApplication.java:874)
	at org.springframework.boot.SpringApplication.handleRunFailure(SpringApplication.java:815)
	at org.springframework.boot.SpringApplication.run(SpringApplication.java:336)
	at org.springframework.boot.SpringApplication.run(SpringApplication.java:1309)
	at org.springframework.boot.SpringApplication.run(SpringApplication.java:1298)
	at com.woniu.springboot.portals.SpringbootK15PortalsApplication.main(SpringbootK15PortalsApplication.java:14)
	at sun.reflect.NativeMethodAccessorImpl.invoke0(Native Method)
	at sun.reflect.NativeMethodAccessorImpl.invoke(NativeMethodAccessorImpl.java:62)
	at sun.reflect.DelegatingMethodAccessorImpl.invoke(DelegatingMethodAccessorImpl.java:43)
	at java.lang.reflect.Method.invoke(Method.java:497)
	at org.springframework.boot.devtools.restart.RestartLauncher.run(RestartLauncher.java:49)
Caused by: java.lang.NoClassDefFoundError: com/woniu/springboot/portals/interceptor/JwtInterceptor
	at java.lang.Class.getDeclaredMethods0(Native Method)
	at java.lang.Class.privateGetDeclaredMethods(Class.java:2701)
	at java.lang.Class.getDeclaredMethods(Class.java:1975)
	at org.springframework.util.ReflectionUtils.getDeclaredMethods(ReflectionUtils.java:463)
	... 27 common frames omitted
Caused by: java.lang.ClassNotFoundException: com.woniu.springboot.portals.interceptor.JwtInterceptor
	at java.net.URLClassLoader.findClass(URLClassLoader.java:381)
	at java.lang.ClassLoader.loadClass(ClassLoader.java:424)
	at sun.misc.Launcher$AppClassLoader.loadClass(Launcher.java:331)
	at java.lang.ClassLoader.loadClass(ClassLoader.java:357)
	at org.springframework.boot.devtools.restart.classloader.RestartClassLoader.loadClass(RestartClassLoader.java:144)
	at java.lang.ClassLoader.loadClass(ClassLoader.java:357)
	... 31 common frames omitted
2020-12-01 22:36:27 |WARN  |restartedMain |ThymeleafAutoConfiguration.java:105 |org.springframework.boot.autoconfigure.thymeleaf.ThymeleafAutoConfiguration$DefaultTemplateResolverConfiguration |Cannot find template location: classpath:/templates/ (please add some templates or check your Thymeleaf configuration)
2020-12-01 22:36:46 |WARN  |restartedMain |SpringApplication.java:828 |org.springframework.boot.SpringApplication |Unable to close ApplicationContext
java.lang.IllegalStateException: Failed to introspect Class [com.woniu.springboot.portals.config.MvcJavaConfig] from ClassLoader [org.springframework.boot.devtools.restart.classloader.RestartClassLoader@3fbac8f5]
	at org.springframework.util.ReflectionUtils.getDeclaredMethods(ReflectionUtils.java:481)
	at org.springframework.util.ReflectionUtils.doWithMethods(ReflectionUtils.java:358)
	at org.springframework.util.ReflectionUtils.getUniqueDeclaredMethods(ReflectionUtils.java:414)
	at org.springframework.beans.factory.support.AbstractAutowireCapableBeanFactory.lambda$getTypeForFactoryMethod$2(AbstractAutowireCapableBeanFactory.java:754)
	at org.springframework.beans.factory.support.AbstractAutowireCapableBeanFactory$$Lambda$296/79678438.apply(Unknown Source)
	at java.util.concurrent.ConcurrentHashMap.computeIfAbsent(ConcurrentHashMap.java:1660)
	at org.springframework.beans.factory.support.AbstractAutowireCapableBeanFactory.getTypeForFactoryMethod(AbstractAutowireCapableBeanFactory.java:753)
	at org.springframework.beans.factory.support.AbstractAutowireCapableBeanFactory.determineTargetType(AbstractAutowireCapableBeanFactory.java:692)
	at org.springframework.beans.factory.support.AbstractAutowireCapableBeanFactory.predictBeanType(AbstractAutowireCapableBeanFactory.java:663)
	at org.springframework.beans.factory.support.AbstractBeanFactory.isFactoryBean(AbstractBeanFactory.java:1665)
	at org.springframework.beans.factory.support.DefaultListableBeanFactory.doGetBeanNamesForType(DefaultListableBeanFactory.java:570)
	at org.springframework.beans.factory.support.DefaultListableBeanFactory.getBeanNamesForType(DefaultListableBeanFactory.java:542)
	at org.springframework.beans.factory.support.DefaultListableBeanFactory.getBeansOfType(DefaultListableBeanFactory.java:667)
	at org.springframework.beans.factory.support.DefaultListableBeanFactory.getBeansOfType(DefaultListableBeanFactory.java:659)
	at org.springframework.context.support.AbstractApplicationContext.getBeansOfType(AbstractApplicationContext.java:1307)
	at org.springframework.boot.SpringApplication.getExitCodeFromMappedException(SpringApplication.java:899)
	at org.springframework.boot.SpringApplication.getExitCodeFromException(SpringApplication.java:887)
	at org.springframework.boot.SpringApplication.handleExitCode(SpringApplication.java:874)
	at org.springframework.boot.SpringApplication.handleRunFailure(SpringApplication.java:815)
	at org.springframework.boot.SpringApplication.run(SpringApplication.java:336)
	at org.springframework.boot.SpringApplication.run(SpringApplication.java:1309)
	at org.springframework.boot.SpringApplication.run(SpringApplication.java:1298)
	at com.woniu.springboot.portals.SpringbootK15PortalsApplication.main(SpringbootK15PortalsApplication.java:14)
	at sun.reflect.NativeMethodAccessorImpl.invoke0(Native Method)
	at sun.reflect.NativeMethodAccessorImpl.invoke(NativeMethodAccessorImpl.java:62)
	at sun.reflect.DelegatingMethodAccessorImpl.invoke(DelegatingMethodAccessorImpl.java:43)
	at java.lang.reflect.Method.invoke(Method.java:497)
	at org.springframework.boot.devtools.restart.RestartLauncher.run(RestartLauncher.java:49)
Caused by: java.lang.NoClassDefFoundError: com/woniu/springboot/portals/interceptor/JwtInterceptor
	at java.lang.Class.getDeclaredMethods0(Native Method)
	at java.lang.Class.privateGetDeclaredMethods(Class.java:2701)
	at java.lang.Class.getDeclaredMethods(Class.java:1975)
	at org.springframework.util.ReflectionUtils.getDeclaredMethods(ReflectionUtils.java:463)
	... 27 common frames omitted
Caused by: java.lang.ClassNotFoundException: com.woniu.springboot.portals.interceptor.JwtInterceptor
	at java.net.URLClassLoader.findClass(URLClassLoader.java:381)
	at java.lang.ClassLoader.loadClass(ClassLoader.java:424)
	at sun.misc.Launcher$AppClassLoader.loadClass(Launcher.java:331)
	at java.lang.ClassLoader.loadClass(ClassLoader.java:357)
	at org.springframework.boot.devtools.restart.classloader.RestartClassLoader.loadClass(RestartClassLoader.java:144)
	at java.lang.ClassLoader.loadClass(ClassLoader.java:357)
	... 31 common frames omitted
2020-12-01 22:36:50 |WARN  |restartedMain |ThymeleafAutoConfiguration.java:105 |org.springframework.boot.autoconfigure.thymeleaf.ThymeleafAutoConfiguration$DefaultTemplateResolverConfiguration |Cannot find template location: classpath:/templates/ (please add some templates or check your Thymeleaf configuration)
2020-12-01 22:36:53 |WARN  |restartedMain |SpringApplication.java:828 |org.springframework.boot.SpringApplication |Unable to close ApplicationContext
java.lang.IllegalStateException: Failed to introspect Class [com.woniu.springboot.portals.config.MvcJavaConfig] from ClassLoader [org.springframework.boot.devtools.restart.classloader.RestartClassLoader@116ae9a2]
	at org.springframework.util.ReflectionUtils.getDeclaredMethods(ReflectionUtils.java:481)
	at org.springframework.util.ReflectionUtils.doWithMethods(ReflectionUtils.java:358)
	at org.springframework.util.ReflectionUtils.getUniqueDeclaredMethods(ReflectionUtils.java:414)
	at org.springframework.beans.factory.support.AbstractAutowireCapableBeanFactory.lambda$getTypeForFactoryMethod$2(AbstractAutowireCapableBeanFactory.java:754)
	at org.springframework.beans.factory.support.AbstractAutowireCapableBeanFactory$$Lambda$296/79678438.apply(Unknown Source)
	at java.util.concurrent.ConcurrentHashMap.computeIfAbsent(ConcurrentHashMap.java:1660)
	at org.springframework.beans.factory.support.AbstractAutowireCapableBeanFactory.getTypeForFactoryMethod(AbstractAutowireCapableBeanFactory.java:753)
	at org.springframework.beans.factory.support.AbstractAutowireCapableBeanFactory.determineTargetType(AbstractAutowireCapableBeanFactory.java:692)
	at org.springframework.beans.factory.support.AbstractAutowireCapableBeanFactory.predictBeanType(AbstractAutowireCapableBeanFactory.java:663)
	at org.springframework.beans.factory.support.AbstractBeanFactory.isFactoryBean(AbstractBeanFactory.java:1665)
	at org.springframework.beans.factory.support.DefaultListableBeanFactory.doGetBeanNamesForType(DefaultListableBeanFactory.java:570)
	at org.springframework.beans.factory.support.DefaultListableBeanFactory.getBeanNamesForType(DefaultListableBeanFactory.java:542)
	at org.springframework.beans.factory.support.DefaultListableBeanFactory.getBeansOfType(DefaultListableBeanFactory.java:667)
	at org.springframework.beans.factory.support.DefaultListableBeanFactory.getBeansOfType(DefaultListableBeanFactory.java:659)
	at org.springframework.context.support.AbstractApplicationContext.getBeansOfType(AbstractApplicationContext.java:1307)
	at org.springframework.boot.SpringApplication.getExitCodeFromMappedException(SpringApplication.java:899)
	at org.springframework.boot.SpringApplication.getExitCodeFromException(SpringApplication.java:887)
	at org.springframework.boot.SpringApplication.handleExitCode(SpringApplication.java:874)
	at org.springframework.boot.SpringApplication.handleRunFailure(SpringApplication.java:815)
	at org.springframework.boot.SpringApplication.run(SpringApplication.java:336)
	at org.springframework.boot.SpringApplication.run(SpringApplication.java:1309)
	at org.springframework.boot.SpringApplication.run(SpringApplication.java:1298)
	at com.woniu.springboot.portals.SpringbootK15PortalsApplication.main(SpringbootK15PortalsApplication.java:14)
	at sun.reflect.NativeMethodAccessorImpl.invoke0(Native Method)
	at sun.reflect.NativeMethodAccessorImpl.invoke(NativeMethodAccessorImpl.java:62)
	at sun.reflect.DelegatingMethodAccessorImpl.invoke(DelegatingMethodAccessorImpl.java:43)
	at java.lang.reflect.Method.invoke(Method.java:497)
	at org.springframework.boot.devtools.restart.RestartLauncher.run(RestartLauncher.java:49)
Caused by: java.lang.NoClassDefFoundError: com/woniu/springboot/portals/interceptor/JwtInterceptor
	at java.lang.Class.getDeclaredMethods0(Native Method)
	at java.lang.Class.privateGetDeclaredMethods(Class.java:2701)
	at java.lang.Class.getDeclaredMethods(Class.java:1975)
	at org.springframework.util.ReflectionUtils.getDeclaredMethods(ReflectionUtils.java:463)
	... 27 common frames omitted
Caused by: java.lang.ClassNotFoundException: com.woniu.springboot.portals.interceptor.JwtInterceptor
	at java.net.URLClassLoader.findClass(URLClassLoader.java:381)
	at java.lang.ClassLoader.loadClass(ClassLoader.java:424)
	at sun.misc.Launcher$AppClassLoader.loadClass(Launcher.java:331)
	at java.lang.ClassLoader.loadClass(ClassLoader.java:357)
	at org.springframework.boot.devtools.restart.classloader.RestartClassLoader.loadClass(RestartClassLoader.java:144)
	at java.lang.ClassLoader.loadClass(ClassLoader.java:357)
	... 31 common frames omitted
2020-12-01 22:36:57 |WARN  |restartedMain |ThymeleafAutoConfiguration.java:105 |org.springframework.boot.autoconfigure.thymeleaf.ThymeleafAutoConfiguration$DefaultTemplateResolverConfiguration |Cannot find template location: classpath:/templates/ (please add some templates or check your Thymeleaf configuration)
2020-12-01 22:37:00 |WARN  |restartedMain |SpringApplication.java:828 |org.springframework.boot.SpringApplication |Unable to close ApplicationContext
java.lang.IllegalStateException: Failed to introspect Class [com.woniu.springboot.portals.config.MvcJavaConfig] from ClassLoader [org.springframework.boot.devtools.restart.classloader.RestartClassLoader@7073a0d1]
	at org.springframework.util.ReflectionUtils.getDeclaredMethods(ReflectionUtils.java:481)
	at org.springframework.util.ReflectionUtils.doWithMethods(ReflectionUtils.java:358)
	at org.springframework.util.ReflectionUtils.getUniqueDeclaredMethods(ReflectionUtils.java:414)
	at org.springframework.beans.factory.support.AbstractAutowireCapableBeanFactory.lambda$getTypeForFactoryMethod$2(AbstractAutowireCapableBeanFactory.java:754)
	at org.springframework.beans.factory.support.AbstractAutowireCapableBeanFactory$$Lambda$296/79678438.apply(Unknown Source)
	at java.util.concurrent.ConcurrentHashMap.computeIfAbsent(ConcurrentHashMap.java:1660)
	at org.springframework.beans.factory.support.AbstractAutowireCapableBeanFactory.getTypeForFactoryMethod(AbstractAutowireCapableBeanFactory.java:753)
	at org.springframework.beans.factory.support.AbstractAutowireCapableBeanFactory.determineTargetType(AbstractAutowireCapableBeanFactory.java:692)
	at org.springframework.beans.factory.support.AbstractAutowireCapableBeanFactory.predictBeanType(AbstractAutowireCapableBeanFactory.java:663)
	at org.springframework.beans.factory.support.AbstractBeanFactory.isFactoryBean(AbstractBeanFactory.java:1665)
	at org.springframework.beans.factory.support.DefaultListableBeanFactory.doGetBeanNamesForType(DefaultListableBeanFactory.java:570)
	at org.springframework.beans.factory.support.DefaultListableBeanFactory.getBeanNamesForType(DefaultListableBeanFactory.java:542)
	at org.springframework.beans.factory.support.DefaultListableBeanFactory.getBeansOfType(DefaultListableBeanFactory.java:667)
	at org.springframework.beans.factory.support.DefaultListableBeanFactory.getBeansOfType(DefaultListableBeanFactory.java:659)
	at org.springframework.context.support.AbstractApplicationContext.getBeansOfType(AbstractApplicationContext.java:1307)
	at org.springframework.boot.SpringApplication.getExitCodeFromMappedException(SpringApplication.java:899)
	at org.springframework.boot.SpringApplication.getExitCodeFromException(SpringApplication.java:887)
	at org.springframework.boot.SpringApplication.handleExitCode(SpringApplication.java:874)
	at org.springframework.boot.SpringApplication.handleRunFailure(SpringApplication.java:815)
	at org.springframework.boot.SpringApplication.run(SpringApplication.java:336)
	at org.springframework.boot.SpringApplication.run(SpringApplication.java:1309)
	at org.springframework.boot.SpringApplication.run(SpringApplication.java:1298)
	at com.woniu.springboot.portals.SpringbootK15PortalsApplication.main(SpringbootK15PortalsApplication.java:14)
	at sun.reflect.NativeMethodAccessorImpl.invoke0(Native Method)
	at sun.reflect.NativeMethodAccessorImpl.invoke(NativeMethodAccessorImpl.java:62)
	at sun.reflect.DelegatingMethodAccessorImpl.invoke(DelegatingMethodAccessorImpl.java:43)
	at java.lang.reflect.Method.invoke(Method.java:497)
	at org.springframework.boot.devtools.restart.RestartLauncher.run(RestartLauncher.java:49)
Caused by: java.lang.NoClassDefFoundError: com/woniu/springboot/portals/interceptor/JwtInterceptor
	at java.lang.Class.getDeclaredMethods0(Native Method)
	at java.lang.Class.privateGetDeclaredMethods(Class.java:2701)
	at java.lang.Class.getDeclaredMethods(Class.java:1975)
	at org.springframework.util.ReflectionUtils.getDeclaredMethods(ReflectionUtils.java:463)
	... 27 common frames omitted
Caused by: java.lang.ClassNotFoundException: com.woniu.springboot.portals.interceptor.JwtInterceptor
	at java.net.URLClassLoader.findClass(URLClassLoader.java:381)
	at java.lang.ClassLoader.loadClass(ClassLoader.java:424)
	at sun.misc.Launcher$AppClassLoader.loadClass(Launcher.java:331)
	at java.lang.ClassLoader.loadClass(ClassLoader.java:357)
	at org.springframework.boot.devtools.restart.classloader.RestartClassLoader.loadClass(RestartClassLoader.java:144)
	at java.lang.ClassLoader.loadClass(ClassLoader.java:357)
	... 31 common frames omitted
2020-12-01 22:37:03 |WARN  |restartedMain |ThymeleafAutoConfiguration.java:105 |org.springframework.boot.autoconfigure.thymeleaf.ThymeleafAutoConfiguration$DefaultTemplateResolverConfiguration |Cannot find template location: classpath:/templates/ (please add some templates or check your Thymeleaf configuration)
2020-12-01 22:37:08 |WARN  |restartedMain |SpringApplication.java:828 |org.springframework.boot.SpringApplication |Unable to close ApplicationContext
java.lang.IllegalStateException: Failed to introspect Class [com.woniu.springboot.portals.config.MvcJavaConfig] from ClassLoader [org.springframework.boot.devtools.restart.classloader.RestartClassLoader@65bee10d]
	at org.springframework.util.ReflectionUtils.getDeclaredMethods(ReflectionUtils.java:481)
	at org.springframework.util.ReflectionUtils.doWithMethods(ReflectionUtils.java:358)
	at org.springframework.util.ReflectionUtils.getUniqueDeclaredMethods(ReflectionUtils.java:414)
	at org.springframework.beans.factory.support.AbstractAutowireCapableBeanFactory.lambda$getTypeForFactoryMethod$2(AbstractAutowireCapableBeanFactory.java:754)
	at org.springframework.beans.factory.support.AbstractAutowireCapableBeanFactory$$Lambda$296/79678438.apply(Unknown Source)
	at java.util.concurrent.ConcurrentHashMap.computeIfAbsent(ConcurrentHashMap.java:1660)
	at org.springframework.beans.factory.support.AbstractAutowireCapableBeanFactory.getTypeForFactoryMethod(AbstractAutowireCapableBeanFactory.java:753)
	at org.springframework.beans.factory.support.AbstractAutowireCapableBeanFactory.determineTargetType(AbstractAutowireCapableBeanFactory.java:692)
	at org.springframework.beans.factory.support.AbstractAutowireCapableBeanFactory.predictBeanType(AbstractAutowireCapableBeanFactory.java:663)
	at org.springframework.beans.factory.support.AbstractBeanFactory.isFactoryBean(AbstractBeanFactory.java:1665)
	at org.springframework.beans.factory.support.DefaultListableBeanFactory.doGetBeanNamesForType(DefaultListableBeanFactory.java:570)
	at org.springframework.beans.factory.support.DefaultListableBeanFactory.getBeanNamesForType(DefaultListableBeanFactory.java:542)
	at org.springframework.beans.factory.support.DefaultListableBeanFactory.getBeansOfType(DefaultListableBeanFactory.java:667)
	at org.springframework.beans.factory.support.DefaultListableBeanFactory.getBeansOfType(DefaultListableBeanFactory.java:659)
	at org.springframework.context.support.AbstractApplicationContext.getBeansOfType(AbstractApplicationContext.java:1307)
	at org.springframework.boot.SpringApplication.getExitCodeFromMappedException(SpringApplication.java:899)
	at org.springframework.boot.SpringApplication.getExitCodeFromException(SpringApplication.java:887)
	at org.springframework.boot.SpringApplication.handleExitCode(SpringApplication.java:874)
	at org.springframework.boot.SpringApplication.handleRunFailure(SpringApplication.java:815)
	at org.springframework.boot.SpringApplication.run(SpringApplication.java:336)
	at org.springframework.boot.SpringApplication.run(SpringApplication.java:1309)
	at org.springframework.boot.SpringApplication.run(SpringApplication.java:1298)
	at com.woniu.springboot.portals.SpringbootK15PortalsApplication.main(SpringbootK15PortalsApplication.java:14)
	at sun.reflect.NativeMethodAccessorImpl.invoke0(Native Method)
	at sun.reflect.NativeMethodAccessorImpl.invoke(NativeMethodAccessorImpl.java:62)
	at sun.reflect.DelegatingMethodAccessorImpl.invoke(DelegatingMethodAccessorImpl.java:43)
	at java.lang.reflect.Method.invoke(Method.java:497)
	at org.springframework.boot.devtools.restart.RestartLauncher.run(RestartLauncher.java:49)
Caused by: java.lang.NoClassDefFoundError: com/woniu/springboot/portals/interceptor/JwtInterceptor
	at java.lang.Class.getDeclaredMethods0(Native Method)
	at java.lang.Class.privateGetDeclaredMethods(Class.java:2701)
	at java.lang.Class.getDeclaredMethods(Class.java:1975)
	at org.springframework.util.ReflectionUtils.getDeclaredMethods(ReflectionUtils.java:463)
	... 27 common frames omitted
Caused by: java.lang.ClassNotFoundException: com.woniu.springboot.portals.interceptor.JwtInterceptor
	at java.net.URLClassLoader.findClass(URLClassLoader.java:381)
	at java.lang.ClassLoader.loadClass(ClassLoader.java:424)
	at sun.misc.Launcher$AppClassLoader.loadClass(Launcher.java:331)
	at java.lang.ClassLoader.loadClass(ClassLoader.java:357)
	at org.springframework.boot.devtools.restart.classloader.RestartClassLoader.loadClass(RestartClassLoader.java:144)
	at java.lang.ClassLoader.loadClass(ClassLoader.java:357)
	... 31 common frames omitted
2020-12-01 22:37:12 |WARN  |restartedMain |ThymeleafAutoConfiguration.java:105 |org.springframework.boot.autoconfigure.thymeleaf.ThymeleafAutoConfiguration$DefaultTemplateResolverConfiguration |Cannot find template location: classpath:/templates/ (please add some templates or check your Thymeleaf configuration)
2020-12-01 22:52:59 |WARN  |restartedMain |ThymeleafAutoConfiguration.java:105 |org.springframework.boot.autoconfigure.thymeleaf.ThymeleafAutoConfiguration$DefaultTemplateResolverConfiguration |Cannot find template location: classpath:/templates/ (please add some templates or check your Thymeleaf configuration)
