2020-12-10 09:43:37 |WARN  |restartedMain |ParameterDataTypeReader.java:92 |springfox.documentation.spring.web.readers.parameter.ParameterDataTypeReader |Trying to infer dataType java.lang.Integer[]
2020-12-10 09:46:35 |WARN  |http-nio-8080-exec-9 |AbstractHandlerExceptionResolver.java:207 |org.springframework.web.servlet.mvc.method.annotation.ExceptionHandlerExceptionResolver |Resolved [org.springframework.validation.BindException: org.springframework.validation.BeanPropertyBindingResult: 1 errors
Field error in object 'modelAndView' on field 'status': rejected value [0]; codes [typeMismatch.modelAndView.status,typeMismatch.status,typeMismatch.org.springframework.http.HttpStatus,typeMismatch]; arguments [org.springframework.context.support.DefaultMessageSourceResolvable: codes [modelAndView.status,status]; arguments []; default message [status]]; default message [Failed to convert property value of type 'java.lang.String' to required type 'org.springframework.http.HttpStatus' for property 'status'; nested exception is org.springframework.core.convert.ConversionFailedException: Failed to convert from type [java.lang.String] to type [@org.springframework.lang.Nullable org.springframework.http.HttpStatus] for value '0'; nested exception is java.lang.IllegalArgumentException: No enum constant org.springframework.http.HttpStatus.0]]
2020-12-10 10:28:58 |WARN  |restartedMain |ParameterDataTypeReader.java:92 |springfox.documentation.spring.web.readers.parameter.ParameterDataTypeReader |Trying to infer dataType java.lang.Integer[]
2020-12-10 11:03:37 |WARN  |restartedMain |ParameterDataTypeReader.java:92 |springfox.documentation.spring.web.readers.parameter.ParameterDataTypeReader |Trying to infer dataType java.lang.Integer[]
2020-12-10 11:04:34 |WARN  |http-nio-8080-exec-7 |AbstractHandlerExceptionResolver.java:207 |org.springframework.web.servlet.mvc.method.annotation.ExceptionHandlerExceptionResolver |Resolved [org.springframework.web.HttpRequestMethodNotSupportedException: Request method 'POST' not supported]
2020-12-10 11:04:34 |WARN  |http-nio-8080-exec-6 |AbstractHandlerExceptionResolver.java:207 |org.springframework.web.servlet.mvc.method.annotation.ExceptionHandlerExceptionResolver |Resolved [org.springframework.validation.BindException: org.springframework.validation.BeanPropertyBindingResult: 1 errors
Field error in object 'modelAndView' on field 'status': rejected value [32]; codes [typeMismatch.modelAndView.status,typeMismatch.status,typeMismatch.org.springframework.http.HttpStatus,typeMismatch]; arguments [org.springframework.context.support.DefaultMessageSourceResolvable: codes [modelAndView.status,status]; arguments []; default message [status]]; default message [Failed to convert property value of type 'java.lang.String' to required type 'org.springframework.http.HttpStatus' for property 'status'; nested exception is org.springframework.core.convert.ConversionFailedException: Failed to convert from type [java.lang.String] to type [@org.springframework.lang.Nullable org.springframework.http.HttpStatus] for value '32'; nested exception is java.lang.IllegalArgumentException: No enum constant org.springframework.http.HttpStatus.32]]
2020-12-10 11:17:33 |WARN  |restartedMain |ParameterDataTypeReader.java:92 |springfox.documentation.spring.web.readers.parameter.ParameterDataTypeReader |Trying to infer dataType java.lang.Integer[]
2020-12-10 11:20:05 |WARN  |restartedMain |ParameterDataTypeReader.java:92 |springfox.documentation.spring.web.readers.parameter.ParameterDataTypeReader |Trying to infer dataType java.lang.Integer[]
2020-12-10 11:21:45 |WARN  |http-nio-8080-exec-5 |AbstractHandlerExceptionResolver.java:207 |org.springframework.web.servlet.mvc.method.annotation.ExceptionHandlerExceptionResolver |Resolved [java.lang.NumberFormatException: null]
2020-12-10 11:21:45 |WARN  |http-nio-8080-exec-9 |AbstractHandlerExceptionResolver.java:207 |org.springframework.web.servlet.mvc.method.annotation.ExceptionHandlerExceptionResolver |Resolved [org.springframework.validation.BindException: org.springframework.validation.BeanPropertyBindingResult: 1 errors
Field error in object 'modelAndView' on field 'status': rejected value [32]; codes [typeMismatch.modelAndView.status,typeMismatch.status,typeMismatch.org.springframework.http.HttpStatus,typeMismatch]; arguments [org.springframework.context.support.DefaultMessageSourceResolvable: codes [modelAndView.status,status]; arguments []; default message [status]]; default message [Failed to convert property value of type 'java.lang.String' to required type 'org.springframework.http.HttpStatus' for property 'status'; nested exception is org.springframework.core.convert.ConversionFailedException: Failed to convert from type [java.lang.String] to type [@org.springframework.lang.Nullable org.springframework.http.HttpStatus] for value '32'; nested exception is java.lang.IllegalArgumentException: No enum constant org.springframework.http.HttpStatus.32]]
2020-12-10 11:27:02 |WARN  |restartedMain |ParameterDataTypeReader.java:92 |springfox.documentation.spring.web.readers.parameter.ParameterDataTypeReader |Trying to infer dataType java.lang.Integer[]
2020-12-10 11:28:27 |WARN  |http-nio-8080-exec-6 |AbstractHandlerExceptionResolver.java:207 |org.springframework.web.servlet.mvc.method.annotation.ExceptionHandlerExceptionResolver |Resolved [java.lang.NumberFormatException: null]
2020-12-10 11:28:27 |WARN  |http-nio-8080-exec-7 |AbstractHandlerExceptionResolver.java:207 |org.springframework.web.servlet.mvc.method.annotation.ExceptionHandlerExceptionResolver |Resolved [org.springframework.validation.BindException: org.springframework.validation.BeanPropertyBindingResult: 1 errors
Field error in object 'modelAndView' on field 'status': rejected value [32]; codes [typeMismatch.modelAndView.status,typeMismatch.status,typeMismatch.org.springframework.http.HttpStatus,typeMismatch]; arguments [org.springframework.context.support.DefaultMessageSourceResolvable: codes [modelAndView.status,status]; arguments []; default message [status]]; default message [Failed to convert property value of type 'java.lang.String' to required type 'org.springframework.http.HttpStatus' for property 'status'; nested exception is org.springframework.core.convert.ConversionFailedException: Failed to convert from type [java.lang.String] to type [@org.springframework.lang.Nullable org.springframework.http.HttpStatus] for value '32'; nested exception is java.lang.IllegalArgumentException: No enum constant org.springframework.http.HttpStatus.32]]
2020-12-10 11:30:45 |WARN  |restartedMain |ParameterDataTypeReader.java:92 |springfox.documentation.spring.web.readers.parameter.ParameterDataTypeReader |Trying to infer dataType java.lang.Integer[]
2020-12-10 11:31:20 |WARN  |http-nio-8080-exec-2 |AbstractHandlerExceptionResolver.java:207 |org.springframework.web.servlet.mvc.method.annotation.ExceptionHandlerExceptionResolver |Resolved [java.lang.NumberFormatException: null]
2020-12-10 11:31:20 |WARN  |http-nio-8080-exec-4 |AbstractHandlerExceptionResolver.java:207 |org.springframework.web.servlet.mvc.method.annotation.ExceptionHandlerExceptionResolver |Resolved [org.springframework.validation.BindException: org.springframework.validation.BeanPropertyBindingResult: 1 errors
Field error in object 'modelAndView' on field 'status': rejected value [32]; codes [typeMismatch.modelAndView.status,typeMismatch.status,typeMismatch.org.springframework.http.HttpStatus,typeMismatch]; arguments [org.springframework.context.support.DefaultMessageSourceResolvable: codes [modelAndView.status,status]; arguments []; default message [status]]; default message [Failed to convert property value of type 'java.lang.String' to required type 'org.springframework.http.HttpStatus' for property 'status'; nested exception is org.springframework.core.convert.ConversionFailedException: Failed to convert from type [java.lang.String] to type [@org.springframework.lang.Nullable org.springframework.http.HttpStatus] for value '32'; nested exception is java.lang.IllegalArgumentException: No enum constant org.springframework.http.HttpStatus.32]]
2020-12-10 11:36:51 |WARN  |restartedMain |ParameterDataTypeReader.java:92 |springfox.documentation.spring.web.readers.parameter.ParameterDataTypeReader |Trying to infer dataType java.lang.Integer[]
2020-12-10 11:38:12 |WARN  |http-nio-8080-exec-9 |AbstractHandlerExceptionResolver.java:207 |org.springframework.web.servlet.mvc.method.annotation.ExceptionHandlerExceptionResolver |Resolved [org.springframework.validation.BindException: org.springframework.validation.BeanPropertyBindingResult: 1 errors
Field error in object 'modelAndView' on field 'status': rejected value [32]; codes [typeMismatch.modelAndView.status,typeMismatch.status,typeMismatch.org.springframework.http.HttpStatus,typeMismatch]; arguments [org.springframework.context.support.DefaultMessageSourceResolvable: codes [modelAndView.status,status]; arguments []; default message [status]]; default message [Failed to convert property value of type 'java.lang.String' to required type 'org.springframework.http.HttpStatus' for property 'status'; nested exception is org.springframework.core.convert.ConversionFailedException: Failed to convert from type [java.lang.String] to type [@org.springframework.lang.Nullable org.springframework.http.HttpStatus] for value '32'; nested exception is java.lang.IllegalArgumentException: No enum constant org.springframework.http.HttpStatus.32]]
2020-12-10 12:01:40 |WARN  |restartedMain |ParameterDataTypeReader.java:92 |springfox.documentation.spring.web.readers.parameter.ParameterDataTypeReader |Trying to infer dataType java.lang.Integer[]
2020-12-10 13:07:23 |WARN  |restartedMain |ParameterDataTypeReader.java:92 |springfox.documentation.spring.web.readers.parameter.ParameterDataTypeReader |Trying to infer dataType java.lang.Integer[]
2020-12-10 13:40:00 |WARN  |restartedMain |ParameterDataTypeReader.java:92 |springfox.documentation.spring.web.readers.parameter.ParameterDataTypeReader |Trying to infer dataType java.lang.Integer[]
2020-12-10 15:33:07 |WARN  |restartedMain |ParameterDataTypeReader.java:92 |springfox.documentation.spring.web.readers.parameter.ParameterDataTypeReader |Trying to infer dataType java.lang.Integer[]
2020-12-10 15:47:26 |WARN  |restartedMain |ParameterDataTypeReader.java:92 |springfox.documentation.spring.web.readers.parameter.ParameterDataTypeReader |Trying to infer dataType java.lang.Integer[]
2020-12-10 16:11:48 |WARN  |restartedMain |ParameterDataTypeReader.java:92 |springfox.documentation.spring.web.readers.parameter.ParameterDataTypeReader |Trying to infer dataType java.lang.Integer[]
2020-12-10 16:33:55 |WARN  |restartedMain |ParameterDataTypeReader.java:92 |springfox.documentation.spring.web.readers.parameter.ParameterDataTypeReader |Trying to infer dataType java.lang.Integer[]
2020-12-10 16:34:24 |WARN  |http-nio-8080-exec-2 |AbstractHandlerExceptionResolver.java:207 |org.springframework.web.servlet.mvc.method.annotation.ExceptionHandlerExceptionResolver |Resolved [CarException(code=207, msg=根据id查询车辆为空)]
2020-12-10 16:36:15 |WARN  |restartedMain |ParameterDataTypeReader.java:92 |springfox.documentation.spring.web.readers.parameter.ParameterDataTypeReader |Trying to infer dataType java.lang.Integer[]
2020-12-10 16:44:50 |WARN  |restartedMain |ParameterDataTypeReader.java:92 |springfox.documentation.spring.web.readers.parameter.ParameterDataTypeReader |Trying to infer dataType java.lang.Integer[]
2020-12-10 16:53:52 |WARN  |restartedMain |ParameterDataTypeReader.java:92 |springfox.documentation.spring.web.readers.parameter.ParameterDataTypeReader |Trying to infer dataType java.lang.Integer[]
2020-12-10 16:58:19 |WARN  |restartedMain |ParameterDataTypeReader.java:92 |springfox.documentation.spring.web.readers.parameter.ParameterDataTypeReader |Trying to infer dataType java.lang.Integer[]
2020-12-10 17:14:33 |WARN  |restartedMain |ParameterDataTypeReader.java:92 |springfox.documentation.spring.web.readers.parameter.ParameterDataTypeReader |Trying to infer dataType java.lang.Integer[]
2020-12-10 17:25:15 |WARN  |restartedMain |ParameterDataTypeReader.java:92 |springfox.documentation.spring.web.readers.parameter.ParameterDataTypeReader |Trying to infer dataType java.lang.Integer[]
2020-12-10 19:09:24 |WARN  |restartedMain |ParameterDataTypeReader.java:92 |springfox.documentation.spring.web.readers.parameter.ParameterDataTypeReader |Trying to infer dataType java.lang.Integer[]
2020-12-10 19:14:06 |WARN  |restartedMain |ParameterDataTypeReader.java:92 |springfox.documentation.spring.web.readers.parameter.ParameterDataTypeReader |Trying to infer dataType java.lang.Integer[]
2020-12-10 19:21:54 |WARN  |restartedMain |ParameterDataTypeReader.java:92 |springfox.documentation.spring.web.readers.parameter.ParameterDataTypeReader |Trying to infer dataType java.lang.Integer[]
2020-12-10 19:23:24 |WARN  |restartedMain |ParameterDataTypeReader.java:92 |springfox.documentation.spring.web.readers.parameter.ParameterDataTypeReader |Trying to infer dataType java.lang.Integer[]
2020-12-10 19:42:59 |WARN  |restartedMain |ParameterDataTypeReader.java:92 |springfox.documentation.spring.web.readers.parameter.ParameterDataTypeReader |Trying to infer dataType java.lang.Integer[]
2020-12-10 19:44:37 |WARN  |http-nio-8080-exec-2 |AbstractHandlerExceptionResolver.java:207 |org.springframework.web.servlet.mvc.method.annotation.ExceptionHandlerExceptionResolver |Resolved [java.lang.NullPointerException]
2020-12-10 19:54:03 |WARN  |restartedMain |ParameterDataTypeReader.java:92 |springfox.documentation.spring.web.readers.parameter.ParameterDataTypeReader |Trying to infer dataType java.lang.Integer[]
2020-12-10 19:56:28 |WARN  |restartedMain |ParameterDataTypeReader.java:92 |springfox.documentation.spring.web.readers.parameter.ParameterDataTypeReader |Trying to infer dataType java.lang.Integer[]
2020-12-10 20:04:13 |WARN  |restartedMain |ParameterDataTypeReader.java:92 |springfox.documentation.spring.web.readers.parameter.ParameterDataTypeReader |Trying to infer dataType java.lang.Integer[]
2020-12-10 20:10:10 |WARN  |restartedMain |ParameterDataTypeReader.java:92 |springfox.documentation.spring.web.readers.parameter.ParameterDataTypeReader |Trying to infer dataType java.lang.Integer[]
2020-12-10 20:13:34 |WARN  |restartedMain |ParameterDataTypeReader.java:92 |springfox.documentation.spring.web.readers.parameter.ParameterDataTypeReader |Trying to infer dataType java.lang.Integer[]
2020-12-10 20:39:24 |WARN  |restartedMain |ParameterDataTypeReader.java:92 |springfox.documentation.spring.web.readers.parameter.ParameterDataTypeReader |Trying to infer dataType java.lang.Integer[]
2020-12-10 20:47:19 |WARN  |restartedMain |ParameterDataTypeReader.java:92 |springfox.documentation.spring.web.readers.parameter.ParameterDataTypeReader |Trying to infer dataType java.lang.Integer[]
2020-12-10 20:50:25 |WARN  |http-nio-8080-exec-6 |AbstractHandlerExceptionResolver.java:207 |org.springframework.web.servlet.mvc.method.annotation.ExceptionHandlerExceptionResolver |Resolved [org.springframework.dao.DataIntegrityViolationException: 
### Error updating database.  Cause: java.sql.SQLIntegrityConstraintViolationException: Cannot add or update a child row: a foreign key constraint fails (`myvehicle`.`vehiclefiles`, CONSTRAINT `colorid` FOREIGN KEY (`colorid`) REFERENCES `dictionary` (`id`))
### The error may exist in file [D:\ideaprojects\car\caradmin\target\classes\mapper\VehiclefilesMapper.xml]
### The error may involve com.woniuxy.caradmin.mapper.VehiclefilesMapper.addVehiclefiles-Inline
### The error occurred while setting parameters
### SQL: INSERT INTO vehiclefiles (vehiclenum,brandid,clazzid,typeid,colorid,seat,         did,loads,oilconsump,inimileage,servicemileage,purchasedate,purchaseprice,information,         frontimg,afterimg,available,statusid)VALUES (?,?,?,?,?,?,?,?,         ?,?,?,?,?,?,?,?,?,?)
### Cause: java.sql.SQLIntegrityConstraintViolationException: Cannot add or update a child row: a foreign key constraint fails (`myvehicle`.`vehiclefiles`, CONSTRAINT `colorid` FOREIGN KEY (`colorid`) REFERENCES `dictionary` (`id`))
; Cannot add or update a child row: a foreign key constraint fails (`myvehicle`.`vehiclefiles`, CONSTRAINT `colorid` FOREIGN KEY (`colorid`) REFERENCES `dictionary` (`id`)); nested exception is java.sql.SQLIntegrityConstraintViolationException: Cannot add or update a child row: a foreign key constraint fails (`myvehicle`.`vehiclefiles`, CONSTRAINT `colorid` FOREIGN KEY (`colorid`) REFERENCES `dictionary` (`id`))]
2020-12-10 20:54:39 |WARN  |restartedMain |ParameterDataTypeReader.java:92 |springfox.documentation.spring.web.readers.parameter.ParameterDataTypeReader |Trying to infer dataType java.lang.Integer[]
2020-12-10 20:56:22 |WARN  |http-nio-8080-exec-1 |AbstractHandlerExceptionResolver.java:207 |org.springframework.web.servlet.mvc.method.annotation.ExceptionHandlerExceptionResolver |Resolved [CarException(code=201, msg=失败)]
2020-12-10 20:56:28 |WARN  |http-nio-8080-exec-3 |AbstractHandlerExceptionResolver.java:207 |org.springframework.web.servlet.mvc.method.annotation.ExceptionHandlerExceptionResolver |Resolved [CarException(code=201, msg=失败)]
2020-12-10 20:56:36 |WARN  |http-nio-8080-exec-7 |AbstractHandlerExceptionResolver.java:207 |org.springframework.web.servlet.mvc.method.annotation.ExceptionHandlerExceptionResolver |Resolved [CarException(code=201, msg=失败)]
2020-12-10 20:58:11 |WARN  |http-nio-8080-exec-1 |AbstractHandlerExceptionResolver.java:207 |org.springframework.web.servlet.mvc.method.annotation.ExceptionHandlerExceptionResolver |Resolved [CarException(code=201, msg=失败)]
2020-12-10 21:41:09 |WARN  |restartedMain |ParameterDataTypeReader.java:92 |springfox.documentation.spring.web.readers.parameter.ParameterDataTypeReader |Trying to infer dataType java.lang.Integer[]
2020-12-10 21:43:51 |WARN  |restartedMain |ParameterDataTypeReader.java:92 |springfox.documentation.spring.web.readers.parameter.ParameterDataTypeReader |Trying to infer dataType java.lang.Integer[]
2020-12-10 21:44:28 |WARN  |http-nio-8080-exec-1 |AbstractHandlerExceptionResolver.java:207 |org.springframework.web.servlet.mvc.method.annotation.ExceptionHandlerExceptionResolver |Resolved [CarException(code=207, msg=根据id查询车辆为空)]
2020-12-10 21:44:59 |WARN  |http-nio-8080-exec-2 |AbstractHandlerExceptionResolver.java:207 |org.springframework.web.servlet.mvc.method.annotation.ExceptionHandlerExceptionResolver |Resolved [CarException(code=207, msg=根据id查询车辆为空)]
2020-12-10 21:48:03 |WARN  |http-nio-8080-exec-9 |AbstractHandlerExceptionResolver.java:207 |org.springframework.web.servlet.mvc.method.annotation.ExceptionHandlerExceptionResolver |Resolved [CarException(code=207, msg=根据id查询车辆为空)]
2020-12-10 21:50:57 |WARN  |restartedMain |ParameterDataTypeReader.java:92 |springfox.documentation.spring.web.readers.parameter.ParameterDataTypeReader |Trying to infer dataType java.lang.Integer[]
2020-12-10 21:51:25 |WARN  |http-nio-8080-exec-8 |AbstractHandlerExceptionResolver.java:207 |org.springframework.web.servlet.mvc.method.annotation.ExceptionHandlerExceptionResolver |Resolved [CarException(code=207, msg=根据id查询车辆为空)]
2020-12-10 21:54:21 |WARN  |http-nio-8080-exec-8 |AbstractHandlerExceptionResolver.java:207 |org.springframework.web.servlet.mvc.method.annotation.ExceptionHandlerExceptionResolver |Resolved [CarException(code=207, msg=根据id查询车辆为空)]
2020-12-10 21:54:55 |WARN  |restartedMain |ParameterDataTypeReader.java:92 |springfox.documentation.spring.web.readers.parameter.ParameterDataTypeReader |Trying to infer dataType java.lang.Integer[]
2020-12-10 22:00:12 |WARN  |restartedMain |ParameterDataTypeReader.java:92 |springfox.documentation.spring.web.readers.parameter.ParameterDataTypeReader |Trying to infer dataType java.lang.Integer[]
2020-12-10 22:08:04 |WARN  |restartedMain |ParameterDataTypeReader.java:92 |springfox.documentation.spring.web.readers.parameter.ParameterDataTypeReader |Trying to infer dataType java.lang.Integer[]
2020-12-10 22:14:34 |WARN  |restartedMain |ParameterDataTypeReader.java:92 |springfox.documentation.spring.web.readers.parameter.ParameterDataTypeReader |Trying to infer dataType java.lang.Integer[]
2020-12-10 22:21:40 |WARN  |restartedMain |ParameterDataTypeReader.java:92 |springfox.documentation.spring.web.readers.parameter.ParameterDataTypeReader |Trying to infer dataType java.lang.Integer[]
