2020-11-30 11:06:51 |ERROR |http-nio-80-exec-1 |GlobalExceptionHandler.java:18 |com.woniu.springboot.portals.exception.GlobalExceptionHandler |org.springframework.web.HttpRequestMethodNotSupportedException: Request method 'GET' not supported
	at org.springframework.web.servlet.mvc.method.RequestMappingInfoHandlerMapping.handleNoMatch(RequestMappingInfoHandlerMapping.java:250)
	at org.springframework.web.servlet.handler.AbstractHandlerMethodMapping.lookupHandlerMethod(AbstractHandlerMethodMapping.java:417)
	at org.springframework.web.servlet.handler.AbstractHandlerMethodMapping.getHandlerInternal(AbstractHandlerMethodMapping.java:364)
	at org.springframework.web.servlet.mvc.method.RequestMappingInfoHandlerMapping.getHandlerInternal(RequestMappingInfoHandlerMapping.java:123)
	at org.springframework.web.servlet.mvc.method.RequestMappingInfoHandlerMapping.getHandlerInternal(RequestMappingInfoHandlerMapping.java:66)
	at org.springframework.web.servlet.handler.AbstractHandlerMapping.getHandler(AbstractHandlerMapping.java:491)
	at org.springframework.web.servlet.DispatcherServlet.getHandler(DispatcherServlet.java:1255)
	at org.springframework.web.servlet.DispatcherServlet.doDispatch(DispatcherServlet.java:1037)
	at org.springframework.web.servlet.DispatcherServlet.doService(DispatcherServlet.java:961)
	at org.springframework.web.servlet.FrameworkServlet.processRequest(FrameworkServlet.java:1006)
	at org.springframework.web.servlet.FrameworkServlet.doGet(FrameworkServlet.java:898)
	at javax.servlet.http.HttpServlet.service(HttpServlet.java:626)
	at org.springframework.web.servlet.FrameworkServlet.service(FrameworkServlet.java:883)
	at javax.servlet.http.HttpServlet.service(HttpServlet.java:733)
	at org.apache.catalina.core.ApplicationFilterChain.internalDoFilter(ApplicationFilterChain.java:231)
	at org.apache.catalina.core.ApplicationFilterChain.doFilter(ApplicationFilterChain.java:166)
	at org.apache.tomcat.websocket.server.WsFilter.doFilter(WsFilter.java:53)
	at org.apache.catalina.core.ApplicationFilterChain.internalDoFilter(ApplicationFilterChain.java:193)
	at org.apache.catalina.core.ApplicationFilterChain.doFilter(ApplicationFilterChain.java:166)
	at com.alibaba.druid.support.http.WebStatFilter.doFilter(WebStatFilter.java:124)
	at org.apache.catalina.core.ApplicationFilterChain.internalDoFilter(ApplicationFilterChain.java:193)
	at org.apache.catalina.core.ApplicationFilterChain.doFilter(ApplicationFilterChain.java:166)
	at org.springframework.web.filter.RequestContextFilter.doFilterInternal(RequestContextFilter.java:100)
	at org.springframework.web.filter.OncePerRequestFilter.doFilter(OncePerRequestFilter.java:119)
	at org.apache.catalina.core.ApplicationFilterChain.internalDoFilter(ApplicationFilterChain.java:193)
	at org.apache.catalina.core.ApplicationFilterChain.doFilter(ApplicationFilterChain.java:166)
	at org.springframework.web.filter.FormContentFilter.doFilterInternal(FormContentFilter.java:93)
	at org.springframework.web.filter.OncePerRequestFilter.doFilter(OncePerRequestFilter.java:119)
	at org.apache.catalina.core.ApplicationFilterChain.internalDoFilter(ApplicationFilterChain.java:193)
	at org.apache.catalina.core.ApplicationFilterChain.doFilter(ApplicationFilterChain.java:166)
	at org.springframework.web.filter.CharacterEncodingFilter.doFilterInternal(CharacterEncodingFilter.java:201)
	at org.springframework.web.filter.OncePerRequestFilter.doFilter(OncePerRequestFilter.java:119)
	at org.apache.catalina.core.ApplicationFilterChain.internalDoFilter(ApplicationFilterChain.java:193)
	at org.apache.catalina.core.ApplicationFilterChain.doFilter(ApplicationFilterChain.java:166)
	at org.apache.catalina.core.StandardWrapperValve.invoke(StandardWrapperValve.java:202)
	at org.apache.catalina.core.StandardContextValve.invoke(StandardContextValve.java:97)
	at org.apache.catalina.authenticator.AuthenticatorBase.invoke(AuthenticatorBase.java:542)
	at org.apache.catalina.core.StandardHostValve.invoke(StandardHostValve.java:143)
	at org.apache.catalina.valves.ErrorReportValve.invoke(ErrorReportValve.java:92)
	at org.apache.catalina.core.StandardEngineValve.invoke(StandardEngineValve.java:78)
	at org.apache.catalina.connector.CoyoteAdapter.service(CoyoteAdapter.java:343)
	at org.apache.coyote.http11.Http11Processor.service(Http11Processor.java:374)
	at org.apache.coyote.AbstractProcessorLight.process(AbstractProcessorLight.java:65)
	at org.apache.coyote.AbstractProtocol$ConnectionHandler.process(AbstractProtocol.java:868)
	at org.apache.tomcat.util.net.NioEndpoint$SocketProcessor.doRun(NioEndpoint.java:1590)
	at org.apache.tomcat.util.net.SocketProcessorBase.run(SocketProcessorBase.java:49)
	at java.util.concurrent.ThreadPoolExecutor.runWorker(ThreadPoolExecutor.java:1142)
	at java.util.concurrent.ThreadPoolExecutor$Worker.run(ThreadPoolExecutor.java:617)
	at org.apache.tomcat.util.threads.TaskThread$WrappingRunnable.run(TaskThread.java:61)
	at java.lang.Thread.run(Thread.java:745)

2020-11-30 12:13:38 |ERROR |http-nio-80-exec-5 |DruidAbstractDataSource.java:1481 |com.alibaba.druid.pool.DruidAbstractDataSource |discard long time none received connection. , jdbcUrl : jdbc:mysql://localhost:3306/rbac?characterEncoding=utf8&useSSL=false&serverTimezone=Asia/Shanghai, jdbcUrl : jdbc:mysql://localhost:3306/rbac?characterEncoding=utf8&useSSL=false&serverTimezone=Asia/Shanghai, lastPacketReceivedIdleMillis : 94857
2020-11-30 12:13:38 |ERROR |http-nio-80-exec-5 |DruidAbstractDataSource.java:1481 |com.alibaba.druid.pool.DruidAbstractDataSource |discard long time none received connection. , jdbcUrl : jdbc:mysql://localhost:3306/rbac?characterEncoding=utf8&useSSL=false&serverTimezone=Asia/Shanghai, jdbcUrl : jdbc:mysql://localhost:3306/rbac?characterEncoding=utf8&useSSL=false&serverTimezone=Asia/Shanghai, lastPacketReceivedIdleMillis : 108545
2020-11-30 12:13:38 |ERROR |http-nio-80-exec-5 |DruidAbstractDataSource.java:1481 |com.alibaba.druid.pool.DruidAbstractDataSource |discard long time none received connection. , jdbcUrl : jdbc:mysql://localhost:3306/rbac?characterEncoding=utf8&useSSL=false&serverTimezone=Asia/Shanghai, jdbcUrl : jdbc:mysql://localhost:3306/rbac?characterEncoding=utf8&useSSL=false&serverTimezone=Asia/Shanghai, lastPacketReceivedIdleMillis : 108561
2020-11-30 12:13:38 |ERROR |http-nio-80-exec-5 |DruidAbstractDataSource.java:1481 |com.alibaba.druid.pool.DruidAbstractDataSource |discard long time none received connection. , jdbcUrl : jdbc:mysql://localhost:3306/rbac?characterEncoding=utf8&useSSL=false&serverTimezone=Asia/Shanghai, jdbcUrl : jdbc:mysql://localhost:3306/rbac?characterEncoding=utf8&useSSL=false&serverTimezone=Asia/Shanghai, lastPacketReceivedIdleMillis : 108568
2020-11-30 12:13:38 |ERROR |http-nio-80-exec-5 |DruidAbstractDataSource.java:1481 |com.alibaba.druid.pool.DruidAbstractDataSource |discard long time none received connection. , jdbcUrl : jdbc:mysql://localhost:3306/rbac?characterEncoding=utf8&useSSL=false&serverTimezone=Asia/Shanghai, jdbcUrl : jdbc:mysql://localhost:3306/rbac?characterEncoding=utf8&useSSL=false&serverTimezone=Asia/Shanghai, lastPacketReceivedIdleMillis : 108579
2020-11-30 12:13:38 |ERROR |http-nio-80-exec-5 |GlobalExceptionHandler.java:43 |com.woniu.springboot.portals.exception.GlobalExceptionHandler |K15Exception(code=204, msg=精品课程信息为空)
	at com.woniu.springboot.portals.controller.CourseController.getFineCourse(CourseController.java:30)
	at sun.reflect.NativeMethodAccessorImpl.invoke0(Native Method)
	at sun.reflect.NativeMethodAccessorImpl.invoke(NativeMethodAccessorImpl.java:62)
	at sun.reflect.DelegatingMethodAccessorImpl.invoke(DelegatingMethodAccessorImpl.java:43)
	at java.lang.reflect.Method.invoke(Method.java:497)
	at org.springframework.web.method.support.InvocableHandlerMethod.doInvoke(InvocableHandlerMethod.java:197)
	at org.springframework.web.method.support.InvocableHandlerMethod.invokeForRequest(InvocableHandlerMethod.java:141)
	at org.springframework.web.servlet.mvc.method.annotation.ServletInvocableHandlerMethod.invokeAndHandle(ServletInvocableHandlerMethod.java:106)
	at org.springframework.web.servlet.mvc.method.annotation.RequestMappingHandlerAdapter.invokeHandlerMethod(RequestMappingHandlerAdapter.java:893)
	at org.springframework.web.servlet.mvc.method.annotation.RequestMappingHandlerAdapter.handleInternal(RequestMappingHandlerAdapter.java:807)
	at org.springframework.web.servlet.mvc.method.AbstractHandlerMethodAdapter.handle(AbstractHandlerMethodAdapter.java:87)
	at org.springframework.web.servlet.DispatcherServlet.doDispatch(DispatcherServlet.java:1061)
	at org.springframework.web.servlet.DispatcherServlet.doService(DispatcherServlet.java:961)
	at org.springframework.web.servlet.FrameworkServlet.processRequest(FrameworkServlet.java:1006)
	at org.springframework.web.servlet.FrameworkServlet.doGet(FrameworkServlet.java:898)
	at javax.servlet.http.HttpServlet.service(HttpServlet.java:626)
	at org.springframework.web.servlet.FrameworkServlet.service(FrameworkServlet.java:883)
	at javax.servlet.http.HttpServlet.service(HttpServlet.java:733)
	at org.apache.catalina.core.ApplicationFilterChain.internalDoFilter(ApplicationFilterChain.java:231)
	at org.apache.catalina.core.ApplicationFilterChain.doFilter(ApplicationFilterChain.java:166)
	at org.apache.tomcat.websocket.server.WsFilter.doFilter(WsFilter.java:53)
	at org.apache.catalina.core.ApplicationFilterChain.internalDoFilter(ApplicationFilterChain.java:193)
	at org.apache.catalina.core.ApplicationFilterChain.doFilter(ApplicationFilterChain.java:166)
	at com.alibaba.druid.support.http.WebStatFilter.doFilter(WebStatFilter.java:124)
	at org.apache.catalina.core.ApplicationFilterChain.internalDoFilter(ApplicationFilterChain.java:193)
	at org.apache.catalina.core.ApplicationFilterChain.doFilter(ApplicationFilterChain.java:166)
	at org.springframework.web.filter.RequestContextFilter.doFilterInternal(RequestContextFilter.java:100)
	at org.springframework.web.filter.OncePerRequestFilter.doFilter(OncePerRequestFilter.java:119)
	at org.apache.catalina.core.ApplicationFilterChain.internalDoFilter(ApplicationFilterChain.java:193)
	at org.apache.catalina.core.ApplicationFilterChain.doFilter(ApplicationFilterChain.java:166)
	at org.springframework.web.filter.FormContentFilter.doFilterInternal(FormContentFilter.java:93)
	at org.springframework.web.filter.OncePerRequestFilter.doFilter(OncePerRequestFilter.java:119)
	at org.apache.catalina.core.ApplicationFilterChain.internalDoFilter(ApplicationFilterChain.java:193)
	at org.apache.catalina.core.ApplicationFilterChain.doFilter(ApplicationFilterChain.java:166)
	at org.springframework.web.filter.CharacterEncodingFilter.doFilterInternal(CharacterEncodingFilter.java:201)
	at org.springframework.web.filter.OncePerRequestFilter.doFilter(OncePerRequestFilter.java:119)
	at org.apache.catalina.core.ApplicationFilterChain.internalDoFilter(ApplicationFilterChain.java:193)
	at org.apache.catalina.core.ApplicationFilterChain.doFilter(ApplicationFilterChain.java:166)
	at org.apache.catalina.core.StandardWrapperValve.invoke(StandardWrapperValve.java:202)
	at org.apache.catalina.core.StandardContextValve.invoke(StandardContextValve.java:97)
	at org.apache.catalina.authenticator.AuthenticatorBase.invoke(AuthenticatorBase.java:542)
	at org.apache.catalina.core.StandardHostValve.invoke(StandardHostValve.java:143)
	at org.apache.catalina.valves.ErrorReportValve.invoke(ErrorReportValve.java:92)
	at org.apache.catalina.core.StandardEngineValve.invoke(StandardEngineValve.java:78)
	at org.apache.catalina.connector.CoyoteAdapter.service(CoyoteAdapter.java:343)
	at org.apache.coyote.http11.Http11Processor.service(Http11Processor.java:374)
	at org.apache.coyote.AbstractProcessorLight.process(AbstractProcessorLight.java:65)
	at org.apache.coyote.AbstractProtocol$ConnectionHandler.process(AbstractProtocol.java:868)
	at org.apache.tomcat.util.net.NioEndpoint$SocketProcessor.doRun(NioEndpoint.java:1590)
	at org.apache.tomcat.util.net.SocketProcessorBase.run(SocketProcessorBase.java:49)
	at java.util.concurrent.ThreadPoolExecutor.runWorker(ThreadPoolExecutor.java:1142)
	at java.util.concurrent.ThreadPoolExecutor$Worker.run(ThreadPoolExecutor.java:617)
	at org.apache.tomcat.util.threads.TaskThread$WrappingRunnable.run(TaskThread.java:61)
	at java.lang.Thread.run(Thread.java:745)

2020-11-30 12:19:30 |ERROR |http-nio-80-exec-6 |DruidAbstractDataSource.java:1481 |com.alibaba.druid.pool.DruidAbstractDataSource |discard long time none received connection. , jdbcUrl : jdbc:mysql://localhost:3306/rbac?characterEncoding=utf8&useSSL=false&serverTimezone=Asia/Shanghai, jdbcUrl : jdbc:mysql://localhost:3306/rbac?characterEncoding=utf8&useSSL=false&serverTimezone=Asia/Shanghai, lastPacketReceivedIdleMillis : 352239
2020-11-30 12:19:30 |ERROR |http-nio-80-exec-6 |GlobalExceptionHandler.java:43 |com.woniu.springboot.portals.exception.GlobalExceptionHandler |K15Exception(code=204, msg=精品课程信息为空)
	at com.woniu.springboot.portals.controller.CourseController.getFineCourse(CourseController.java:30)
	at sun.reflect.NativeMethodAccessorImpl.invoke0(Native Method)
	at sun.reflect.NativeMethodAccessorImpl.invoke(NativeMethodAccessorImpl.java:62)
	at sun.reflect.DelegatingMethodAccessorImpl.invoke(DelegatingMethodAccessorImpl.java:43)
	at java.lang.reflect.Method.invoke(Method.java:497)
	at org.springframework.web.method.support.InvocableHandlerMethod.doInvoke(InvocableHandlerMethod.java:197)
	at org.springframework.web.method.support.InvocableHandlerMethod.invokeForRequest(InvocableHandlerMethod.java:141)
	at org.springframework.web.servlet.mvc.method.annotation.ServletInvocableHandlerMethod.invokeAndHandle(ServletInvocableHandlerMethod.java:106)
	at org.springframework.web.servlet.mvc.method.annotation.RequestMappingHandlerAdapter.invokeHandlerMethod(RequestMappingHandlerAdapter.java:893)
	at org.springframework.web.servlet.mvc.method.annotation.RequestMappingHandlerAdapter.handleInternal(RequestMappingHandlerAdapter.java:807)
	at org.springframework.web.servlet.mvc.method.AbstractHandlerMethodAdapter.handle(AbstractHandlerMethodAdapter.java:87)
	at org.springframework.web.servlet.DispatcherServlet.doDispatch(DispatcherServlet.java:1061)
	at org.springframework.web.servlet.DispatcherServlet.doService(DispatcherServlet.java:961)
	at org.springframework.web.servlet.FrameworkServlet.processRequest(FrameworkServlet.java:1006)
	at org.springframework.web.servlet.FrameworkServlet.doGet(FrameworkServlet.java:898)
	at javax.servlet.http.HttpServlet.service(HttpServlet.java:626)
	at org.springframework.web.servlet.FrameworkServlet.service(FrameworkServlet.java:883)
	at javax.servlet.http.HttpServlet.service(HttpServlet.java:733)
	at org.apache.catalina.core.ApplicationFilterChain.internalDoFilter(ApplicationFilterChain.java:231)
	at org.apache.catalina.core.ApplicationFilterChain.doFilter(ApplicationFilterChain.java:166)
	at org.apache.tomcat.websocket.server.WsFilter.doFilter(WsFilter.java:53)
	at org.apache.catalina.core.ApplicationFilterChain.internalDoFilter(ApplicationFilterChain.java:193)
	at org.apache.catalina.core.ApplicationFilterChain.doFilter(ApplicationFilterChain.java:166)
	at com.alibaba.druid.support.http.WebStatFilter.doFilter(WebStatFilter.java:124)
	at org.apache.catalina.core.ApplicationFilterChain.internalDoFilter(ApplicationFilterChain.java:193)
	at org.apache.catalina.core.ApplicationFilterChain.doFilter(ApplicationFilterChain.java:166)
	at org.springframework.web.filter.RequestContextFilter.doFilterInternal(RequestContextFilter.java:100)
	at org.springframework.web.filter.OncePerRequestFilter.doFilter(OncePerRequestFilter.java:119)
	at org.apache.catalina.core.ApplicationFilterChain.internalDoFilter(ApplicationFilterChain.java:193)
	at org.apache.catalina.core.ApplicationFilterChain.doFilter(ApplicationFilterChain.java:166)
	at org.springframework.web.filter.FormContentFilter.doFilterInternal(FormContentFilter.java:93)
	at org.springframework.web.filter.OncePerRequestFilter.doFilter(OncePerRequestFilter.java:119)
	at org.apache.catalina.core.ApplicationFilterChain.internalDoFilter(ApplicationFilterChain.java:193)
	at org.apache.catalina.core.ApplicationFilterChain.doFilter(ApplicationFilterChain.java:166)
	at org.springframework.web.filter.CharacterEncodingFilter.doFilterInternal(CharacterEncodingFilter.java:201)
	at org.springframework.web.filter.OncePerRequestFilter.doFilter(OncePerRequestFilter.java:119)
	at org.apache.catalina.core.ApplicationFilterChain.internalDoFilter(ApplicationFilterChain.java:193)
	at org.apache.catalina.core.ApplicationFilterChain.doFilter(ApplicationFilterChain.java:166)
	at org.apache.catalina.core.StandardWrapperValve.invoke(StandardWrapperValve.java:202)
	at org.apache.catalina.core.StandardContextValve.invoke(StandardContextValve.java:97)
	at org.apache.catalina.authenticator.AuthenticatorBase.invoke(AuthenticatorBase.java:542)
	at org.apache.catalina.core.StandardHostValve.invoke(StandardHostValve.java:143)
	at org.apache.catalina.valves.ErrorReportValve.invoke(ErrorReportValve.java:92)
	at org.apache.catalina.core.StandardEngineValve.invoke(StandardEngineValve.java:78)
	at org.apache.catalina.connector.CoyoteAdapter.service(CoyoteAdapter.java:343)
	at org.apache.coyote.http11.Http11Processor.service(Http11Processor.java:374)
	at org.apache.coyote.AbstractProcessorLight.process(AbstractProcessorLight.java:65)
	at org.apache.coyote.AbstractProtocol$ConnectionHandler.process(AbstractProtocol.java:868)
	at org.apache.tomcat.util.net.NioEndpoint$SocketProcessor.doRun(NioEndpoint.java:1590)
	at org.apache.tomcat.util.net.SocketProcessorBase.run(SocketProcessorBase.java:49)
	at java.util.concurrent.ThreadPoolExecutor.runWorker(ThreadPoolExecutor.java:1142)
	at java.util.concurrent.ThreadPoolExecutor$Worker.run(ThreadPoolExecutor.java:617)
	at org.apache.tomcat.util.threads.TaskThread$WrappingRunnable.run(TaskThread.java:61)
	at java.lang.Thread.run(Thread.java:745)

2020-11-30 12:21:00 |ERROR |http-nio-80-exec-3 |GlobalExceptionHandler.java:43 |com.woniu.springboot.portals.exception.GlobalExceptionHandler |K15Exception(code=204, msg=精品课程信息为空)
	at com.woniu.springboot.portals.controller.CourseController.getFineCourse(CourseController.java:30)
	at sun.reflect.NativeMethodAccessorImpl.invoke0(Native Method)
	at sun.reflect.NativeMethodAccessorImpl.invoke(NativeMethodAccessorImpl.java:62)
	at sun.reflect.DelegatingMethodAccessorImpl.invoke(DelegatingMethodAccessorImpl.java:43)
	at java.lang.reflect.Method.invoke(Method.java:497)
	at org.springframework.web.method.support.InvocableHandlerMethod.doInvoke(InvocableHandlerMethod.java:197)
	at org.springframework.web.method.support.InvocableHandlerMethod.invokeForRequest(InvocableHandlerMethod.java:141)
	at org.springframework.web.servlet.mvc.method.annotation.ServletInvocableHandlerMethod.invokeAndHandle(ServletInvocableHandlerMethod.java:106)
	at org.springframework.web.servlet.mvc.method.annotation.RequestMappingHandlerAdapter.invokeHandlerMethod(RequestMappingHandlerAdapter.java:893)
	at org.springframework.web.servlet.mvc.method.annotation.RequestMappingHandlerAdapter.handleInternal(RequestMappingHandlerAdapter.java:807)
	at org.springframework.web.servlet.mvc.method.AbstractHandlerMethodAdapter.handle(AbstractHandlerMethodAdapter.java:87)
	at org.springframework.web.servlet.DispatcherServlet.doDispatch(DispatcherServlet.java:1061)
	at org.springframework.web.servlet.DispatcherServlet.doService(DispatcherServlet.java:961)
	at org.springframework.web.servlet.FrameworkServlet.processRequest(FrameworkServlet.java:1006)
	at org.springframework.web.servlet.FrameworkServlet.doGet(FrameworkServlet.java:898)
	at javax.servlet.http.HttpServlet.service(HttpServlet.java:626)
	at org.springframework.web.servlet.FrameworkServlet.service(FrameworkServlet.java:883)
	at javax.servlet.http.HttpServlet.service(HttpServlet.java:733)
	at org.apache.catalina.core.ApplicationFilterChain.internalDoFilter(ApplicationFilterChain.java:231)
	at org.apache.catalina.core.ApplicationFilterChain.doFilter(ApplicationFilterChain.java:166)
	at org.apache.tomcat.websocket.server.WsFilter.doFilter(WsFilter.java:53)
	at org.apache.catalina.core.ApplicationFilterChain.internalDoFilter(ApplicationFilterChain.java:193)
	at org.apache.catalina.core.ApplicationFilterChain.doFilter(ApplicationFilterChain.java:166)
	at com.alibaba.druid.support.http.WebStatFilter.doFilter(WebStatFilter.java:124)
	at org.apache.catalina.core.ApplicationFilterChain.internalDoFilter(ApplicationFilterChain.java:193)
	at org.apache.catalina.core.ApplicationFilterChain.doFilter(ApplicationFilterChain.java:166)
	at org.springframework.web.filter.RequestContextFilter.doFilterInternal(RequestContextFilter.java:100)
	at org.springframework.web.filter.OncePerRequestFilter.doFilter(OncePerRequestFilter.java:119)
	at org.apache.catalina.core.ApplicationFilterChain.internalDoFilter(ApplicationFilterChain.java:193)
	at org.apache.catalina.core.ApplicationFilterChain.doFilter(ApplicationFilterChain.java:166)
	at org.springframework.web.filter.FormContentFilter.doFilterInternal(FormContentFilter.java:93)
	at org.springframework.web.filter.OncePerRequestFilter.doFilter(OncePerRequestFilter.java:119)
	at org.apache.catalina.core.ApplicationFilterChain.internalDoFilter(ApplicationFilterChain.java:193)
	at org.apache.catalina.core.ApplicationFilterChain.doFilter(ApplicationFilterChain.java:166)
	at org.springframework.web.filter.CharacterEncodingFilter.doFilterInternal(CharacterEncodingFilter.java:201)
	at org.springframework.web.filter.OncePerRequestFilter.doFilter(OncePerRequestFilter.java:119)
	at org.apache.catalina.core.ApplicationFilterChain.internalDoFilter(ApplicationFilterChain.java:193)
	at org.apache.catalina.core.ApplicationFilterChain.doFilter(ApplicationFilterChain.java:166)
	at org.apache.catalina.core.StandardWrapperValve.invoke(StandardWrapperValve.java:202)
	at org.apache.catalina.core.StandardContextValve.invoke(StandardContextValve.java:97)
	at org.apache.catalina.authenticator.AuthenticatorBase.invoke(AuthenticatorBase.java:542)
	at org.apache.catalina.core.StandardHostValve.invoke(StandardHostValve.java:143)
	at org.apache.catalina.valves.ErrorReportValve.invoke(ErrorReportValve.java:92)
	at org.apache.catalina.core.StandardEngineValve.invoke(StandardEngineValve.java:78)
	at org.apache.catalina.connector.CoyoteAdapter.service(CoyoteAdapter.java:343)
	at org.apache.coyote.http11.Http11Processor.service(Http11Processor.java:374)
	at org.apache.coyote.AbstractProcessorLight.process(AbstractProcessorLight.java:65)
	at org.apache.coyote.AbstractProtocol$ConnectionHandler.process(AbstractProtocol.java:868)
	at org.apache.tomcat.util.net.NioEndpoint$SocketProcessor.doRun(NioEndpoint.java:1590)
	at org.apache.tomcat.util.net.SocketProcessorBase.run(SocketProcessorBase.java:49)
	at java.util.concurrent.ThreadPoolExecutor.runWorker(ThreadPoolExecutor.java:1142)
	at java.util.concurrent.ThreadPoolExecutor$Worker.run(ThreadPoolExecutor.java:617)
	at org.apache.tomcat.util.threads.TaskThread$WrappingRunnable.run(TaskThread.java:61)
	at java.lang.Thread.run(Thread.java:745)

2020-11-30 20:09:49 |ERROR |http-nio-80-exec-8 |DruidAbstractDataSource.java:1481 |com.alibaba.druid.pool.DruidAbstractDataSource |discard long time none received connection. , jdbcUrl : jdbc:mysql://localhost:3306/rbac?characterEncoding=utf8&useSSL=false&serverTimezone=Asia/Shanghai, jdbcUrl : jdbc:mysql://localhost:3306/rbac?characterEncoding=utf8&useSSL=false&serverTimezone=Asia/Shanghai, lastPacketReceivedIdleMillis : 442170
2020-11-30 20:15:42 |ERROR |http-nio-80-exec-10 |DruidAbstractDataSource.java:1481 |com.alibaba.druid.pool.DruidAbstractDataSource |discard long time none received connection. , jdbcUrl : jdbc:mysql://localhost:3306/rbac?characterEncoding=utf8&useSSL=false&serverTimezone=Asia/Shanghai, jdbcUrl : jdbc:mysql://localhost:3306/rbac?characterEncoding=utf8&useSSL=false&serverTimezone=Asia/Shanghai, lastPacketReceivedIdleMillis : 281988
2020-11-30 20:15:42 |ERROR |http-nio-80-exec-10 |DruidAbstractDataSource.java:1481 |com.alibaba.druid.pool.DruidAbstractDataSource |discard long time none received connection. , jdbcUrl : jdbc:mysql://localhost:3306/rbac?characterEncoding=utf8&useSSL=false&serverTimezone=Asia/Shanghai, jdbcUrl : jdbc:mysql://localhost:3306/rbac?characterEncoding=utf8&useSSL=false&serverTimezone=Asia/Shanghai, lastPacketReceivedIdleMillis : 794738
2020-11-30 20:15:42 |ERROR |http-nio-80-exec-10 |DruidAbstractDataSource.java:1481 |com.alibaba.druid.pool.DruidAbstractDataSource |discard long time none received connection. , jdbcUrl : jdbc:mysql://localhost:3306/rbac?characterEncoding=utf8&useSSL=false&serverTimezone=Asia/Shanghai, jdbcUrl : jdbc:mysql://localhost:3306/rbac?characterEncoding=utf8&useSSL=false&serverTimezone=Asia/Shanghai, lastPacketReceivedIdleMillis : 794745
2020-11-30 20:15:42 |ERROR |http-nio-80-exec-10 |DruidAbstractDataSource.java:1481 |com.alibaba.druid.pool.DruidAbstractDataSource |discard long time none received connection. , jdbcUrl : jdbc:mysql://localhost:3306/rbac?characterEncoding=utf8&useSSL=false&serverTimezone=Asia/Shanghai, jdbcUrl : jdbc:mysql://localhost:3306/rbac?characterEncoding=utf8&useSSL=false&serverTimezone=Asia/Shanghai, lastPacketReceivedIdleMillis : 794753
2020-11-30 20:17:10 |ERROR |http-nio-80-exec-7 |DruidAbstractDataSource.java:1481 |com.alibaba.druid.pool.DruidAbstractDataSource |discard long time none received connection. , jdbcUrl : jdbc:mysql://localhost:3306/rbac?characterEncoding=utf8&useSSL=false&serverTimezone=Asia/Shanghai, jdbcUrl : jdbc:mysql://localhost:3306/rbac?characterEncoding=utf8&useSSL=false&serverTimezone=Asia/Shanghai, lastPacketReceivedIdleMillis : 74092
2020-11-30 20:17:10 |ERROR |http-nio-80-exec-7 |DruidAbstractDataSource.java:1481 |com.alibaba.druid.pool.DruidAbstractDataSource |discard long time none received connection. , jdbcUrl : jdbc:mysql://localhost:3306/rbac?characterEncoding=utf8&useSSL=false&serverTimezone=Asia/Shanghai, jdbcUrl : jdbc:mysql://localhost:3306/rbac?characterEncoding=utf8&useSSL=false&serverTimezone=Asia/Shanghai, lastPacketReceivedIdleMillis : 883029
2020-11-30 20:18:12 |ERROR |http-nio-80-exec-9 |DruidAbstractDataSource.java:1481 |com.alibaba.druid.pool.DruidAbstractDataSource |discard long time none received connection. , jdbcUrl : jdbc:mysql://localhost:3306/rbac?characterEncoding=utf8&useSSL=false&serverTimezone=Asia/Shanghai, jdbcUrl : jdbc:mysql://localhost:3306/rbac?characterEncoding=utf8&useSSL=false&serverTimezone=Asia/Shanghai, lastPacketReceivedIdleMillis : 60341
2020-11-30 20:36:34 |ERROR |http-nio-80-exec-4 |DruidAbstractDataSource.java:1481 |com.alibaba.druid.pool.DruidAbstractDataSource |discard long time none received connection. , jdbcUrl : jdbc:mysql://localhost:3306/rbac?characterEncoding=utf8&useSSL=false&serverTimezone=Asia/Shanghai, jdbcUrl : jdbc:mysql://localhost:3306/rbac?characterEncoding=utf8&useSSL=false&serverTimezone=Asia/Shanghai, lastPacketReceivedIdleMillis : 1101854
2020-11-30 23:19:06 |ERROR |http-nio-80-exec-1 |DruidAbstractDataSource.java:1481 |com.alibaba.druid.pool.DruidAbstractDataSource |discard long time none received connection. , jdbcUrl : jdbc:mysql://localhost:3306/rbac?characterEncoding=utf8&useSSL=false&serverTimezone=Asia/Shanghai, jdbcUrl : jdbc:mysql://localhost:3306/rbac?characterEncoding=utf8&useSSL=false&serverTimezone=Asia/Shanghai, lastPacketReceivedIdleMillis : 1125458
2020-11-30 23:19:06 |ERROR |http-nio-80-exec-3 |DruidAbstractDataSource.java:1481 |com.alibaba.druid.pool.DruidAbstractDataSource |discard long time none received connection. , jdbcUrl : jdbc:mysql://localhost:3306/rbac?characterEncoding=utf8&useSSL=false&serverTimezone=Asia/Shanghai, jdbcUrl : jdbc:mysql://localhost:3306/rbac?characterEncoding=utf8&useSSL=false&serverTimezone=Asia/Shanghai, lastPacketReceivedIdleMillis : 1116861
2020-11-30 23:19:06 |ERROR |http-nio-80-exec-1 |DruidAbstractDataSource.java:1481 |com.alibaba.druid.pool.DruidAbstractDataSource |discard long time none received connection. , jdbcUrl : jdbc:mysql://localhost:3306/rbac?characterEncoding=utf8&useSSL=false&serverTimezone=Asia/Shanghai, jdbcUrl : jdbc:mysql://localhost:3306/rbac?characterEncoding=utf8&useSSL=false&serverTimezone=Asia/Shanghai, lastPacketReceivedIdleMillis : 1125504
2020-11-30 23:23:22 |ERROR |http-nio-80-exec-4 |DruidAbstractDataSource.java:1481 |com.alibaba.druid.pool.DruidAbstractDataSource |discard long time none received connection. , jdbcUrl : jdbc:mysql://localhost:3306/rbac?characterEncoding=utf8&useSSL=false&serverTimezone=Asia/Shanghai, jdbcUrl : jdbc:mysql://localhost:3306/rbac?characterEncoding=utf8&useSSL=false&serverTimezone=Asia/Shanghai, lastPacketReceivedIdleMillis : 143807
2020-11-30 23:23:22 |ERROR |http-nio-80-exec-4 |DruidAbstractDataSource.java:1481 |com.alibaba.druid.pool.DruidAbstractDataSource |discard long time none received connection. , jdbcUrl : jdbc:mysql://localhost:3306/rbac?characterEncoding=utf8&useSSL=false&serverTimezone=Asia/Shanghai, jdbcUrl : jdbc:mysql://localhost:3306/rbac?characterEncoding=utf8&useSSL=false&serverTimezone=Asia/Shanghai, lastPacketReceivedIdleMillis : 181873
2020-11-30 23:23:22 |ERROR |http-nio-80-exec-4 |DruidAbstractDataSource.java:1481 |com.alibaba.druid.pool.DruidAbstractDataSource |discard long time none received connection. , jdbcUrl : jdbc:mysql://localhost:3306/rbac?characterEncoding=utf8&useSSL=false&serverTimezone=Asia/Shanghai, jdbcUrl : jdbc:mysql://localhost:3306/rbac?characterEncoding=utf8&useSSL=false&serverTimezone=Asia/Shanghai, lastPacketReceivedIdleMillis : 1381506
2020-11-30 23:23:22 |ERROR |http-nio-80-exec-4 |DruidAbstractDataSource.java:1481 |com.alibaba.druid.pool.DruidAbstractDataSource |discard long time none received connection. , jdbcUrl : jdbc:mysql://localhost:3306/rbac?characterEncoding=utf8&useSSL=false&serverTimezone=Asia/Shanghai, jdbcUrl : jdbc:mysql://localhost:3306/rbac?characterEncoding=utf8&useSSL=false&serverTimezone=Asia/Shanghai, lastPacketReceivedIdleMillis : 1381516
2020-11-30 23:29:46 |ERROR |http-nio-80-exec-9 |DruidAbstractDataSource.java:1481 |com.alibaba.druid.pool.DruidAbstractDataSource |discard long time none received connection. , jdbcUrl : jdbc:mysql://localhost:3306/rbac?characterEncoding=utf8&useSSL=false&serverTimezone=Asia/Shanghai, jdbcUrl : jdbc:mysql://localhost:3306/rbac?characterEncoding=utf8&useSSL=false&serverTimezone=Asia/Shanghai, lastPacketReceivedIdleMillis : 326380
