2020-12-03 09:20:32 |ERROR |http-nio-80-exec-3 |GlobalExceptionHandler.java:43 |com.woniu.springboot.portals.exception.GlobalExceptionHandler |K15Exception(code=501, msg=token为空)
	at com.woniu.springboot.portals.interceptor.JwtInterceptor.preHandle(JwtInterceptor.java:29)
	at org.springframework.web.servlet.HandlerExecutionChain.applyPreHandle(HandlerExecutionChain.java:148)
	at org.springframework.web.servlet.DispatcherServlet.doDispatch(DispatcherServlet.java:1056)
	at org.springframework.web.servlet.DispatcherServlet.doService(DispatcherServlet.java:961)
	at org.springframework.web.servlet.FrameworkServlet.processRequest(FrameworkServlet.java:1006)
	at org.springframework.web.servlet.FrameworkServlet.doGet(FrameworkServlet.java:898)
	at javax.servlet.http.HttpServlet.service(HttpServlet.java:626)
	at org.springframework.web.servlet.FrameworkServlet.service(FrameworkServlet.java:883)
	at javax.servlet.http.HttpServlet.service(HttpServlet.java:733)
	at org.apache.catalina.core.ApplicationFilterChain.internalDoFilter(ApplicationFilterChain.java:231)
	at org.apache.catalina.core.ApplicationFilterChain.doFilter(ApplicationFilterChain.java:166)
	at org.apache.tomcat.websocket.server.WsFilter.doFilter(WsFilter.java:53)
	at org.apache.catalina.core.ApplicationFilterChain.internalDoFilter(ApplicationFilterChain.java:193)
	at org.apache.catalina.core.ApplicationFilterChain.doFilter(ApplicationFilterChain.java:166)
	at com.alibaba.druid.support.http.WebStatFilter.doFilter(WebStatFilter.java:124)
	at org.apache.catalina.core.ApplicationFilterChain.internalDoFilter(ApplicationFilterChain.java:193)
	at org.apache.catalina.core.ApplicationFilterChain.doFilter(ApplicationFilterChain.java:166)
	at org.springframework.web.filter.RequestContextFilter.doFilterInternal(RequestContextFilter.java:100)
	at org.springframework.web.filter.OncePerRequestFilter.doFilter(OncePerRequestFilter.java:119)
	at org.apache.catalina.core.ApplicationFilterChain.internalDoFilter(ApplicationFilterChain.java:193)
	at org.apache.catalina.core.ApplicationFilterChain.doFilter(ApplicationFilterChain.java:166)
	at org.springframework.web.filter.FormContentFilter.doFilterInternal(FormContentFilter.java:93)
	at org.springframework.web.filter.OncePerRequestFilter.doFilter(OncePerRequestFilter.java:119)
	at org.apache.catalina.core.ApplicationFilterChain.internalDoFilter(ApplicationFilterChain.java:193)
	at org.apache.catalina.core.ApplicationFilterChain.doFilter(ApplicationFilterChain.java:166)
	at org.springframework.web.filter.CharacterEncodingFilter.doFilterInternal(CharacterEncodingFilter.java:201)
	at org.springframework.web.filter.OncePerRequestFilter.doFilter(OncePerRequestFilter.java:119)
	at org.apache.catalina.core.ApplicationFilterChain.internalDoFilter(ApplicationFilterChain.java:193)
	at org.apache.catalina.core.ApplicationFilterChain.doFilter(ApplicationFilterChain.java:166)
	at org.apache.catalina.core.StandardWrapperValve.invoke(StandardWrapperValve.java:202)
	at org.apache.catalina.core.StandardContextValve.invoke(StandardContextValve.java:97)
	at org.apache.catalina.authenticator.AuthenticatorBase.invoke(AuthenticatorBase.java:542)
	at org.apache.catalina.core.StandardHostValve.invoke(StandardHostValve.java:143)
	at org.apache.catalina.valves.ErrorReportValve.invoke(ErrorReportValve.java:92)
	at org.apache.catalina.core.StandardEngineValve.invoke(StandardEngineValve.java:78)
	at org.apache.catalina.connector.CoyoteAdapter.service(CoyoteAdapter.java:343)
	at org.apache.coyote.http11.Http11Processor.service(Http11Processor.java:374)
	at org.apache.coyote.AbstractProcessorLight.process(AbstractProcessorLight.java:65)
	at org.apache.coyote.AbstractProtocol$ConnectionHandler.process(AbstractProtocol.java:868)
	at org.apache.tomcat.util.net.NioEndpoint$SocketProcessor.doRun(NioEndpoint.java:1590)
	at org.apache.tomcat.util.net.SocketProcessorBase.run(SocketProcessorBase.java:49)
	at java.util.concurrent.ThreadPoolExecutor.runWorker(ThreadPoolExecutor.java:1142)
	at java.util.concurrent.ThreadPoolExecutor$Worker.run(ThreadPoolExecutor.java:617)
	at org.apache.tomcat.util.threads.TaskThread$WrappingRunnable.run(TaskThread.java:61)
	at java.lang.Thread.run(Thread.java:745)

2020-12-03 09:22:39 |ERROR |http-nio-80-exec-6 |GlobalExceptionHandler.java:43 |com.woniu.springboot.portals.exception.GlobalExceptionHandler |K15Exception(code=501, msg=token为空)
	at com.woniu.springboot.portals.interceptor.JwtInterceptor.preHandle(JwtInterceptor.java:29)
	at org.springframework.web.servlet.HandlerExecutionChain.applyPreHandle(HandlerExecutionChain.java:148)
	at org.springframework.web.servlet.DispatcherServlet.doDispatch(DispatcherServlet.java:1056)
	at org.springframework.web.servlet.DispatcherServlet.doService(DispatcherServlet.java:961)
	at org.springframework.web.servlet.FrameworkServlet.processRequest(FrameworkServlet.java:1006)
	at org.springframework.web.servlet.FrameworkServlet.doGet(FrameworkServlet.java:898)
	at javax.servlet.http.HttpServlet.service(HttpServlet.java:626)
	at org.springframework.web.servlet.FrameworkServlet.service(FrameworkServlet.java:883)
	at javax.servlet.http.HttpServlet.service(HttpServlet.java:733)
	at org.apache.catalina.core.ApplicationFilterChain.internalDoFilter(ApplicationFilterChain.java:231)
	at org.apache.catalina.core.ApplicationFilterChain.doFilter(ApplicationFilterChain.java:166)
	at org.apache.tomcat.websocket.server.WsFilter.doFilter(WsFilter.java:53)
	at org.apache.catalina.core.ApplicationFilterChain.internalDoFilter(ApplicationFilterChain.java:193)
	at org.apache.catalina.core.ApplicationFilterChain.doFilter(ApplicationFilterChain.java:166)
	at com.alibaba.druid.support.http.WebStatFilter.doFilter(WebStatFilter.java:124)
	at org.apache.catalina.core.ApplicationFilterChain.internalDoFilter(ApplicationFilterChain.java:193)
	at org.apache.catalina.core.ApplicationFilterChain.doFilter(ApplicationFilterChain.java:166)
	at org.springframework.web.filter.RequestContextFilter.doFilterInternal(RequestContextFilter.java:100)
	at org.springframework.web.filter.OncePerRequestFilter.doFilter(OncePerRequestFilter.java:119)
	at org.apache.catalina.core.ApplicationFilterChain.internalDoFilter(ApplicationFilterChain.java:193)
	at org.apache.catalina.core.ApplicationFilterChain.doFilter(ApplicationFilterChain.java:166)
	at org.springframework.web.filter.FormContentFilter.doFilterInternal(FormContentFilter.java:93)
	at org.springframework.web.filter.OncePerRequestFilter.doFilter(OncePerRequestFilter.java:119)
	at org.apache.catalina.core.ApplicationFilterChain.internalDoFilter(ApplicationFilterChain.java:193)
	at org.apache.catalina.core.ApplicationFilterChain.doFilter(ApplicationFilterChain.java:166)
	at org.springframework.web.filter.CharacterEncodingFilter.doFilterInternal(CharacterEncodingFilter.java:201)
	at org.springframework.web.filter.OncePerRequestFilter.doFilter(OncePerRequestFilter.java:119)
	at org.apache.catalina.core.ApplicationFilterChain.internalDoFilter(ApplicationFilterChain.java:193)
	at org.apache.catalina.core.ApplicationFilterChain.doFilter(ApplicationFilterChain.java:166)
	at org.apache.catalina.core.StandardWrapperValve.invoke(StandardWrapperValve.java:202)
	at org.apache.catalina.core.StandardContextValve.invoke(StandardContextValve.java:97)
	at org.apache.catalina.authenticator.AuthenticatorBase.invoke(AuthenticatorBase.java:542)
	at org.apache.catalina.core.StandardHostValve.invoke(StandardHostValve.java:143)
	at org.apache.catalina.valves.ErrorReportValve.invoke(ErrorReportValve.java:92)
	at org.apache.catalina.core.StandardEngineValve.invoke(StandardEngineValve.java:78)
	at org.apache.catalina.connector.CoyoteAdapter.service(CoyoteAdapter.java:343)
	at org.apache.coyote.http11.Http11Processor.service(Http11Processor.java:374)
	at org.apache.coyote.AbstractProcessorLight.process(AbstractProcessorLight.java:65)
	at org.apache.coyote.AbstractProtocol$ConnectionHandler.process(AbstractProtocol.java:868)
	at org.apache.tomcat.util.net.NioEndpoint$SocketProcessor.doRun(NioEndpoint.java:1590)
	at org.apache.tomcat.util.net.SocketProcessorBase.run(SocketProcessorBase.java:49)
	at java.util.concurrent.ThreadPoolExecutor.runWorker(ThreadPoolExecutor.java:1142)
	at java.util.concurrent.ThreadPoolExecutor$Worker.run(ThreadPoolExecutor.java:617)
	at org.apache.tomcat.util.threads.TaskThread$WrappingRunnable.run(TaskThread.java:61)
	at java.lang.Thread.run(Thread.java:745)

2020-12-03 09:22:51 |ERROR |http-nio-80-exec-7 |DruidAbstractDataSource.java:1481 |com.alibaba.druid.pool.DruidAbstractDataSource |discard long time none received connection. , jdbcUrl : jdbc:mysql://localhost:3306/rbac?characterEncoding=utf8&useSSL=false&serverTimezone=Asia/Shanghai, jdbcUrl : jdbc:mysql://localhost:3306/rbac?characterEncoding=utf8&useSSL=false&serverTimezone=Asia/Shanghai, lastPacketReceivedIdleMillis : 137381
2020-12-03 09:22:51 |ERROR |http-nio-80-exec-7 |DruidAbstractDataSource.java:1481 |com.alibaba.druid.pool.DruidAbstractDataSource |discard long time none received connection. , jdbcUrl : jdbc:mysql://localhost:3306/rbac?characterEncoding=utf8&useSSL=false&serverTimezone=Asia/Shanghai, jdbcUrl : jdbc:mysql://localhost:3306/rbac?characterEncoding=utf8&useSSL=false&serverTimezone=Asia/Shanghai, lastPacketReceivedIdleMillis : 137434
2020-12-03 09:22:51 |ERROR |http-nio-80-exec-7 |DruidAbstractDataSource.java:1481 |com.alibaba.druid.pool.DruidAbstractDataSource |discard long time none received connection. , jdbcUrl : jdbc:mysql://localhost:3306/rbac?characterEncoding=utf8&useSSL=false&serverTimezone=Asia/Shanghai, jdbcUrl : jdbc:mysql://localhost:3306/rbac?characterEncoding=utf8&useSSL=false&serverTimezone=Asia/Shanghai, lastPacketReceivedIdleMillis : 137529
2020-12-03 09:22:51 |ERROR |http-nio-80-exec-7 |DruidAbstractDataSource.java:1481 |com.alibaba.druid.pool.DruidAbstractDataSource |discard long time none received connection. , jdbcUrl : jdbc:mysql://localhost:3306/rbac?characterEncoding=utf8&useSSL=false&serverTimezone=Asia/Shanghai, jdbcUrl : jdbc:mysql://localhost:3306/rbac?characterEncoding=utf8&useSSL=false&serverTimezone=Asia/Shanghai, lastPacketReceivedIdleMillis : 137548
2020-12-03 09:22:51 |ERROR |http-nio-80-exec-7 |DruidAbstractDataSource.java:1481 |com.alibaba.druid.pool.DruidAbstractDataSource |discard long time none received connection. , jdbcUrl : jdbc:mysql://localhost:3306/rbac?characterEncoding=utf8&useSSL=false&serverTimezone=Asia/Shanghai, jdbcUrl : jdbc:mysql://localhost:3306/rbac?characterEncoding=utf8&useSSL=false&serverTimezone=Asia/Shanghai, lastPacketReceivedIdleMillis : 137556
2020-12-03 09:29:45 |ERROR |http-nio-80-exec-5 |DruidAbstractDataSource.java:1481 |com.alibaba.druid.pool.DruidAbstractDataSource |discard long time none received connection. , jdbcUrl : jdbc:mysql://localhost:3306/rbac?characterEncoding=utf8&useSSL=false&serverTimezone=Asia/Shanghai, jdbcUrl : jdbc:mysql://localhost:3306/rbac?characterEncoding=utf8&useSSL=false&serverTimezone=Asia/Shanghai, lastPacketReceivedIdleMillis : 382244
2020-12-03 09:29:45 |ERROR |http-nio-80-exec-4 |DruidAbstractDataSource.java:1481 |com.alibaba.druid.pool.DruidAbstractDataSource |discard long time none received connection. , jdbcUrl : jdbc:mysql://localhost:3306/rbac?characterEncoding=utf8&useSSL=false&serverTimezone=Asia/Shanghai, jdbcUrl : jdbc:mysql://localhost:3306/rbac?characterEncoding=utf8&useSSL=false&serverTimezone=Asia/Shanghai, lastPacketReceivedIdleMillis : 380853
2020-12-03 09:30:58 |ERROR |http-nio-80-exec-8 |DruidAbstractDataSource.java:1481 |com.alibaba.druid.pool.DruidAbstractDataSource |discard long time none received connection. , jdbcUrl : jdbc:mysql://localhost:3306/rbac?characterEncoding=utf8&useSSL=false&serverTimezone=Asia/Shanghai, jdbcUrl : jdbc:mysql://localhost:3306/rbac?characterEncoding=utf8&useSSL=false&serverTimezone=Asia/Shanghai, lastPacketReceivedIdleMillis : 69435
2020-12-03 09:32:16 |ERROR |http-nio-80-exec-1 |DruidAbstractDataSource.java:1481 |com.alibaba.druid.pool.DruidAbstractDataSource |discard long time none received connection. , jdbcUrl : jdbc:mysql://localhost:3306/rbac?characterEncoding=utf8&useSSL=false&serverTimezone=Asia/Shanghai, jdbcUrl : jdbc:mysql://localhost:3306/rbac?characterEncoding=utf8&useSSL=false&serverTimezone=Asia/Shanghai, lastPacketReceivedIdleMillis : 60640
2020-12-03 09:32:16 |ERROR |http-nio-80-exec-10 |DruidAbstractDataSource.java:1481 |com.alibaba.druid.pool.DruidAbstractDataSource |discard long time none received connection. , jdbcUrl : jdbc:mysql://localhost:3306/rbac?characterEncoding=utf8&useSSL=false&serverTimezone=Asia/Shanghai, jdbcUrl : jdbc:mysql://localhost:3306/rbac?characterEncoding=utf8&useSSL=false&serverTimezone=Asia/Shanghai, lastPacketReceivedIdleMillis : 77148
2020-12-03 09:34:50 |ERROR |http-nio-80-exec-3 |DruidAbstractDataSource.java:1481 |com.alibaba.druid.pool.DruidAbstractDataSource |discard long time none received connection. , jdbcUrl : jdbc:mysql://localhost:3306/rbac?characterEncoding=utf8&useSSL=false&serverTimezone=Asia/Shanghai, jdbcUrl : jdbc:mysql://localhost:3306/rbac?characterEncoding=utf8&useSSL=false&serverTimezone=Asia/Shanghai, lastPacketReceivedIdleMillis : 117228
2020-12-03 09:34:50 |ERROR |http-nio-80-exec-3 |DruidAbstractDataSource.java:1481 |com.alibaba.druid.pool.DruidAbstractDataSource |discard long time none received connection. , jdbcUrl : jdbc:mysql://localhost:3306/rbac?characterEncoding=utf8&useSSL=false&serverTimezone=Asia/Shanghai, jdbcUrl : jdbc:mysql://localhost:3306/rbac?characterEncoding=utf8&useSSL=false&serverTimezone=Asia/Shanghai, lastPacketReceivedIdleMillis : 135087
